{"/home/eiat/projects/oremus-expo/app/(tabs)/qibla.tsx": {"path":"/home/eiat/projects/oremus-expo/app/(tabs)/qibla.tsx","statementMap":{"0":{"start":{"line":13,"column":33},"end":{"line":13,"column":34}},"1":{"start":{"line":14,"column":38},"end":{"line":14,"column":41}},"2":{"start":{"line":15,"column":43},"end":{"line":15,"column":46}},"3":{"start":{"line":20,"column":2},"end":{"line":20,"column":62}},"4":{"start":{"line":20,"column":42},"end":{"line":20,"column":60}},"5":{"start":{"line":24,"column":2},"end":{"line":30,"column":4}},"6":{"start":{"line":34,"column":17},"end":{"line":34,"column":28}},"7":{"start":{"line":35,"column":33},"end":{"line":35,"column":46}},"8":{"start":{"line":36,"column":32},"end":{"line":36,"column":82}},"9":{"start":{"line":37,"column":34},"end":{"line":37,"column":84}},"10":{"start":{"line":38,"column":29},"end":{"line":38,"column":42}},"11":{"start":{"line":39,"column":23},"end":{"line":39,"column":50}},"12":{"start":{"line":40,"column":34},"end":{"line":40,"column":96}},"13":{"start":{"line":41,"column":35},"end":{"line":41,"column":62}},"14":{"start":{"line":42,"column":36},"end":{"line":42,"column":81}},"15":{"start":{"line":43,"column":52},"end":{"line":43,"column":87}},"16":{"start":{"line":54,"column":6},"end":{"line":54,"column":32}},"17":{"start":{"line":56,"column":17},"end":{"line":60,"column":6}},"18":{"start":{"line":61,"column":26},"end":{"line":63,"column":23}},"19":{"start":{"line":64,"column":20},"end":{"line":64,"column":77}},"20":{"start":{"line":65,"column":25},"end":{"line":65,"column":97}},"21":{"start":{"line":66,"column":15},"end":{"line":66,"column":61}},"22":{"start":{"line":67,"column":21},"end":{"line":67,"column":77}},"23":{"start":{"line":68,"column":22},"end":{"line":68,"column":57}},"24":{"start":{"line":69,"column":23},"end":{"line":71,"column":3}},"25":{"start":{"line":72,"column":35},"end":{"line":77,"column":4}},"26":{"start":{"line":95,"column":6},"end":{"line":95,"column":25}},"27":{"start":{"line":97,"column":33},"end":{"line":97,"column":65}},"28":{"start":{"line":98,"column":33},"end":{"line":98,"column":70}},"29":{"start":{"line":99,"column":25},"end":{"line":99,"column":61}},"30":{"start":{"line":100,"column":35},"end":{"line":100,"column":48}},"31":{"start":{"line":101,"column":41},"end":{"line":101,"column":68}},"32":{"start":{"line":102,"column":43},"end":{"line":102,"column":70}},"33":{"start":{"line":103,"column":38},"end":{"line":103,"column":65}},"34":{"start":{"line":104,"column":40},"end":{"line":104,"column":67}},"35":{"start":{"line":105,"column":44},"end":{"line":105,"column":71}},"36":{"start":{"line":106,"column":38},"end":{"line":106,"column":51}},"37":{"start":{"line":107,"column":40},"end":{"line":107,"column":53}},"38":{"start":{"line":108,"column":39},"end":{"line":108,"column":52}},"39":{"start":{"line":110,"column":2},"end":{"line":113,"column":40}},"40":{"start":{"line":111,"column":4},"end":{"line":111,"column":53}},"41":{"start":{"line":112,"column":4},"end":{"line":112,"column":55}},"42":{"start":{"line":115,"column":33},"end":{"line":143,"column":3}},"43":{"start":{"line":124,"column":6},"end":{"line":130,"column":7}},"44":{"start":{"line":125,"column":20},"end":{"line":125,"column":82}},"45":{"start":{"line":126,"column":8},"end":{"line":129,"column":11}},"46":{"start":{"line":132,"column":6},"end":{"line":134,"column":7}},"47":{"start":{"line":133,"column":8},"end":{"line":133,"column":15}},"48":{"start":{"line":136,"column":6},"end":{"line":140,"column":9}},"49":{"start":{"line":145,"column":2},"end":{"line":152,"column":39}},"50":{"start":{"line":146,"column":4},"end":{"line":148,"column":5}},"51":{"start":{"line":147,"column":6},"end":{"line":147,"column":13}},"52":{"start":{"line":150,"column":4},"end":{"line":150,"column":44}},"53":{"start":{"line":151,"column":4},"end":{"line":151,"column":50}},"54":{"start":{"line":154,"column":28},"end":{"line":203,"column":3}},"55":{"start":{"line":156,"column":6},"end":{"line":158,"column":7}},"56":{"start":{"line":157,"column":8},"end":{"line":157,"column":15}},"57":{"start":{"line":160,"column":6},"end":{"line":166,"column":8}},"58":{"start":{"line":168,"column":6},"end":{"line":171,"column":7}},"59":{"start":{"line":169,"column":8},"end":{"line":169,"column":52}},"60":{"start":{"line":170,"column":8},"end":{"line":170,"column":45}},"61":{"start":{"line":173,"column":6},"end":{"line":173,"column":39}},"62":{"start":{"line":174,"column":6},"end":{"line":174,"column":40}},"63":{"start":{"line":176,"column":6},"end":{"line":191,"column":7}},"64":{"start":{"line":177,"column":8},"end":{"line":180,"column":11}},"65":{"start":{"line":182,"column":8},"end":{"line":182,"column":43}},"66":{"start":{"line":183,"column":8},"end":{"line":183,"column":37}},"67":{"start":{"line":184,"column":8},"end":{"line":190,"column":11}},"68":{"start":{"line":205,"column":30},"end":{"line":216,"column":26}},"69":{"start":{"line":206,"column":4},"end":{"line":208,"column":5}},"70":{"start":{"line":207,"column":6},"end":{"line":207,"column":52}},"71":{"start":{"line":209,"column":4},"end":{"line":215,"column":43}},"72":{"start":{"line":210,"column":6},"end":{"line":210,"column":45}},"73":{"start":{"line":211,"column":6},"end":{"line":214,"column":9}},"74":{"start":{"line":218,"column":2},"end":{"line":246,"column":5}},"75":{"start":{"line":219,"column":4},"end":{"line":221,"column":5}},"76":{"start":{"line":220,"column":6},"end":{"line":220,"column":13}},"77":{"start":{"line":223,"column":4},"end":{"line":237,"column":5}},"78":{"start":{"line":224,"column":6},"end":{"line":224,"column":44}},"79":{"start":{"line":225,"column":6},"end":{"line":235,"column":7}},"80":{"start":{"line":226,"column":8},"end":{"line":234,"column":11}},"81":{"start":{"line":236,"column":6},"end":{"line":236,"column":37}},"82":{"start":{"line":248,"column":2},"end":{"line":259,"column":65}},"83":{"start":{"line":249,"column":4},"end":{"line":251,"column":5}},"84":{"start":{"line":250,"column":6},"end":{"line":250,"column":13}},"85":{"start":{"line":253,"column":4},"end":{"line":253,"column":47}},"86":{"start":{"line":254,"column":4},"end":{"line":258,"column":7}},"87":{"start":{"line":261,"column":2},"end":{"line":303,"column":5}},"88":{"start":{"line":262,"column":4},"end":{"line":268,"column":5}},"89":{"start":{"line":267,"column":6},"end":{"line":267,"column":13}},"90":{"start":{"line":271,"column":6},"end":{"line":275,"column":39}},"91":{"start":{"line":276,"column":26},"end":{"line":276,"column":102}},"92":{"start":{"line":277,"column":4},"end":{"line":279,"column":5}},"93":{"start":{"line":278,"column":6},"end":{"line":278,"column":13}},"94":{"start":{"line":281,"column":4},"end":{"line":281,"column":59}},"95":{"start":{"line":282,"column":4},"end":{"line":295,"column":7}},"96":{"start":{"line":305,"column":2},"end":{"line":343,"column":5}},"97":{"start":{"line":306,"column":4},"end":{"line":308,"column":5}},"98":{"start":{"line":307,"column":6},"end":{"line":307,"column":13}},"99":{"start":{"line":311,"column":6},"end":{"line":315,"column":41}},"100":{"start":{"line":316,"column":26},"end":{"line":316,"column":106}},"101":{"start":{"line":317,"column":4},"end":{"line":319,"column":5}},"102":{"start":{"line":318,"column":6},"end":{"line":318,"column":13}},"103":{"start":{"line":321,"column":4},"end":{"line":321,"column":61}},"104":{"start":{"line":322,"column":4},"end":{"line":335,"column":7}},"105":{"start":{"line":345,"column":2},"end":{"line":370,"column":93}},"106":{"start":{"line":346,"column":4},"end":{"line":348,"column":5}},"107":{"start":{"line":347,"column":6},"end":{"line":347,"column":13}},"108":{"start":{"line":350,"column":23},"end":{"line":354,"column":15}},"109":{"start":{"line":355,"column":4},"end":{"line":357,"column":5}},"110":{"start":{"line":356,"column":6},"end":{"line":356,"column":13}},"111":{"start":{"line":359,"column":4},"end":{"line":359,"column":53}},"112":{"start":{"line":360,"column":4},"end":{"line":369,"column":6}},"113":{"start":{"line":372,"column":2},"end":{"line":393,"column":97}},"114":{"start":{"line":373,"column":4},"end":{"line":375,"column":5}},"115":{"start":{"line":374,"column":6},"end":{"line":374,"column":13}},"116":{"start":{"line":377,"column":23},"end":{"line":381,"column":15}},"117":{"start":{"line":382,"column":4},"end":{"line":384,"column":5}},"118":{"start":{"line":383,"column":6},"end":{"line":383,"column":13}},"119":{"start":{"line":386,"column":4},"end":{"line":386,"column":55}},"120":{"start":{"line":387,"column":4},"end":{"line":392,"column":7}},"121":{"start":{"line":395,"column":2},"end":{"line":413,"column":72}},"122":{"start":{"line":396,"column":4},"end":{"line":399,"column":5}},"123":{"start":{"line":397,"column":6},"end":{"line":397,"column":52}},"124":{"start":{"line":398,"column":6},"end":{"line":398,"column":13}},"125":{"start":{"line":401,"column":4},"end":{"line":407,"column":5}},"126":{"start":{"line":402,"column":6},"end":{"line":402,"column":51}},"127":{"start":{"line":403,"column":6},"end":{"line":405,"column":9}},"128":{"start":{"line":406,"column":6},"end":{"line":406,"column":13}},"129":{"start":{"line":409,"column":4},"end":{"line":412,"column":5}},"130":{"start":{"line":410,"column":6},"end":{"line":410,"column":52}},"131":{"start":{"line":411,"column":6},"end":{"line":411,"column":51}},"132":{"start":{"line":416,"column":4},"end":{"line":419,"column":45}},"133":{"start":{"line":421,"column":2},"end":{"line":504,"column":5}},"134":{"start":{"line":422,"column":4},"end":{"line":431,"column":5}},"135":{"start":{"line":423,"column":6},"end":{"line":423,"column":35}},"136":{"start":{"line":424,"column":6},"end":{"line":427,"column":7}},"137":{"start":{"line":425,"column":8},"end":{"line":425,"column":52}},"138":{"start":{"line":426,"column":8},"end":{"line":426,"column":45}},"139":{"start":{"line":428,"column":6},"end":{"line":428,"column":34}},"140":{"start":{"line":429,"column":6},"end":{"line":429,"column":41}},"141":{"start":{"line":430,"column":6},"end":{"line":430,"column":13}},"142":{"start":{"line":433,"column":4},"end":{"line":465,"column":5}},"143":{"start":{"line":434,"column":6},"end":{"line":436,"column":7}},"144":{"start":{"line":435,"column":8},"end":{"line":435,"column":15}},"145":{"start":{"line":438,"column":6},"end":{"line":438,"column":40}},"146":{"start":{"line":439,"column":6},"end":{"line":439,"column":42}},"147":{"start":{"line":440,"column":6},"end":{"line":462,"column":40}},"148":{"start":{"line":441,"column":8},"end":{"line":441,"column":45}},"149":{"start":{"line":442,"column":34},"end":{"line":442,"column":74}},"150":{"start":{"line":443,"column":8},"end":{"line":450,"column":9}},"151":{"start":{"line":448,"column":10},"end":{"line":448,"column":39}},"152":{"start":{"line":449,"column":10},"end":{"line":449,"column":17}},"153":{"start":{"line":452,"column":8},"end":{"line":460,"column":9}},"154":{"start":{"line":453,"column":10},"end":{"line":453,"column":54}},"155":{"start":{"line":454,"column":10},"end":{"line":459,"column":13}},"156":{"start":{"line":461,"column":8},"end":{"line":461,"column":34}},"157":{"start":{"line":464,"column":6},"end":{"line":464,"column":13}},"158":{"start":{"line":468,"column":6},"end":{"line":470,"column":43}},"159":{"start":{"line":472,"column":4},"end":{"line":485,"column":5}},"160":{"start":{"line":473,"column":6},"end":{"line":484,"column":9}},"161":{"start":{"line":487,"column":4},"end":{"line":487,"column":33}},"162":{"start":{"line":488,"column":4},"end":{"line":491,"column":5}},"163":{"start":{"line":489,"column":6},"end":{"line":489,"column":50}},"164":{"start":{"line":490,"column":6},"end":{"line":490,"column":43}},"165":{"start":{"line":492,"column":4},"end":{"line":492,"column":32}},"166":{"start":{"line":493,"column":4},"end":{"line":493,"column":49}},"167":{"start":{"line":506,"column":2},"end":{"line":512,"column":9}},"168":{"start":{"line":507,"column":4},"end":{"line":511,"column":6}},"169":{"start":{"line":508,"column":6},"end":{"line":510,"column":7}},"170":{"start":{"line":509,"column":8},"end":{"line":509,"column":52}},"171":{"start":{"line":514,"column":2},"end":{"line":520,"column":9}},"172":{"start":{"line":515,"column":4},"end":{"line":519,"column":6}},"173":{"start":{"line":516,"column":6},"end":{"line":518,"column":7}},"174":{"start":{"line":517,"column":8},"end":{"line":517,"column":54}},"175":{"start":{"line":522,"column":2},"end":{"line":543,"column":59}},"176":{"start":{"line":523,"column":25},"end":{"line":538,"column":6}},"177":{"start":{"line":524,"column":6},"end":{"line":526,"column":7}},"178":{"start":{"line":525,"column":8},"end":{"line":525,"column":15}},"179":{"start":{"line":528,"column":31},"end":{"line":528,"column":76}},"180":{"start":{"line":529,"column":6},"end":{"line":529,"column":48}},"181":{"start":{"line":530,"column":6},"end":{"line":537,"column":9}},"182":{"start":{"line":531,"column":8},"end":{"line":534,"column":9}},"183":{"start":{"line":532,"column":10},"end":{"line":532,"column":57}},"184":{"start":{"line":533,"column":10},"end":{"line":533,"column":17}},"185":{"start":{"line":536,"column":8},"end":{"line":536,"column":57}},"186":{"start":{"line":540,"column":4},"end":{"line":542,"column":6}},"187":{"start":{"line":541,"column":6},"end":{"line":541,"column":28}},"188":{"start":{"line":545,"column":40},"end":{"line":558,"column":3}},"189":{"start":{"line":546,"column":4},"end":{"line":556,"column":5}},"190":{"start":{"line":547,"column":6},"end":{"line":555,"column":9}},"191":{"start":{"line":557,"column":4},"end":{"line":557,"column":36}},"192":{"start":{"line":561,"column":4},"end":{"line":564,"column":26}},"193":{"start":{"line":566,"column":29},"end":{"line":569,"column":8}},"194":{"start":{"line":567,"column":4},"end":{"line":567,"column":58}},"195":{"start":{"line":568,"column":4},"end":{"line":568,"column":32}},"196":{"start":{"line":571,"column":2},"end":{"line":647,"column":4}},"197":{"start":{"line":592,"column":10},"end":{"line":592,"column":47}},"198":{"start":{"line":595,"column":10},"end":{"line":605,"column":11}},"199":{"start":{"line":596,"column":12},"end":{"line":604,"column":15}},"200":{"start":{"line":606,"column":10},"end":{"line":606,"column":43}},"201":{"start":{"line":609,"column":29},"end":{"line":609,"column":72}},"202":{"start":{"line":610,"column":10},"end":{"line":612,"column":11}},"203":{"start":{"line":611,"column":12},"end":{"line":611,"column":19}},"204":{"start":{"line":614,"column":10},"end":{"line":614,"column":65}},"205":{"start":{"line":615,"column":10},"end":{"line":619,"column":13}},"206":{"start":{"line":622,"column":10},"end":{"line":622,"column":39}},"207":{"start":{"line":625,"column":10},"end":{"line":625,"column":41}},"208":{"start":{"line":628,"column":10},"end":{"line":630,"column":11}},"209":{"start":{"line":629,"column":12},"end":{"line":629,"column":26}},"210":{"start":{"line":633,"column":10},"end":{"line":633,"column":26}},"211":{"start":{"line":635,"column":38},"end":{"line":635,"column":81}},"212":{"start":{"line":636,"column":39},"end":{"line":636,"column":81}},"213":{"start":{"line":643,"column":32},"end":{"line":643,"column":59}},"214":{"start":{"line":662,"column":35},"end":{"line":662,"column":54}},"215":{"start":{"line":665,"column":4},"end":{"line":665,"column":30}},"216":{"start":{"line":669,"column":4},"end":{"line":671,"column":5}},"217":{"start":{"line":670,"column":6},"end":{"line":670,"column":89}},"218":{"start":{"line":675,"column":4},"end":{"line":677,"column":5}},"219":{"start":{"line":676,"column":6},"end":{"line":676,"column":67}},"220":{"start":{"line":678,"column":4},"end":{"line":678,"column":31}},"221":{"start":{"line":683,"column":2},"end":{"line":711,"column":4}},"222":{"start":{"line":714,"column":15},"end":{"line":748,"column":2}},"223":{"start":{"line":753,"column":17},"end":{"line":753,"column":28}},"224":{"start":{"line":754,"column":23},"end":{"line":758,"column":14}},"225":{"start":{"line":755,"column":4},"end":{"line":757,"column":5}},"226":{"start":{"line":756,"column":6},"end":{"line":756,"column":20}},"227":{"start":{"line":760,"column":2},"end":{"line":764,"column":4}}},"fnMap":{"0":{"name":"toTitleCase","decl":{"start":{"line":19,"column":9},"end":{"line":19,"column":20}},"loc":{"start":{"line":19,"column":36},"end":{"line":21,"column":1}},"line":19},"1":{"name":"(anonymous_1)","decl":{"start":{"line":20,"column":32},"end":{"line":20,"column":33}},"loc":{"start":{"line":20,"column":42},"end":{"line":20,"column":60}},"line":20},"2":{"name":"isPrayerName","decl":{"start":{"line":23,"column":9},"end":{"line":23,"column":21}},"loc":{"start":{"line":23,"column":70},"end":{"line":31,"column":1}},"line":23},"3":{"name":"QiblaScreen","decl":{"start":{"line":33,"column":9},"end":{"line":33,"column":20}},"loc":{"start":{"line":33,"column":23},"end":{"line":648,"column":1}},"line":33},"4":{"name":"(anonymous_4)","decl":{"start":{"line":110,"column":12},"end":{"line":110,"column":13}},"loc":{"start":{"line":110,"column":18},"end":{"line":113,"column":3}},"line":110},"5":{"name":"(anonymous_5)","decl":{"start":{"line":116,"column":4},"end":{"line":116,"column":5}},"loc":{"start":{"line":123,"column":9},"end":{"line":141,"column":5}},"line":123},"6":{"name":"(anonymous_6)","decl":{"start":{"line":145,"column":12},"end":{"line":145,"column":13}},"loc":{"start":{"line":145,"column":18},"end":{"line":152,"column":3}},"line":145},"7":{"name":"(anonymous_7)","decl":{"start":{"line":155,"column":4},"end":{"line":155,"column":5}},"loc":{"start":{"line":155,"column":36},"end":{"line":192,"column":5}},"line":155},"8":{"name":"(anonymous_8)","decl":{"start":{"line":205,"column":48},"end":{"line":205,"column":49}},"loc":{"start":{"line":205,"column":54},"end":{"line":216,"column":3}},"line":205},"9":{"name":"(anonymous_9)","decl":{"start":{"line":209,"column":49},"end":{"line":209,"column":50}},"loc":{"start":{"line":209,"column":55},"end":{"line":215,"column":5}},"line":209},"10":{"name":"(anonymous_10)","decl":{"start":{"line":218,"column":12},"end":{"line":218,"column":13}},"loc":{"start":{"line":218,"column":18},"end":{"line":238,"column":3}},"line":218},"11":{"name":"(anonymous_11)","decl":{"start":{"line":248,"column":12},"end":{"line":248,"column":13}},"loc":{"start":{"line":248,"column":18},"end":{"line":259,"column":3}},"line":248},"12":{"name":"(anonymous_12)","decl":{"start":{"line":261,"column":12},"end":{"line":261,"column":13}},"loc":{"start":{"line":261,"column":18},"end":{"line":296,"column":3}},"line":261},"13":{"name":"(anonymous_13)","decl":{"start":{"line":305,"column":12},"end":{"line":305,"column":13}},"loc":{"start":{"line":305,"column":18},"end":{"line":336,"column":3}},"line":305},"14":{"name":"(anonymous_14)","decl":{"start":{"line":345,"column":12},"end":{"line":345,"column":13}},"loc":{"start":{"line":345,"column":18},"end":{"line":370,"column":3}},"line":345},"15":{"name":"(anonymous_15)","decl":{"start":{"line":372,"column":12},"end":{"line":372,"column":13}},"loc":{"start":{"line":372,"column":18},"end":{"line":393,"column":3}},"line":372},"16":{"name":"(anonymous_16)","decl":{"start":{"line":395,"column":12},"end":{"line":395,"column":13}},"loc":{"start":{"line":395,"column":18},"end":{"line":413,"column":3}},"line":395},"17":{"name":"(anonymous_17)","decl":{"start":{"line":421,"column":12},"end":{"line":421,"column":13}},"loc":{"start":{"line":421,"column":18},"end":{"line":494,"column":3}},"line":421},"18":{"name":"(anonymous_18)","decl":{"start":{"line":440,"column":49},"end":{"line":440,"column":50}},"loc":{"start":{"line":440,"column":55},"end":{"line":462,"column":7}},"line":440},"19":{"name":"(anonymous_19)","decl":{"start":{"line":506,"column":12},"end":{"line":506,"column":13}},"loc":{"start":{"line":506,"column":18},"end":{"line":512,"column":3}},"line":506},"20":{"name":"(anonymous_20)","decl":{"start":{"line":507,"column":11},"end":{"line":507,"column":12}},"loc":{"start":{"line":507,"column":17},"end":{"line":511,"column":5}},"line":507},"21":{"name":"(anonymous_21)","decl":{"start":{"line":514,"column":12},"end":{"line":514,"column":13}},"loc":{"start":{"line":514,"column":18},"end":{"line":520,"column":3}},"line":514},"22":{"name":"(anonymous_22)","decl":{"start":{"line":515,"column":11},"end":{"line":515,"column":12}},"loc":{"start":{"line":515,"column":17},"end":{"line":519,"column":5}},"line":515},"23":{"name":"(anonymous_23)","decl":{"start":{"line":522,"column":12},"end":{"line":522,"column":13}},"loc":{"start":{"line":522,"column":18},"end":{"line":543,"column":3}},"line":522},"24":{"name":"(anonymous_24)","decl":{"start":{"line":523,"column":61},"end":{"line":523,"column":62}},"loc":{"start":{"line":523,"column":76},"end":{"line":538,"column":5}},"line":523},"25":{"name":"(anonymous_25)","decl":{"start":{"line":530,"column":31},"end":{"line":530,"column":32}},"loc":{"start":{"line":530,"column":51},"end":{"line":537,"column":7}},"line":530},"26":{"name":"(anonymous_26)","decl":{"start":{"line":540,"column":11},"end":{"line":540,"column":12}},"loc":{"start":{"line":540,"column":17},"end":{"line":542,"column":5}},"line":540},"27":{"name":"(anonymous_27)","decl":{"start":{"line":545,"column":40},"end":{"line":545,"column":41}},"loc":{"start":{"line":545,"column":52},"end":{"line":558,"column":3}},"line":545},"28":{"name":"(anonymous_28)","decl":{"start":{"line":566,"column":47},"end":{"line":566,"column":48}},"loc":{"start":{"line":566,"column":90},"end":{"line":569,"column":3}},"line":566},"29":{"name":"(anonymous_29)","decl":{"start":{"line":591,"column":35},"end":{"line":591,"column":36}},"loc":{"start":{"line":591,"column":41},"end":{"line":593,"column":9}},"line":591},"30":{"name":"(anonymous_30)","decl":{"start":{"line":594,"column":37},"end":{"line":594,"column":38}},"loc":{"start":{"line":594,"column":43},"end":{"line":607,"column":9}},"line":594},"31":{"name":"(anonymous_31)","decl":{"start":{"line":608,"column":35},"end":{"line":608,"column":36}},"loc":{"start":{"line":608,"column":48},"end":{"line":620,"column":9}},"line":608},"32":{"name":"(anonymous_32)","decl":{"start":{"line":621,"column":30},"end":{"line":621,"column":31}},"loc":{"start":{"line":621,"column":36},"end":{"line":623,"column":9}},"line":621},"33":{"name":"(anonymous_33)","decl":{"start":{"line":624,"column":32},"end":{"line":624,"column":33}},"loc":{"start":{"line":624,"column":38},"end":{"line":626,"column":9}},"line":624},"34":{"name":"(anonymous_34)","decl":{"start":{"line":627,"column":17},"end":{"line":627,"column":18}},"loc":{"start":{"line":627,"column":23},"end":{"line":631,"column":9}},"line":627},"35":{"name":"(anonymous_35)","decl":{"start":{"line":632,"column":31},"end":{"line":632,"column":32}},"loc":{"start":{"line":632,"column":37},"end":{"line":634,"column":9}},"line":632},"36":{"name":"(anonymous_36)","decl":{"start":{"line":635,"column":32},"end":{"line":635,"column":33}},"loc":{"start":{"line":635,"column":38},"end":{"line":635,"column":81}},"line":635},"37":{"name":"(anonymous_37)","decl":{"start":{"line":636,"column":33},"end":{"line":636,"column":34}},"loc":{"start":{"line":636,"column":39},"end":{"line":636,"column":81}},"line":636},"38":{"name":"(anonymous_38)","decl":{"start":{"line":643,"column":26},"end":{"line":643,"column":27}},"loc":{"start":{"line":643,"column":32},"end":{"line":643,"column":59}},"line":643},"39":{"name":"(anonymous_39)","decl":{"start":{"line":664,"column":2},"end":{"line":664,"column":3}},"loc":{"start":{"line":664,"column":61},"end":{"line":666,"column":3}},"line":664},"40":{"name":"(anonymous_40)","decl":{"start":{"line":668,"column":2},"end":{"line":668,"column":3}},"loc":{"start":{"line":668,"column":34},"end":{"line":672,"column":3}},"line":668},"41":{"name":"(anonymous_41)","decl":{"start":{"line":674,"column":2},"end":{"line":674,"column":3}},"loc":{"start":{"line":674,"column":11},"end":{"line":679,"column":3}},"line":674},"42":{"name":"QiblaErrorFallback","decl":{"start":{"line":682,"column":9},"end":{"line":682,"column":27}},"loc":{"start":{"line":682,"column":99},"end":{"line":712,"column":1}},"line":682},"43":{"name":"QiblaRoute","decl":{"start":{"line":752,"column":24},"end":{"line":752,"column":34}},"loc":{"start":{"line":752,"column":37},"end":{"line":765,"column":1}},"line":752},"44":{"name":"(anonymous_44)","decl":{"start":{"line":754,"column":41},"end":{"line":754,"column":42}},"loc":{"start":{"line":754,"column":47},"end":{"line":758,"column":3}},"line":754}},"branchMap":{"0":{"loc":{"start":{"line":25,"column":4},"end":{"line":29,"column":20}},"type":"binary-expr","locations":[{"start":{"line":25,"column":4},"end":{"line":25,"column":20}},{"start":{"line":26,"column":4},"end":{"line":26,"column":21}},{"start":{"line":27,"column":4},"end":{"line":27,"column":19}},{"start":{"line":28,"column":4},"end":{"line":28,"column":23}},{"start":{"line":29,"column":4},"end":{"line":29,"column":20}}],"line":25},"1":{"loc":{"start":{"line":61,"column":26},"end":{"line":63,"column":23}},"type":"cond-expr","locations":[{"start":{"line":62,"column":6},"end":{"line":62,"column":26}},{"start":{"line":63,"column":6},"end":{"line":63,"column":23}}],"line":61},"2":{"loc":{"start":{"line":64,"column":20},"end":{"line":64,"column":77}},"type":"cond-expr","locations":[{"start":{"line":64,"column":49},"end":{"line":64,"column":63}},{"start":{"line":64,"column":66},"end":{"line":64,"column":77}}],"line":64},"3":{"loc":{"start":{"line":65,"column":25},"end":{"line":65,"column":97}},"type":"cond-expr","locations":[{"start":{"line":65,"column":59},"end":{"line":65,"column":78}},{"start":{"line":65,"column":81},"end":{"line":65,"column":97}}],"line":65},"4":{"loc":{"start":{"line":66,"column":15},"end":{"line":66,"column":61}},"type":"cond-expr","locations":[{"start":{"line":66,"column":41},"end":{"line":66,"column":50}},{"start":{"line":66,"column":53},"end":{"line":66,"column":61}}],"line":66},"5":{"loc":{"start":{"line":67,"column":21},"end":{"line":67,"column":77}},"type":"cond-expr","locations":[{"start":{"line":67,"column":53},"end":{"line":67,"column":68}},{"start":{"line":67,"column":71},"end":{"line":67,"column":77}}],"line":67},"6":{"loc":{"start":{"line":70,"column":4},"end":{"line":70,"column":92}},"type":"cond-expr","locations":[{"start":{"line":70,"column":26},"end":{"line":70,"column":84}},{"start":{"line":70,"column":88},"end":{"line":70,"column":92}}],"line":70},"7":{"loc":{"start":{"line":70,"column":26},"end":{"line":70,"column":84}},"type":"binary-expr","locations":[{"start":{"line":70,"column":26},"end":{"line":70,"column":40}},{"start":{"line":70,"column":44},"end":{"line":70,"column":84}}],"line":70},"8":{"loc":{"start":{"line":74,"column":16},"end":{"line":74,"column":54}},"type":"cond-expr","locations":[{"start":{"line":74,"column":37},"end":{"line":74,"column":47}},{"start":{"line":74,"column":50},"end":{"line":74,"column":54}}],"line":74},"9":{"loc":{"start":{"line":97,"column":33},"end":{"line":97,"column":65}},"type":"binary-expr","locations":[{"start":{"line":97,"column":33},"end":{"line":97,"column":57}},{"start":{"line":97,"column":61},"end":{"line":97,"column":65}}],"line":97},"10":{"loc":{"start":{"line":98,"column":33},"end":{"line":98,"column":70}},"type":"binary-expr","locations":[{"start":{"line":98,"column":33},"end":{"line":98,"column":62}},{"start":{"line":98,"column":66},"end":{"line":98,"column":70}}],"line":98},"11":{"loc":{"start":{"line":124,"column":6},"end":{"line":130,"column":7}},"type":"if","locations":[{"start":{"line":124,"column":6},"end":{"line":130,"column":7}},{"start":{},"end":{}}],"line":124},"12":{"loc":{"start":{"line":125,"column":20},"end":{"line":125,"column":82}},"type":"cond-expr","locations":[{"start":{"line":125,"column":54},"end":{"line":125,"column":67}},{"start":{"line":125,"column":70},"end":{"line":125,"column":82}}],"line":125},"13":{"loc":{"start":{"line":132,"column":6},"end":{"line":134,"column":7}},"type":"if","locations":[{"start":{"line":132,"column":6},"end":{"line":134,"column":7}},{"start":{},"end":{}}],"line":132},"14":{"loc":{"start":{"line":137,"column":17},"end":{"line":137,"column":66}},"type":"cond-expr","locations":[{"start":{"line":137,"column":51},"end":{"line":137,"column":59}},{"start":{"line":137,"column":62},"end":{"line":137,"column":66}}],"line":137},"15":{"loc":{"start":{"line":146,"column":4},"end":{"line":148,"column":5}},"type":"if","locations":[{"start":{"line":146,"column":4},"end":{"line":148,"column":5}},{"start":{},"end":{}}],"line":146},"16":{"loc":{"start":{"line":146,"column":8},"end":{"line":146,"column":62}},"type":"binary-expr","locations":[{"start":{"line":146,"column":8},"end":{"line":146,"column":26}},{"start":{"line":146,"column":30},"end":{"line":146,"column":62}}],"line":146},"17":{"loc":{"start":{"line":156,"column":6},"end":{"line":158,"column":7}},"type":"if","locations":[{"start":{"line":156,"column":6},"end":{"line":158,"column":7}},{"start":{},"end":{}}],"line":156},"18":{"loc":{"start":{"line":161,"column":8},"end":{"line":161,"column":78}},"type":"cond-expr","locations":[{"start":{"line":161,"column":29},"end":{"line":161,"column":51}},{"start":{"line":161,"column":54},"end":{"line":161,"column":78}}],"line":161},"19":{"loc":{"start":{"line":168,"column":6},"end":{"line":171,"column":7}},"type":"if","locations":[{"start":{"line":168,"column":6},"end":{"line":171,"column":7}},{"start":{},"end":{}}],"line":168},"20":{"loc":{"start":{"line":179,"column":43},"end":{"line":179,"column":76}},"type":"binary-expr","locations":[{"start":{"line":179,"column":43},"end":{"line":179,"column":63}},{"start":{"line":179,"column":67},"end":{"line":179,"column":76}}],"line":179},"21":{"loc":{"start":{"line":187,"column":12},"end":{"line":187,"column":89}},"type":"cond-expr","locations":[{"start":{"line":187,"column":37},"end":{"line":187,"column":50}},{"start":{"line":187,"column":53},"end":{"line":187,"column":89}}],"line":187},"22":{"loc":{"start":{"line":206,"column":4},"end":{"line":208,"column":5}},"type":"if","locations":[{"start":{"line":206,"column":4},"end":{"line":208,"column":5}},{"start":{},"end":{}}],"line":206},"23":{"loc":{"start":{"line":213,"column":41},"end":{"line":213,"column":74}},"type":"binary-expr","locations":[{"start":{"line":213,"column":41},"end":{"line":213,"column":61}},{"start":{"line":213,"column":65},"end":{"line":213,"column":74}}],"line":213},"24":{"loc":{"start":{"line":219,"column":4},"end":{"line":221,"column":5}},"type":"if","locations":[{"start":{"line":219,"column":4},"end":{"line":221,"column":5}},{"start":{},"end":{}}],"line":219},"25":{"loc":{"start":{"line":223,"column":4},"end":{"line":237,"column":5}},"type":"if","locations":[{"start":{"line":223,"column":4},"end":{"line":237,"column":5}},{"start":{},"end":{}}],"line":223},"26":{"loc":{"start":{"line":223,"column":8},"end":{"line":223,"column":84}},"type":"binary-expr","locations":[{"start":{"line":223,"column":8},"end":{"line":223,"column":39}},{"start":{"line":223,"column":43},"end":{"line":223,"column":84}}],"line":223},"27":{"loc":{"start":{"line":225,"column":6},"end":{"line":235,"column":7}},"type":"if","locations":[{"start":{"line":225,"column":6},"end":{"line":235,"column":7}},{"start":{},"end":{}}],"line":225},"28":{"loc":{"start":{"line":249,"column":4},"end":{"line":251,"column":5}},"type":"if","locations":[{"start":{"line":249,"column":4},"end":{"line":251,"column":5}},{"start":{},"end":{}}],"line":249},"29":{"loc":{"start":{"line":249,"column":8},"end":{"line":249,"column":65}},"type":"binary-expr","locations":[{"start":{"line":249,"column":8},"end":{"line":249,"column":26}},{"start":{"line":249,"column":30},"end":{"line":249,"column":65}}],"line":249},"30":{"loc":{"start":{"line":262,"column":4},"end":{"line":268,"column":5}},"type":"if","locations":[{"start":{"line":262,"column":4},"end":{"line":268,"column":5}},{"start":{},"end":{}}],"line":262},"31":{"loc":{"start":{"line":263,"column":6},"end":{"line":265,"column":47}},"type":"binary-expr","locations":[{"start":{"line":263,"column":6},"end":{"line":263,"column":24}},{"start":{"line":264,"column":6},"end":{"line":264,"column":37}},{"start":{"line":265,"column":6},"end":{"line":265,"column":47}}],"line":263},"32":{"loc":{"start":{"line":271,"column":6},"end":{"line":275,"column":39}},"type":"cond-expr","locations":[{"start":{"line":272,"column":10},"end":{"line":272,"column":37}},{"start":{"line":273,"column":10},"end":{"line":275,"column":39}}],"line":271},"33":{"loc":{"start":{"line":273,"column":10},"end":{"line":275,"column":39}},"type":"cond-expr","locations":[{"start":{"line":274,"column":12},"end":{"line":274,"column":38}},{"start":{"line":275,"column":12},"end":{"line":275,"column":39}}],"line":273},"34":{"loc":{"start":{"line":277,"column":4},"end":{"line":279,"column":5}},"type":"if","locations":[{"start":{"line":277,"column":4},"end":{"line":279,"column":5}},{"start":{},"end":{}}],"line":277},"35":{"loc":{"start":{"line":285,"column":8},"end":{"line":289,"column":23}},"type":"cond-expr","locations":[{"start":{"line":286,"column":12},"end":{"line":286,"column":21}},{"start":{"line":287,"column":12},"end":{"line":289,"column":23}}],"line":285},"36":{"loc":{"start":{"line":287,"column":12},"end":{"line":289,"column":23}},"type":"cond-expr","locations":[{"start":{"line":288,"column":14},"end":{"line":288,"column":22}},{"start":{"line":289,"column":14},"end":{"line":289,"column":23}}],"line":287},"37":{"loc":{"start":{"line":306,"column":4},"end":{"line":308,"column":5}},"type":"if","locations":[{"start":{"line":306,"column":4},"end":{"line":308,"column":5}},{"start":{},"end":{}}],"line":306},"38":{"loc":{"start":{"line":306,"column":8},"end":{"line":306,"column":55}},"type":"binary-expr","locations":[{"start":{"line":306,"column":8},"end":{"line":306,"column":26}},{"start":{"line":306,"column":30},"end":{"line":306,"column":55}}],"line":306},"39":{"loc":{"start":{"line":311,"column":6},"end":{"line":315,"column":41}},"type":"cond-expr","locations":[{"start":{"line":312,"column":10},"end":{"line":312,"column":39}},{"start":{"line":313,"column":10},"end":{"line":315,"column":41}}],"line":311},"40":{"loc":{"start":{"line":313,"column":10},"end":{"line":315,"column":41}},"type":"cond-expr","locations":[{"start":{"line":314,"column":12},"end":{"line":314,"column":40}},{"start":{"line":315,"column":12},"end":{"line":315,"column":41}}],"line":313},"41":{"loc":{"start":{"line":317,"column":4},"end":{"line":319,"column":5}},"type":"if","locations":[{"start":{"line":317,"column":4},"end":{"line":319,"column":5}},{"start":{},"end":{}}],"line":317},"42":{"loc":{"start":{"line":325,"column":8},"end":{"line":329,"column":23}},"type":"cond-expr","locations":[{"start":{"line":326,"column":12},"end":{"line":326,"column":21}},{"start":{"line":327,"column":12},"end":{"line":329,"column":23}}],"line":325},"43":{"loc":{"start":{"line":327,"column":12},"end":{"line":329,"column":23}},"type":"cond-expr","locations":[{"start":{"line":328,"column":14},"end":{"line":328,"column":22}},{"start":{"line":329,"column":14},"end":{"line":329,"column":23}}],"line":327},"44":{"loc":{"start":{"line":346,"column":4},"end":{"line":348,"column":5}},"type":"if","locations":[{"start":{"line":346,"column":4},"end":{"line":348,"column":5}},{"start":{},"end":{}}],"line":346},"45":{"loc":{"start":{"line":346,"column":8},"end":{"line":346,"column":58}},"type":"binary-expr","locations":[{"start":{"line":346,"column":8},"end":{"line":346,"column":26}},{"start":{"line":346,"column":30},"end":{"line":346,"column":58}}],"line":346},"46":{"loc":{"start":{"line":355,"column":4},"end":{"line":357,"column":5}},"type":"if","locations":[{"start":{"line":355,"column":4},"end":{"line":357,"column":5}},{"start":{},"end":{}}],"line":355},"47":{"loc":{"start":{"line":361,"column":6},"end":{"line":363,"column":44}},"type":"cond-expr","locations":[{"start":{"line":362,"column":10},"end":{"line":362,"column":37}},{"start":{"line":363,"column":10},"end":{"line":363,"column":44}}],"line":361},"48":{"loc":{"start":{"line":373,"column":4},"end":{"line":375,"column":5}},"type":"if","locations":[{"start":{"line":373,"column":4},"end":{"line":375,"column":5}},{"start":{},"end":{}}],"line":373},"49":{"loc":{"start":{"line":373,"column":8},"end":{"line":373,"column":60}},"type":"binary-expr","locations":[{"start":{"line":373,"column":8},"end":{"line":373,"column":26}},{"start":{"line":373,"column":30},"end":{"line":373,"column":60}}],"line":373},"50":{"loc":{"start":{"line":382,"column":4},"end":{"line":384,"column":5}},"type":"if","locations":[{"start":{"line":382,"column":4},"end":{"line":384,"column":5}},{"start":{},"end":{}}],"line":382},"51":{"loc":{"start":{"line":396,"column":4},"end":{"line":399,"column":5}},"type":"if","locations":[{"start":{"line":396,"column":4},"end":{"line":399,"column":5}},{"start":{},"end":{}}],"line":396},"52":{"loc":{"start":{"line":401,"column":4},"end":{"line":407,"column":5}},"type":"if","locations":[{"start":{"line":401,"column":4},"end":{"line":407,"column":5}},{"start":{},"end":{}}],"line":401},"53":{"loc":{"start":{"line":401,"column":8},"end":{"line":401,"column":78}},"type":"binary-expr","locations":[{"start":{"line":401,"column":8},"end":{"line":401,"column":36}},{"start":{"line":401,"column":40},"end":{"line":401,"column":78}}],"line":401},"54":{"loc":{"start":{"line":409,"column":4},"end":{"line":412,"column":5}},"type":"if","locations":[{"start":{"line":409,"column":4},"end":{"line":412,"column":5}},{"start":{},"end":{}}],"line":409},"55":{"loc":{"start":{"line":416,"column":4},"end":{"line":419,"column":45}},"type":"binary-expr","locations":[{"start":{"line":416,"column":4},"end":{"line":416,"column":22}},{"start":{"line":417,"column":4},"end":{"line":417,"column":32}},{"start":{"line":418,"column":4},"end":{"line":418,"column":43}},{"start":{"line":419,"column":4},"end":{"line":419,"column":45}}],"line":416},"56":{"loc":{"start":{"line":422,"column":4},"end":{"line":431,"column":5}},"type":"if","locations":[{"start":{"line":422,"column":4},"end":{"line":431,"column":5}},{"start":{},"end":{}}],"line":422},"57":{"loc":{"start":{"line":424,"column":6},"end":{"line":427,"column":7}},"type":"if","locations":[{"start":{"line":424,"column":6},"end":{"line":427,"column":7}},{"start":{},"end":{}}],"line":424},"58":{"loc":{"start":{"line":433,"column":4},"end":{"line":465,"column":5}},"type":"if","locations":[{"start":{"line":433,"column":4},"end":{"line":465,"column":5}},{"start":{},"end":{}}],"line":433},"59":{"loc":{"start":{"line":434,"column":6},"end":{"line":436,"column":7}},"type":"if","locations":[{"start":{"line":434,"column":6},"end":{"line":436,"column":7}},{"start":{},"end":{}}],"line":434},"60":{"loc":{"start":{"line":434,"column":10},"end":{"line":434,"column":69}},"type":"binary-expr","locations":[{"start":{"line":434,"column":10},"end":{"line":434,"column":39}},{"start":{"line":434,"column":43},"end":{"line":434,"column":69}}],"line":434},"61":{"loc":{"start":{"line":442,"column":48},"end":{"line":442,"column":73}},"type":"binary-expr","locations":[{"start":{"line":442,"column":48},"end":{"line":442,"column":68}},{"start":{"line":442,"column":72},"end":{"line":442,"column":73}}],"line":442},"62":{"loc":{"start":{"line":443,"column":8},"end":{"line":450,"column":9}},"type":"if","locations":[{"start":{"line":443,"column":8},"end":{"line":450,"column":9}},{"start":{},"end":{}}],"line":443},"63":{"loc":{"start":{"line":444,"column":10},"end":{"line":446,"column":36}},"type":"binary-expr","locations":[{"start":{"line":444,"column":10},"end":{"line":444,"column":55}},{"start":{"line":445,"column":10},"end":{"line":445,"column":59}},{"start":{"line":446,"column":10},"end":{"line":446,"column":36}}],"line":444},"64":{"loc":{"start":{"line":452,"column":8},"end":{"line":460,"column":9}},"type":"if","locations":[{"start":{"line":452,"column":8},"end":{"line":460,"column":9}},{"start":{},"end":{}}],"line":452},"65":{"loc":{"start":{"line":468,"column":6},"end":{"line":470,"column":43}},"type":"binary-expr","locations":[{"start":{"line":468,"column":6},"end":{"line":468,"column":41}},{"start":{"line":469,"column":6},"end":{"line":469,"column":35}},{"start":{"line":470,"column":6},"end":{"line":470,"column":43}}],"line":468},"66":{"loc":{"start":{"line":472,"column":4},"end":{"line":485,"column":5}},"type":"if","locations":[{"start":{"line":472,"column":4},"end":{"line":485,"column":5}},{"start":{},"end":{}}],"line":472},"67":{"loc":{"start":{"line":476,"column":42},"end":{"line":476,"column":76}},"type":"binary-expr","locations":[{"start":{"line":476,"column":42},"end":{"line":476,"column":62}},{"start":{"line":476,"column":66},"end":{"line":476,"column":76}}],"line":476},"68":{"loc":{"start":{"line":478,"column":12},"end":{"line":482,"column":51}},"type":"cond-expr","locations":[{"start":{"line":479,"column":16},"end":{"line":479,"column":32}},{"start":{"line":480,"column":16},"end":{"line":482,"column":51}}],"line":478},"69":{"loc":{"start":{"line":480,"column":16},"end":{"line":482,"column":51}},"type":"cond-expr","locations":[{"start":{"line":481,"column":18},"end":{"line":481,"column":49}},{"start":{"line":482,"column":18},"end":{"line":482,"column":51}}],"line":480},"70":{"loc":{"start":{"line":488,"column":4},"end":{"line":491,"column":5}},"type":"if","locations":[{"start":{"line":488,"column":4},"end":{"line":491,"column":5}},{"start":{},"end":{}}],"line":488},"71":{"loc":{"start":{"line":508,"column":6},"end":{"line":510,"column":7}},"type":"if","locations":[{"start":{"line":508,"column":6},"end":{"line":510,"column":7}},{"start":{},"end":{}}],"line":508},"72":{"loc":{"start":{"line":516,"column":6},"end":{"line":518,"column":7}},"type":"if","locations":[{"start":{"line":516,"column":6},"end":{"line":518,"column":7}},{"start":{},"end":{}}],"line":516},"73":{"loc":{"start":{"line":524,"column":6},"end":{"line":526,"column":7}},"type":"if","locations":[{"start":{"line":524,"column":6},"end":{"line":526,"column":7}},{"start":{},"end":{}}],"line":524},"74":{"loc":{"start":{"line":524,"column":10},"end":{"line":524,"column":80}},"type":"binary-expr","locations":[{"start":{"line":524,"column":10},"end":{"line":524,"column":32}},{"start":{"line":524,"column":36},"end":{"line":524,"column":80}}],"line":524},"75":{"loc":{"start":{"line":531,"column":8},"end":{"line":534,"column":9}},"type":"if","locations":[{"start":{"line":531,"column":8},"end":{"line":534,"column":9}},{"start":{},"end":{}}],"line":531},"76":{"loc":{"start":{"line":546,"column":4},"end":{"line":556,"column":5}},"type":"if","locations":[{"start":{"line":546,"column":4},"end":{"line":556,"column":5}},{"start":{},"end":{}}],"line":546},"77":{"loc":{"start":{"line":561,"column":4},"end":{"line":564,"column":26}},"type":"binary-expr","locations":[{"start":{"line":561,"column":4},"end":{"line":561,"column":22}},{"start":{"line":562,"column":4},"end":{"line":562,"column":45}},{"start":{"line":563,"column":4},"end":{"line":563,"column":48}},{"start":{"line":564,"column":4},"end":{"line":564,"column":26}}],"line":561},"78":{"loc":{"start":{"line":595,"column":10},"end":{"line":605,"column":11}},"type":"if","locations":[{"start":{"line":595,"column":10},"end":{"line":605,"column":11}},{"start":{},"end":{}}],"line":595},"79":{"loc":{"start":{"line":610,"column":10},"end":{"line":612,"column":11}},"type":"if","locations":[{"start":{"line":610,"column":10},"end":{"line":612,"column":11}},{"start":{},"end":{}}],"line":610},"80":{"loc":{"start":{"line":628,"column":10},"end":{"line":630,"column":11}},"type":"if","locations":[{"start":{"line":628,"column":10},"end":{"line":630,"column":11}},{"start":{},"end":{}}],"line":628},"81":{"loc":{"start":{"line":637,"column":21},"end":{"line":637,"column":65}},"type":"cond-expr","locations":[{"start":{"line":637,"column":42},"end":{"line":637,"column":53}},{"start":{"line":637,"column":56},"end":{"line":637,"column":65}}],"line":637},"82":{"loc":{"start":{"line":640,"column":22},"end":{"line":640,"column":39}},"type":"binary-expr","locations":[{"start":{"line":640,"column":22},"end":{"line":640,"column":34}},{"start":{"line":640,"column":38},"end":{"line":640,"column":39}}],"line":640},"83":{"loc":{"start":{"line":644,"column":30},"end":{"line":644,"column":81}},"type":"cond-expr","locations":[{"start":{"line":644,"column":50},"end":{"line":644,"column":69}},{"start":{"line":644,"column":72},"end":{"line":644,"column":81}}],"line":644},"84":{"loc":{"start":{"line":669,"column":4},"end":{"line":671,"column":5}},"type":"if","locations":[{"start":{"line":669,"column":4},"end":{"line":671,"column":5}},{"start":{},"end":{}}],"line":669},"85":{"loc":{"start":{"line":675,"column":4},"end":{"line":677,"column":5}},"type":"if","locations":[{"start":{"line":675,"column":4},"end":{"line":677,"column":5}},{"start":{},"end":{}}],"line":675},"86":{"loc":{"start":{"line":692,"column":7},"end":{"line":701,"column":7}},"type":"binary-expr","locations":[{"start":{"line":692,"column":7},"end":{"line":692,"column":14}},{"start":{"line":693,"column":8},"end":{"line":700,"column":27}}],"line":692},"87":{"loc":{"start":{"line":755,"column":4},"end":{"line":757,"column":5}},"type":"if","locations":[{"start":{"line":755,"column":4},"end":{"line":757,"column":5}},{"start":{},"end":{}}],"line":755}},"s":{"0":2,"1":2,"2":2,"3":42,"4":42,"5":42,"6":42,"7":42,"8":42,"9":42,"10":42,"11":42,"12":42,"13":42,"14":42,"15":42,"16":42,"17":42,"18":42,"19":42,"20":42,"21":42,"22":42,"23":42,"24":42,"25":42,"26":42,"27":42,"28":42,"29":42,"30":42,"31":42,"32":42,"33":42,"34":42,"35":42,"36":42,"37":42,"38":42,"39":42,"40":20,"41":20,"42":42,"43":4,"44":4,"45":4,"46":4,"47":0,"48":4,"49":42,"50":16,"51":4,"52":12,"53":12,"54":42,"55":4,"56":0,"57":4,"58":4,"59":0,"60":0,"61":4,"62":4,"63":4,"64":4,"65":1,"66":1,"67":1,"68":42,"69":0,"70":0,"71":0,"72":0,"73":0,"74":42,"75":20,"76":4,"77":16,"78":5,"79":5,"80":4,"81":5,"82":42,"83":16,"84":4,"85":12,"86":12,"87":42,"88":20,"89":8,"90":12,"91":12,"92":12,"93":0,"94":12,"95":12,"96":42,"97":16,"98":4,"99":12,"100":12,"101":12,"102":0,"103":12,"104":12,"105":42,"106":20,"107":18,"108":2,"109":2,"110":0,"111":2,"112":2,"113":42,"114":16,"115":15,"116":1,"117":1,"118":0,"119":1,"120":1,"121":42,"122":20,"123":4,"124":4,"125":16,"126":7,"127":7,"128":7,"129":9,"130":9,"131":9,"132":42,"133":42,"134":37,"135":4,"136":4,"137":0,"138":0,"139":4,"140":4,"141":4,"142":33,"143":14,"144":8,"145":6,"146":6,"147":6,"148":3,"149":3,"150":3,"151":0,"152":0,"153":3,"154":3,"155":3,"156":3,"157":6,"158":19,"159":19,"160":2,"161":19,"162":19,"163":2,"164":2,"165":19,"166":19,"167":42,"168":16,"169":16,"170":1,"171":42,"172":16,"173":16,"174":0,"175":42,"176":16,"177":2,"178":1,"179":1,"180":1,"181":1,"182":1,"183":1,"184":1,"185":0,"186":16,"187":16,"188":42,"189":0,"190":0,"191":0,"192":42,"193":42,"194":2,"195":2,"196":42,"197":0,"198":0,"199":0,"200":0,"201":0,"202":0,"203":0,"204":0,"205":0,"206":2,"207":0,"208":0,"209":0,"210":0,"211":0,"212":0,"213":1,"214":16,"215":0,"216":0,"217":0,"218":20,"219":0,"220":20,"221":0,"222":2,"223":20,"224":20,"225":0,"226":0,"227":20},"f":{"0":42,"1":42,"2":42,"3":42,"4":20,"5":4,"6":16,"7":4,"8":0,"9":0,"10":20,"11":16,"12":20,"13":16,"14":20,"15":16,"16":20,"17":37,"18":3,"19":16,"20":16,"21":16,"22":16,"23":16,"24":2,"25":1,"26":16,"27":0,"28":2,"29":0,"30":0,"31":0,"32":2,"33":0,"34":0,"35":0,"36":0,"37":0,"38":1,"39":0,"40":0,"41":20,"42":0,"43":20,"44":0},"b":{"0":[42,16,10,6,5],"1":[0,42],"2":[0,42],"3":[0,42],"4":[38,4],"5":[42,0],"6":[38,4],"7":[38,16],"8":[38,4],"9":[42,0],"10":[42,0],"11":[4,0],"12":[1,3],"13":[0,4],"14":[1,3],"15":[4,12],"16":[16,12],"17":[0,4],"18":[3,1],"19":[0,4],"20":[4,0],"21":[1,0],"22":[0,0],"23":[0,0],"24":[4,16],"25":[5,11],"26":[16,16],"27":[4,1],"28":[4,12],"29":[16,12],"30":[8,12],"31":[20,16,16],"32":[8,4],"33":[0,4],"34":[0,12],"35":[8,4],"36":[0,4],"37":[4,12],"38":[16,12],"39":[9,3],"40":[0,3],"41":[0,12],"42":[9,3],"43":[0,3],"44":[18,2],"45":[20,16],"46":[0,2],"47":[1,1],"48":[15,1],"49":[16,12],"50":[0,1],"51":[4,16],"52":[7,9],"53":[16,7],"54":[9,0],"55":[42,38,18,15],"56":[4,33],"57":[0,4],"58":[14,19],"59":[8,6],"60":[14,8],"61":[3,0],"62":[0,3],"63":[3,3,3],"64":[3,0],"65":[19,2,2],"66":[2,17],"67":[2,0],"68":[2,0],"69":[0,0],"70":[2,17],"71":[1,15],"72":[0,16],"73":[1,1],"74":[2,2],"75":[1,0],"76":[0,0],"77":[42,38,4,4],"78":[0,0],"79":[0,0],"80":[0,0],"81":[38,4],"82":[42,8],"83":[4,38],"84":[0,0],"85":[0,20],"86":[0,0],"87":[0,0]},"_coverageSchema":"1a1c01bbd47fc00a2c39e90264f33305004495a9","hash":"c591aa170839499eaab81ed399f906141fdff2ec"}
,"/home/eiat/projects/oremus-expo/app/tradition/islam-completion.tsx": {"path":"/home/eiat/projects/oremus-expo/app/tradition/islam-completion.tsx","statementMap":{"0":{"start":{"line":19,"column":2},"end":{"line":19,"column":62}},"1":{"start":{"line":19,"column":42},"end":{"line":19,"column":60}},"2":{"start":{"line":23,"column":2},"end":{"line":29,"column":4}},"3":{"start":{"line":33,"column":17},"end":{"line":33,"column":28}},"4":{"start":{"line":34,"column":17},"end":{"line":34,"column":57}},"5":{"start":{"line":35,"column":32},"end":{"line":35,"column":45}},"6":{"start":{"line":36,"column":42},"end":{"line":36,"column":57}},"7":{"start":{"line":38,"column":26},"end":{"line":40,"column":23}},"8":{"start":{"line":42,"column":2},"end":{"line":54,"column":24}},"9":{"start":{"line":43,"column":4},"end":{"line":45,"column":5}},"10":{"start":{"line":44,"column":6},"end":{"line":44,"column":13}},"11":{"start":{"line":47,"column":4},"end":{"line":47,"column":41}},"12":{"start":{"line":48,"column":4},"end":{"line":53,"column":9}},"13":{"start":{"line":49,"column":6},"end":{"line":51,"column":7}},"14":{"start":{"line":50,"column":8},"end":{"line":50,"column":50}},"15":{"start":{"line":52,"column":6},"end":{"line":52,"column":37}},"16":{"start":{"line":56,"column":24},"end":{"line":58,"column":28}},"17":{"start":{"line":59,"column":26},"end":{"line":59,"column":92}},"18":{"start":{"line":60,"column":22},"end":{"line":60,"column":91}},"19":{"start":{"line":62,"column":28},"end":{"line":65,"column":3}},"20":{"start":{"line":63,"column":10},"end":{"line":63,"column":84}},"21":{"start":{"line":67,"column":35},"end":{"line":74,"column":3}},"22":{"start":{"line":68,"column":4},"end":{"line":70,"column":5}},"23":{"start":{"line":69,"column":6},"end":{"line":69,"column":13}},"24":{"start":{"line":72,"column":4},"end":{"line":72,"column":26}},"25":{"start":{"line":73,"column":4},"end":{"line":73,"column":38}},"26":{"start":{"line":76,"column":2},"end":{"line":122,"column":4}},"27":{"start":{"line":102,"column":14},"end":{"line":105,"column":16}},"28":{"start":{"line":114,"column":27},"end":{"line":114,"column":58}},"29":{"start":{"line":125,"column":15},"end":{"line":219,"column":2}}},"fnMap":{"0":{"name":"toTitleCase","decl":{"start":{"line":18,"column":9},"end":{"line":18,"column":20}},"loc":{"start":{"line":18,"column":44},"end":{"line":20,"column":1}},"line":18},"1":{"name":"(anonymous_1)","decl":{"start":{"line":19,"column":32},"end":{"line":19,"column":33}},"loc":{"start":{"line":19,"column":42},"end":{"line":19,"column":60}},"line":19},"2":{"name":"isPrayerName","decl":{"start":{"line":22,"column":9},"end":{"line":22,"column":21}},"loc":{"start":{"line":22,"column":70},"end":{"line":30,"column":1}},"line":22},"3":{"name":"IslamCompletionScreen","decl":{"start":{"line":32,"column":24},"end":{"line":32,"column":45}},"loc":{"start":{"line":32,"column":48},"end":{"line":123,"column":1}},"line":32},"4":{"name":"(anonymous_4)","decl":{"start":{"line":42,"column":12},"end":{"line":42,"column":13}},"loc":{"start":{"line":42,"column":18},"end":{"line":54,"column":3}},"line":42},"5":{"name":"(anonymous_5)","decl":{"start":{"line":48,"column":10},"end":{"line":48,"column":11}},"loc":{"start":{"line":48,"column":22},"end":{"line":53,"column":5}},"line":48},"6":{"name":"(anonymous_6)","decl":{"start":{"line":63,"column":4},"end":{"line":63,"column":5}},"loc":{"start":{"line":63,"column":10},"end":{"line":63,"column":84}},"line":63},"7":{"name":"(anonymous_7)","decl":{"start":{"line":67,"column":35},"end":{"line":67,"column":36}},"loc":{"start":{"line":67,"column":47},"end":{"line":74,"column":3}},"line":67},"8":{"name":"(anonymous_8)","decl":{"start":{"line":101,"column":21},"end":{"line":101,"column":22}},"loc":{"start":{"line":102,"column":14},"end":{"line":105,"column":16}},"line":102},"9":{"name":"(anonymous_9)","decl":{"start":{"line":114,"column":21},"end":{"line":114,"column":22}},"loc":{"start":{"line":114,"column":27},"end":{"line":114,"column":58}},"line":114}},"branchMap":{"0":{"loc":{"start":{"line":24,"column":4},"end":{"line":28,"column":20}},"type":"binary-expr","locations":[{"start":{"line":24,"column":4},"end":{"line":24,"column":20}},{"start":{"line":25,"column":4},"end":{"line":25,"column":21}},{"start":{"line":26,"column":4},"end":{"line":26,"column":19}},{"start":{"line":27,"column":4},"end":{"line":27,"column":23}},{"start":{"line":28,"column":4},"end":{"line":28,"column":20}}],"line":24},"1":{"loc":{"start":{"line":38,"column":26},"end":{"line":40,"column":23}},"type":"cond-expr","locations":[{"start":{"line":39,"column":6},"end":{"line":39,"column":26}},{"start":{"line":40,"column":6},"end":{"line":40,"column":23}}],"line":38},"2":{"loc":{"start":{"line":43,"column":4},"end":{"line":45,"column":5}},"type":"if","locations":[{"start":{"line":43,"column":4},"end":{"line":45,"column":5}},{"start":{},"end":{}}],"line":43},"3":{"loc":{"start":{"line":49,"column":6},"end":{"line":51,"column":7}},"type":"if","locations":[{"start":{"line":49,"column":6},"end":{"line":51,"column":7}},{"start":{},"end":{}}],"line":49},"4":{"loc":{"start":{"line":56,"column":24},"end":{"line":58,"column":28}},"type":"cond-expr","locations":[{"start":{"line":57,"column":6},"end":{"line":57,"column":31}},{"start":{"line":58,"column":6},"end":{"line":58,"column":28}}],"line":56},"5":{"loc":{"start":{"line":59,"column":26},"end":{"line":59,"column":92}},"type":"cond-expr","locations":[{"start":{"line":59,"column":67},"end":{"line":59,"column":88}},{"start":{"line":59,"column":91},"end":{"line":59,"column":92}}],"line":59},"6":{"loc":{"start":{"line":60,"column":22},"end":{"line":60,"column":91}},"type":"cond-expr","locations":[{"start":{"line":60,"column":40},"end":{"line":60,"column":80}},{"start":{"line":60,"column":83},"end":{"line":60,"column":91}}],"line":60},"7":{"loc":{"start":{"line":68,"column":4},"end":{"line":70,"column":5}},"type":"if","locations":[{"start":{"line":68,"column":4},"end":{"line":70,"column":5}},{"start":{},"end":{}}],"line":68}},"s":{"0":2,"1":2,"2":1,"3":2,"4":2,"5":2,"6":2,"7":2,"8":2,"9":1,"10":0,"11":1,"12":1,"13":1,"14":1,"15":1,"16":2,"17":2,"18":2,"19":2,"20":1,"21":2,"22":1,"23":0,"24":1,"25":1,"26":2,"27":0,"28":1,"29":1},"f":{"0":2,"1":2,"2":1,"3":2,"4":1,"5":1,"6":1,"7":1,"8":0,"9":1},"b":{"0":[1,1,1,1,1],"1":[0,2],"2":[0,1],"3":[1,0],"4":[0,2],"5":[2,0],"6":[2,0],"7":[0,1]},"_coverageSchema":"1a1c01bbd47fc00a2c39e90264f33305004495a9","hash":"c4d3f44d12ca6f1b50ffb19be78cdd54d22d1eea"}
,"/home/eiat/projects/oremus-expo/app/tradition/islam-session.tsx": {"path":"/home/eiat/projects/oremus-expo/app/tradition/islam-session.tsx","statementMap":{"0":{"start":{"line":24,"column":2},"end":{"line":24,"column":54}},"1":{"start":{"line":24,"column":37},"end":{"line":24,"column":52}},"2":{"start":{"line":28,"column":2},"end":{"line":34,"column":4}},"3":{"start":{"line":38,"column":26},"end":{"line":38,"column":47}},"4":{"start":{"line":46,"column":2},"end":{"line":46,"column":17}},"5":{"start":{"line":48,"column":17},"end":{"line":48,"column":28}},"6":{"start":{"line":49,"column":17},"end":{"line":49,"column":36}},"7":{"start":{"line":50,"column":28},"end":{"line":50,"column":49}},"8":{"start":{"line":53,"column":17},"end":{"line":56,"column":6}},"9":{"start":{"line":57,"column":21},"end":{"line":57,"column":96}},"10":{"start":{"line":58,"column":25},"end":{"line":58,"column":97}},"11":{"start":{"line":59,"column":22},"end":{"line":59,"column":89}},"12":{"start":{"line":60,"column":35},"end":{"line":65,"column":4}},"13":{"start":{"line":68,"column":38},"end":{"line":68,"column":74}},"14":{"start":{"line":71,"column":32},"end":{"line":73,"column":5}},"15":{"start":{"line":71,"column":56},"end":{"line":73,"column":3}},"16":{"start":{"line":76,"column":21},"end":{"line":76,"column":58}},"17":{"start":{"line":77,"column":21},"end":{"line":77,"column":58}},"18":{"start":{"line":78,"column":26},"end":{"line":78,"column":63}},"19":{"start":{"line":79,"column":30},"end":{"line":79,"column":48}},"20":{"start":{"line":81,"column":2},"end":{"line":107,"column":48}},"21":{"start":{"line":83,"column":4},"end":{"line":88,"column":15}},"22":{"start":{"line":91,"column":4},"end":{"line":106,"column":15}},"23":{"start":{"line":110,"column":27},"end":{"line":137,"column":3}},"24":{"start":{"line":111,"column":26},"end":{"line":111,"column":36}},"25":{"start":{"line":112,"column":28},"end":{"line":115,"column":5}},"26":{"start":{"line":117,"column":4},"end":{"line":120,"column":7}},"27":{"start":{"line":121,"column":4},"end":{"line":127,"column":7}},"28":{"start":{"line":129,"column":4},"end":{"line":136,"column":7}},"29":{"start":{"line":139,"column":30},"end":{"line":149,"column":3}},"30":{"start":{"line":140,"column":28},"end":{"line":143,"column":5}},"31":{"start":{"line":144,"column":4},"end":{"line":147,"column":7}},"32":{"start":{"line":148,"column":4},"end":{"line":148,"column":18}},"33":{"start":{"line":151,"column":2},"end":{"line":203,"column":4}},"34":{"start":{"line":210,"column":15},"end":{"line":261,"column":2}}},"fnMap":{"0":{"name":"toTitleCase","decl":{"start":{"line":23,"column":9},"end":{"line":23,"column":20}},"loc":{"start":{"line":23,"column":42},"end":{"line":25,"column":1}},"line":23},"1":{"name":"(anonymous_1)","decl":{"start":{"line":24,"column":30},"end":{"line":24,"column":31}},"loc":{"start":{"line":24,"column":37},"end":{"line":24,"column":52}},"line":24},"2":{"name":"isPrayerName","decl":{"start":{"line":27,"column":9},"end":{"line":27,"column":21}},"loc":{"start":{"line":27,"column":70},"end":{"line":35,"column":1}},"line":27},"3":{"name":"IslamPrayerSessionScreen","decl":{"start":{"line":44,"column":24},"end":{"line":44,"column":48}},"loc":{"start":{"line":44,"column":51},"end":{"line":204,"column":1}},"line":44},"4":{"name":"(anonymous_4)","decl":{"start":{"line":71,"column":49},"end":{"line":71,"column":50}},"loc":{"start":{"line":71,"column":56},"end":{"line":73,"column":3}},"line":71},"5":{"name":"(anonymous_5)","decl":{"start":{"line":81,"column":12},"end":{"line":81,"column":13}},"loc":{"start":{"line":81,"column":18},"end":{"line":107,"column":3}},"line":81},"6":{"name":"(anonymous_6)","decl":{"start":{"line":110,"column":27},"end":{"line":110,"column":28}},"loc":{"start":{"line":110,"column":33},"end":{"line":137,"column":3}},"line":110},"7":{"name":"(anonymous_7)","decl":{"start":{"line":139,"column":30},"end":{"line":139,"column":31}},"loc":{"start":{"line":139,"column":36},"end":{"line":149,"column":3}},"line":139}},"branchMap":{"0":{"loc":{"start":{"line":29,"column":4},"end":{"line":33,"column":20}},"type":"binary-expr","locations":[{"start":{"line":29,"column":4},"end":{"line":29,"column":20}},{"start":{"line":30,"column":4},"end":{"line":30,"column":21}},{"start":{"line":31,"column":4},"end":{"line":31,"column":19}},{"start":{"line":32,"column":4},"end":{"line":32,"column":23}},{"start":{"line":33,"column":4},"end":{"line":33,"column":20}}],"line":29},"1":{"loc":{"start":{"line":57,"column":21},"end":{"line":57,"column":96}},"type":"cond-expr","locations":[{"start":{"line":57,"column":56},"end":{"line":57,"column":76}},{"start":{"line":57,"column":79},"end":{"line":57,"column":96}}],"line":57},"2":{"loc":{"start":{"line":58,"column":25},"end":{"line":58,"column":97}},"type":"cond-expr","locations":[{"start":{"line":58,"column":59},"end":{"line":58,"column":78}},{"start":{"line":58,"column":81},"end":{"line":58,"column":97}}],"line":58},"3":{"loc":{"start":{"line":59,"column":22},"end":{"line":59,"column":89}},"type":"cond-expr","locations":[{"start":{"line":59,"column":35},"end":{"line":59,"column":70}},{"start":{"line":59,"column":73},"end":{"line":59,"column":89}}],"line":59},"4":{"loc":{"start":{"line":61,"column":15},"end":{"line":61,"column":37}},"type":"binary-expr","locations":[{"start":{"line":61,"column":15},"end":{"line":61,"column":29}},{"start":{"line":61,"column":33},"end":{"line":61,"column":37}}],"line":61},"5":{"loc":{"start":{"line":62,"column":16},"end":{"line":62,"column":60}},"type":"cond-expr","locations":[{"start":{"line":62,"column":43},"end":{"line":62,"column":53}},{"start":{"line":62,"column":56},"end":{"line":62,"column":60}}],"line":62},"6":{"loc":{"start":{"line":123,"column":18},"end":{"line":123,"column":67}},"type":"cond-expr","locations":[{"start":{"line":123,"column":45},"end":{"line":123,"column":55}},{"start":{"line":123,"column":58},"end":{"line":123,"column":67}}],"line":123},"7":{"loc":{"start":{"line":132,"column":20},"end":{"line":132,"column":69}},"type":"cond-expr","locations":[{"start":{"line":132,"column":47},"end":{"line":132,"column":57}},{"start":{"line":132,"column":60},"end":{"line":132,"column":69}}],"line":132},"8":{"loc":{"start":{"line":133,"column":19},"end":{"line":133,"column":46}},"type":"binary-expr","locations":[{"start":{"line":133,"column":19},"end":{"line":133,"column":33}},{"start":{"line":133,"column":37},"end":{"line":133,"column":46}}],"line":133}},"s":{"0":4,"1":4,"2":8,"3":2,"4":4,"5":4,"6":4,"7":4,"8":4,"9":4,"10":4,"11":4,"12":4,"13":4,"14":4,"15":8,"16":4,"17":4,"18":4,"19":4,"20":4,"21":4,"22":4,"23":4,"24":2,"25":2,"26":2,"27":2,"28":2,"29":4,"30":2,"31":2,"32":2,"33":4,"34":2},"f":{"0":4,"1":4,"2":8,"3":4,"4":8,"5":4,"6":2,"7":2},"b":{"0":[8,8,8,4,4],"1":[0,4],"2":[0,4],"3":[4,0],"4":[4,2],"5":[4,0],"6":[2,0],"7":[2,0],"8":[2,1]},"_coverageSchema":"1a1c01bbd47fc00a2c39e90264f33305004495a9","hash":"108bfb3b097db63dcb2477e1dacc7e0c9bacb5d9"}
,"/home/eiat/projects/oremus-expo/app/tradition/buddhist-prayer/merit.tsx": {"path":"/home/eiat/projects/oremus-expo/app/tradition/buddhist-prayer/merit.tsx","statementMap":{"0":{"start":{"line":11,"column":85},"end":{"line":32,"column":1}},"1":{"start":{"line":35,"column":17},"end":{"line":35,"column":28}},"2":{"start":{"line":37,"column":4},"end":{"line":37,"column":28}},"3":{"start":{"line":39,"column":2},"end":{"line":97,"column":4}},"4":{"start":{"line":43,"column":77},"end":{"line":43,"column":90}},"5":{"start":{"line":55,"column":12},"end":{"line":62,"column":14}},"6":{"start":{"line":61,"column":30},"end":{"line":61,"column":55}},"7":{"start":{"line":82,"column":25},"end":{"line":82,"column":77}},"8":{"start":{"line":88,"column":25},"end":{"line":88,"column":77}},"9":{"start":{"line":93,"column":25},"end":{"line":93,"column":62}},"10":{"start":{"line":100,"column":15},"end":{"line":144,"column":2}}},"fnMap":{"0":{"name":"MeritDedicationScreen","decl":{"start":{"line":34,"column":24},"end":{"line":34,"column":45}},"loc":{"start":{"line":34,"column":48},"end":{"line":98,"column":1}},"line":34},"1":{"name":"(anonymous_1)","decl":{"start":{"line":43,"column":71},"end":{"line":43,"column":72}},"loc":{"start":{"line":43,"column":77},"end":{"line":43,"column":90}},"line":43},"2":{"name":"(anonymous_2)","decl":{"start":{"line":54,"column":29},"end":{"line":54,"column":30}},"loc":{"start":{"line":55,"column":12},"end":{"line":62,"column":14}},"line":55},"3":{"name":"(anonymous_3)","decl":{"start":{"line":61,"column":24},"end":{"line":61,"column":25}},"loc":{"start":{"line":61,"column":30},"end":{"line":61,"column":55}},"line":61},"4":{"name":"(anonymous_4)","decl":{"start":{"line":82,"column":19},"end":{"line":82,"column":20}},"loc":{"start":{"line":82,"column":25},"end":{"line":82,"column":77}},"line":82},"5":{"name":"(anonymous_5)","decl":{"start":{"line":88,"column":19},"end":{"line":88,"column":20}},"loc":{"start":{"line":88,"column":25},"end":{"line":88,"column":77}},"line":88},"6":{"name":"(anonymous_6)","decl":{"start":{"line":93,"column":19},"end":{"line":93,"column":20}},"loc":{"start":{"line":93,"column":25},"end":{"line":93,"column":62}},"line":93}},"branchMap":{},"s":{"0":1,"1":4,"2":4,"3":4,"4":0,"5":16,"6":0,"7":0,"8":1,"9":1,"10":1},"f":{"0":4,"1":0,"2":16,"3":0,"4":0,"5":1,"6":1},"b":{},"_coverageSchema":"1a1c01bbd47fc00a2c39e90264f33305004495a9","hash":"19bab52dfc34f5b4182f266234b2510c12c1661c"}
,"/home/eiat/projects/oremus-expo/assets/audio/namo_tassa.mp3": {"path":"/home/eiat/projects/oremus-expo/assets/audio/namo_tassa.mp3","statementMap":{"0":{"start":{"line":1,"column":0},"end":{"line":1,"column":19}}},"fnMap":{},"branchMap":{},"s":{"0":1},"f":{},"b":{},"_coverageSchema":"1a1c01bbd47fc00a2c39e90264f33305004495a9","hash":"10b0cb967e5ea07b41080ab49cbb0c978266c631"}
,"/home/eiat/projects/oremus-expo/assets/audio/temple_bell.mp3": {"path":"/home/eiat/projects/oremus-expo/assets/audio/temple_bell.mp3","statementMap":{"0":{"start":{"line":1,"column":0},"end":{"line":1,"column":19}}},"fnMap":{},"branchMap":{},"s":{"0":1},"f":{},"b":{},"_coverageSchema":"1a1c01bbd47fc00a2c39e90264f33305004495a9","hash":"ed968b5388e35bb18a454252db3e72d38d32bc99"}
,"/home/eiat/projects/oremus-expo/assets/images/background/christianity-waterpaint.png": {"path":"/home/eiat/projects/oremus-expo/assets/images/background/christianity-waterpaint.png","statementMap":{"0":{"start":{"line":1,"column":0},"end":{"line":4,"column":6}}},"fnMap":{},"branchMap":{},"s":{"0":1},"f":{},"b":{},"_coverageSchema":"1a1c01bbd47fc00a2c39e90264f33305004495a9","hash":"838781656f3acdf578840a48d290d06f5cf7caf3"}
,"/home/eiat/projects/oremus-expo/assets/sounds/jesus-prayer.wav": {"path":"/home/eiat/projects/oremus-expo/assets/sounds/jesus-prayer.wav","statementMap":{"0":{"start":{"line":1,"column":0},"end":{"line":1,"column":19}}},"fnMap":{},"branchMap":{},"s":{"0":2},"f":{},"b":{},"_coverageSchema":"1a1c01bbd47fc00a2c39e90264f33305004495a9","hash":"2fa2b5cb9d00cb80749844595967f0785e866b40"}
,"/home/eiat/projects/oremus-expo/components/themed-text.tsx": {"path":"/home/eiat/projects/oremus-expo/components/themed-text.tsx","statementMap":{"0":{"start":{"line":18,"column":16},"end":{"line":18,"column":77}},"1":{"start":{"line":20,"column":2},"end":{"line":20,"column":69}},"2":{"start":{"line":23,"column":15},"end":{"line":47,"column":2}}},"fnMap":{"0":{"name":"ThemedText","decl":{"start":{"line":11,"column":16},"end":{"line":11,"column":26}},"loc":{"start":{"line":17,"column":20},"end":{"line":21,"column":1}},"line":17}},"branchMap":{"0":{"loc":{"start":{"line":15,"column":2},"end":{"line":15,"column":18}},"type":"default-arg","locations":[{"start":{"line":15,"column":9},"end":{"line":15,"column":18}}],"line":15}},"s":{"0":115,"1":115,"2":8},"f":{"0":115},"b":{"0":[115]},"_coverageSchema":"1a1c01bbd47fc00a2c39e90264f33305004495a9","hash":"a75404950270f9655a1fe88e1ce4b533738107f2"}
,"/home/eiat/projects/oremus-expo/components/buddhist-prayer/altar-3d-placeholder.tsx": {"path":"/home/eiat/projects/oremus-expo/components/buddhist-prayer/altar-3d-placeholder.tsx","statementMap":{"0":{"start":{"line":25,"column":36},"end":{"line":25,"column":50}},"1":{"start":{"line":27,"column":2},"end":{"line":34,"column":17}},"2":{"start":{"line":28,"column":4},"end":{"line":31,"column":5}},"3":{"start":{"line":29,"column":6},"end":{"line":29,"column":26}},"4":{"start":{"line":30,"column":6},"end":{"line":30,"column":13}},"5":{"start":{"line":32,"column":18},"end":{"line":32,"column":60}},"6":{"start":{"line":32,"column":35},"end":{"line":32,"column":54}},"7":{"start":{"line":33,"column":4},"end":{"line":33,"column":37}},"8":{"start":{"line":33,"column":17},"end":{"line":33,"column":36}},"9":{"start":{"line":36,"column":2},"end":{"line":60,"column":4}},"10":{"start":{"line":63,"column":15},"end":{"line":144,"column":2}}},"fnMap":{"0":{"name":"Altar3DPlaceholder","decl":{"start":{"line":19,"column":16},"end":{"line":19,"column":34}},"loc":{"start":{"line":24,"column":28},"end":{"line":61,"column":1}},"line":24},"1":{"name":"(anonymous_1)","decl":{"start":{"line":27,"column":12},"end":{"line":27,"column":13}},"loc":{"start":{"line":27,"column":18},"end":{"line":34,"column":3}},"line":27},"2":{"name":"(anonymous_2)","decl":{"start":{"line":32,"column":29},"end":{"line":32,"column":30}},"loc":{"start":{"line":32,"column":35},"end":{"line":32,"column":54}},"line":32},"3":{"name":"(anonymous_3)","decl":{"start":{"line":33,"column":11},"end":{"line":33,"column":12}},"loc":{"start":{"line":33,"column":17},"end":{"line":33,"column":36}},"line":33}},"branchMap":{"0":{"loc":{"start":{"line":20,"column":12},"end":{"line":20,"column":28}},"type":"default-arg","locations":[{"start":{"line":20,"column":24},"end":{"line":20,"column":28}}],"line":20},"1":{"loc":{"start":{"line":21,"column":2},"end":{"line":21,"column":25}},"type":"default-arg","locations":[{"start":{"line":21,"column":21},"end":{"line":21,"column":25}}],"line":21},"2":{"loc":{"start":{"line":22,"column":2},"end":{"line":22,"column":17}},"type":"default-arg","locations":[{"start":{"line":22,"column":13},"end":{"line":22,"column":17}}],"line":22},"3":{"loc":{"start":{"line":28,"column":4},"end":{"line":31,"column":5}},"type":"if","locations":[{"start":{"line":28,"column":4},"end":{"line":31,"column":5}},{"start":{},"end":{}}],"line":28},"4":{"loc":{"start":{"line":38,"column":7},"end":{"line":42,"column":14}},"type":"cond-expr","locations":[{"start":{"line":39,"column":8},"end":{"line":41,"column":15}},{"start":{"line":42,"column":10},"end":{"line":42,"column":14}}],"line":38},"5":{"loc":{"start":{"line":51,"column":9},"end":{"line":51,"column":93}},"type":"cond-expr","locations":[{"start":{"line":51,"column":28},"end":{"line":51,"column":86}},{"start":{"line":51,"column":89},"end":{"line":51,"column":93}}],"line":51}},"s":{"0":15,"1":15,"2":5,"3":4,"4":4,"5":1,"6":1,"7":1,"8":1,"9":15,"10":2},"f":{"0":15,"1":5,"2":1,"3":1},"b":{"0":[0],"1":[0],"2":[2],"3":[4,1],"4":[5,10],"5":[10,5]},"_coverageSchema":"1a1c01bbd47fc00a2c39e90264f33305004495a9","hash":"1cd21da8a71a85d5e03decdea1069c24a00e54a0"}
,"/home/eiat/projects/oremus-expo/components/buddhist-prayer/altar-3d-scene.tsx": {"path":"/home/eiat/projects/oremus-expo/components/buddhist-prayer/altar-3d-scene.tsx","statementMap":{"0":{"start":{"line":15,"column":0},"end":{"line":15,"column":31}},"1":{"start":{"line":34,"column":24},"end":{"line":34,"column":47}},"2":{"start":{"line":35,"column":25},"end":{"line":35,"column":37}},"3":{"start":{"line":36,"column":59},"end":{"line":45,"column":1}},"4":{"start":{"line":48,"column":2},"end":{"line":48,"column":55}},"5":{"start":{"line":48,"column":43},"end":{"line":48,"column":55}},"6":{"start":{"line":49,"column":2},"end":{"line":49,"column":84}},"7":{"start":{"line":49,"column":65},"end":{"line":49,"column":84}},"8":{"start":{"line":50,"column":2},"end":{"line":50,"column":52}},"9":{"start":{"line":50,"column":39},"end":{"line":50,"column":52}},"10":{"start":{"line":51,"column":2},"end":{"line":51,"column":14}},"11":{"start":{"line":55,"column":16},"end":{"line":55,"column":45}},"12":{"start":{"line":56,"column":2},"end":{"line":56,"column":30}},"13":{"start":{"line":57,"column":14},"end":{"line":57,"column":41}},"14":{"start":{"line":59,"column":2},"end":{"line":61,"column":3}},"15":{"start":{"line":60,"column":4},"end":{"line":60,"column":55}},"16":{"start":{"line":63,"column":15},"end":{"line":63,"column":52}},"17":{"start":{"line":64,"column":16},"end":{"line":64,"column":40}},"18":{"start":{"line":66,"column":2},"end":{"line":68,"column":3}},"19":{"start":{"line":67,"column":4},"end":{"line":67,"column":59}},"20":{"start":{"line":70,"column":2},"end":{"line":70,"column":15}},"21":{"start":{"line":77,"column":2},"end":{"line":79,"column":3}},"22":{"start":{"line":78,"column":4},"end":{"line":78,"column":11}},"23":{"start":{"line":81,"column":2},"end":{"line":83,"column":3}},"24":{"start":{"line":82,"column":4},"end":{"line":82,"column":51}},"25":{"start":{"line":85,"column":2},"end":{"line":90,"column":3}},"26":{"start":{"line":86,"column":4},"end":{"line":86,"column":41}},"27":{"start":{"line":89,"column":4},"end":{"line":89,"column":58}},"28":{"start":{"line":98,"column":16},"end":{"line":98,"column":34}},"29":{"start":{"line":100,"column":2},"end":{"line":117,"column":5}},"30":{"start":{"line":101,"column":4},"end":{"line":103,"column":5}},"31":{"start":{"line":102,"column":6},"end":{"line":102,"column":13}},"32":{"start":{"line":105,"column":4},"end":{"line":112,"column":5}},"33":{"start":{"line":106,"column":6},"end":{"line":110,"column":9}},"34":{"start":{"line":107,"column":31},"end":{"line":107,"column":47}},"35":{"start":{"line":108,"column":8},"end":{"line":108,"column":46}},"36":{"start":{"line":109,"column":8},"end":{"line":109,"column":30}},"37":{"start":{"line":111,"column":6},"end":{"line":111,"column":13}},"38":{"start":{"line":114,"column":27},"end":{"line":114,"column":49}},"39":{"start":{"line":115,"column":4},"end":{"line":115,"column":42}},"40":{"start":{"line":116,"column":4},"end":{"line":116,"column":36}},"41":{"start":{"line":119,"column":21},"end":{"line":119,"column":58}},"42":{"start":{"line":120,"column":22},"end":{"line":120,"column":61}},"43":{"start":{"line":121,"column":17},"end":{"line":121,"column":47}},"44":{"start":{"line":122,"column":16},"end":{"line":122,"column":37}},"45":{"start":{"line":124,"column":2},"end":{"line":124,"column":36}},"46":{"start":{"line":126,"column":24},"end":{"line":126,"column":61}},"47":{"start":{"line":127,"column":17},"end":{"line":127,"column":61}},"48":{"start":{"line":128,"column":14},"end":{"line":128,"column":39}},"49":{"start":{"line":130,"column":2},"end":{"line":130,"column":31}},"50":{"start":{"line":131,"column":2},"end":{"line":131,"column":31}},"51":{"start":{"line":132,"column":2},"end":{"line":132,"column":28}},"52":{"start":{"line":134,"column":2},"end":{"line":134,"column":15}},"53":{"start":{"line":146,"column":20},"end":{"line":146,"column":47}},"54":{"start":{"line":148,"column":2},"end":{"line":169,"column":5}},"55":{"start":{"line":149,"column":4},"end":{"line":168,"column":7}},"56":{"start":{"line":150,"column":6},"end":{"line":152,"column":7}},"57":{"start":{"line":151,"column":8},"end":{"line":151,"column":15}},"58":{"start":{"line":154,"column":22},"end":{"line":154,"column":58}},"59":{"start":{"line":155,"column":23},"end":{"line":155,"column":36}},"60":{"start":{"line":156,"column":22},"end":{"line":156,"column":68}},"61":{"start":{"line":158,"column":6},"end":{"line":158,"column":70}},"62":{"start":{"line":159,"column":6},"end":{"line":159,"column":61}},"63":{"start":{"line":160,"column":6},"end":{"line":160,"column":69}},"64":{"start":{"line":162,"column":20},"end":{"line":162,"column":97}},"65":{"start":{"line":163,"column":6},"end":{"line":163,"column":34}},"66":{"start":{"line":165,"column":6},"end":{"line":167,"column":7}},"67":{"start":{"line":166,"column":8},"end":{"line":166,"column":86}},"68":{"start":{"line":171,"column":2},"end":{"line":193,"column":4}},"69":{"start":{"line":174,"column":8},"end":{"line":190,"column":15}},"70":{"start":{"line":178,"column":12},"end":{"line":178,"column":44}},"71":{"start":{"line":205,"column":19},"end":{"line":205,"column":38}},"72":{"start":{"line":206,"column":30},"end":{"line":206,"column":70}},"73":{"start":{"line":207,"column":36},"end":{"line":207,"column":64}},"74":{"start":{"line":208,"column":23},"end":{"line":208,"column":84}},"75":{"start":{"line":208,"column":37},"end":{"line":208,"column":71}},"76":{"start":{"line":210,"column":2},"end":{"line":239,"column":9}},"77":{"start":{"line":211,"column":20},"end":{"line":211,"column":25}},"78":{"start":{"line":214,"column":28},"end":{"line":218,"column":7}},"79":{"start":{"line":216,"column":35},"end":{"line":216,"column":70}},"80":{"start":{"line":220,"column":6},"end":{"line":222,"column":7}},"81":{"start":{"line":221,"column":8},"end":{"line":221,"column":74}},"82":{"start":{"line":225,"column":4},"end":{"line":225,"column":20}},"83":{"start":{"line":226,"column":4},"end":{"line":226,"column":23}},"84":{"start":{"line":228,"column":4},"end":{"line":234,"column":7}},"85":{"start":{"line":229,"column":6},"end":{"line":233,"column":7}},"86":{"start":{"line":230,"column":8},"end":{"line":232,"column":10}},"87":{"start":{"line":236,"column":4},"end":{"line":238,"column":6}},"88":{"start":{"line":237,"column":6},"end":{"line":237,"column":23}},"89":{"start":{"line":241,"column":22},"end":{"line":251,"column":14}},"90":{"start":{"line":242,"column":4},"end":{"line":244,"column":5}},"91":{"start":{"line":243,"column":6},"end":{"line":243,"column":18}},"92":{"start":{"line":246,"column":4},"end":{"line":250,"column":7}},"93":{"start":{"line":253,"column":26},"end":{"line":259,"column":14}},"94":{"start":{"line":254,"column":4},"end":{"line":256,"column":5}},"95":{"start":{"line":255,"column":6},"end":{"line":255,"column":18}},"96":{"start":{"line":258,"column":4},"end":{"line":258,"column":45}},"97":{"start":{"line":261,"column":27},"end":{"line":267,"column":14}},"98":{"start":{"line":262,"column":4},"end":{"line":264,"column":5}},"99":{"start":{"line":263,"column":6},"end":{"line":263,"column":18}},"100":{"start":{"line":266,"column":4},"end":{"line":266,"column":45}},"101":{"start":{"line":269,"column":23},"end":{"line":275,"column":14}},"102":{"start":{"line":270,"column":4},"end":{"line":272,"column":5}},"103":{"start":{"line":271,"column":6},"end":{"line":271,"column":18}},"104":{"start":{"line":274,"column":4},"end":{"line":274,"column":46}},"105":{"start":{"line":277,"column":24},"end":{"line":283,"column":14}},"106":{"start":{"line":278,"column":4},"end":{"line":280,"column":5}},"107":{"start":{"line":279,"column":6},"end":{"line":279,"column":18}},"108":{"start":{"line":282,"column":4},"end":{"line":282,"column":47}},"109":{"start":{"line":285,"column":2},"end":{"line":289,"column":24}},"110":{"start":{"line":286,"column":4},"end":{"line":288,"column":5}},"111":{"start":{"line":287,"column":6},"end":{"line":287,"column":18}},"112":{"start":{"line":291,"column":2},"end":{"line":302,"column":5}},"113":{"start":{"line":292,"column":4},"end":{"line":294,"column":5}},"114":{"start":{"line":293,"column":6},"end":{"line":293,"column":13}},"115":{"start":{"line":296,"column":20},"end":{"line":296,"column":42}},"116":{"start":{"line":297,"column":23},"end":{"line":297,"column":73}},"117":{"start":{"line":299,"column":4},"end":{"line":299,"column":57}},"118":{"start":{"line":300,"column":4},"end":{"line":300,"column":98}},"119":{"start":{"line":301,"column":4},"end":{"line":301,"column":80}},"120":{"start":{"line":304,"column":2},"end":{"line":306,"column":3}},"121":{"start":{"line":305,"column":4},"end":{"line":305,"column":20}},"122":{"start":{"line":308,"column":2},"end":{"line":310,"column":3}},"123":{"start":{"line":309,"column":4},"end":{"line":309,"column":16}},"124":{"start":{"line":312,"column":2},"end":{"line":367,"column":4}},"125":{"start":{"line":370,"column":28},"end":{"line":386,"column":2}},"126":{"start":{"line":371,"column":25},"end":{"line":371,"column":49}},"127":{"start":{"line":373,"column":2},"end":{"line":375,"column":3}},"128":{"start":{"line":374,"column":4},"end":{"line":374,"column":16}},"129":{"start":{"line":377,"column":2},"end":{"line":385,"column":4}},"130":{"start":{"line":388,"column":15},"end":{"line":392,"column":2}}},"fnMap":{"0":{"name":"normalizeGltfScene","decl":{"start":{"line":47,"column":9},"end":{"line":47,"column":27}},"loc":{"start":{"line":47,"column":61},"end":{"line":52,"column":1}},"line":47},"1":{"name":"loadAltarAsset","decl":{"start":{"line":54,"column":22},"end":{"line":54,"column":36}},"loc":{"start":{"line":54,"column":58},"end":{"line":71,"column":1}},"line":54},"2":{"name":"tuneMaterial","de
[...]
":12}},"20":{"start":{"line":58,"column":4},"end":{"line":60,"column":5}},"21":{"start":{"line":59,"column":6},"end":{"line":59,"column":26}},"22":{"start":{"line":63,"column":2},"end":{"line":63,"column":14}},"23":{"start":{"line":67,"column":2},"end":{"line":70,"column":5}}},"fnMap":{"0":{"name":"getPrayerTimesForDate","decl":{"start":{"line":19,"column":16},"end":{"line":19,"column":37}},"loc":{"start":{"line":23,"column":21},"end":{"line":36,"column":1}},"line":23},"1":{"name":"(anonymous_1)","decl":{"start":{"line":31,"column":26},"end":{"line":31,"column":27}},"loc":{"start":{"line":31,"column":37},"end":{"line":35,"column":3}},"line":31},"2":{"name":"getNextPrayer","decl":{"start":{"line":38,"column":16},"end":{"line":38,"column":29}},"loc":{"start":{"line":38,"column":86},"end":{"line":40,"column":1}},"line":38},"3":{"name":"(anonymous_3)","decl":{"start":{"line":39,"column":26},"end":{"line":39,"column":27}},"loc":{"start":{"line":39,"column":38},"end":{"line":39,"column":75}},"line":39},"4":{"name":"getCurrentPrayerName","decl":{"start":{"line":42,"column":16},"end":{"line":42,"column":36}},"loc":{"start":{"line":42,"column":95},"end":{"line":64,"column":1}},"line":42},"5":{"name":"formatTime","decl":{"start":{"line":66,"column":16},"end":{"line":66,"column":26}},"loc":{"start":{"line":66,"column":39},"end":{"line":71,"column":1}},"line":66}},"branchMap":{"0":{"loc":{"start":{"line":22,"column":2},"end":{"line":22,"column":25}},"type":"default-arg","locations":[{"start":{"line":22,"column":15},"end":{"line":22,"column":25}}],"line":22},"1":{"loc":{"start":{"line":38,"column":62},"end":{"line":38,"column":84}},"type":"default-arg","locations":[{"start":{"line":38,"column":74},"end":{"line":38,"column":84}}],"line":38},"2":{"loc":{"start":{"line":39,"column":9},"end":{"line":39,"column":84}},"type":"binary-expr","locations":[{"start":{"line":39,"column":9},"end":{"line":39,"column":76}},{"start":{"line":39,"column":80},"end":{"line":39,"column":84}}],"line":39},"3":{"loc":{"start":{"line":43,"column":2},"end":{"line":45,"column":3}},"type":"if","locations":[{"start":{"line":43,"column":2},"end":{"line":45,"column":3}},{"start":{},"end":{}}],"line":43},"4":{"loc":{"start":{"line":51,"column":4},"end":{"line":56,"column":5}},"type":"if","locations":[{"start":{"line":51,"column":4},"end":{"line":56,"column":5}},{"start":{},"end":{}}],"line":51},"5":{"loc":{"start":{"line":52,"column":6},"end":{"line":54,"column":7}},"type":"if","locations":[{"start":{"line":52,"column":6},"end":{"line":54,"column":7}},{"start":{},"end":{}}],"line":52},"6":{"loc":{"start":{"line":58,"column":4},"end":{"line":60,"column":5}},"type":"if","locations":[{"start":{"line":58,"column":4},"end":{"line":60,"column":5}},{"start":{},"end":{}}],"line":58},"7":{"loc":{"start":{"line":58,"column":8},"end":{"line":58,"column":86}},"type":"binary-expr","locations":[{"start":{"line":58,"column":8},"end":{"line":58,"column":47}},{"start":{"line":58,"column":51},"end":{"line":58,"column":86}}],"line":58}},"s":{"0":1,"1":2,"2":2,"3":2,"4":2,"5":2,"6":2,"7":10,"8":1,"9":1,"10":0,"11":0,"12":0,"13":0,"14":0,"15":0,"16":0,"17":0,"18":0,"19":0,"20":0,"21":0,"22":0,"23":0},"f":{"0":2,"1":10,"2":1,"3":1,"4":0,"5":0},"b":{"0":[0],"1":[0],"2":[1,0],"3":[0,0],"4":[0,0],"5":[0,0],"6":[0,0],"7":[0,0]},"_coverageSchema":"1a1c01bbd47fc00a2c39e90264f33305004495a9","hash":"5a5ab260965715792db57c225f55165e51ce3077"}
,"/home/eiat/projects/oremus-expo/lib/qibla-permission-state.ts": {"path":"/home/eiat/projects/oremus-expo/lib/qibla-permission-state.ts","statementMap":{"0":{"start":{"line":21,"column":2},"end":{"line":23,"column":3}},"1":{"start":{"line":22,"column":4},"end":{"line":22,"column":24}},"2":{"start":{"line":25,"column":2},"end":{"line":27,"column":3}},"3":{"start":{"line":26,"column":4},"end":{"line":26,"column":23}},"4":{"start":{"line":29,"column":2},"end":{"line":31,"column":3}},"5":{"start":{"line":30,"column":4},"end":{"line":30,"column":21}},"6":{"start":{"line":33,"column":2},"end":{"line":33,"column":51}}},"fnMap":{"0":{"name":"getQiblaPermissionFlowState","decl":{"start":{"line":16,"column":16},"end":{"line":16,"column":43}},"loc":{"start":{"line":20,"column":63},"end":{"line":34,"column":1}},"line":20}},"branchMap":{"0":{"loc":{"start":{"line":21,"column":2},"end":{"line":23,"column":3}},"type":"if","locations":[{"start":{"line":21,"column":2},"end":{"line":23,"column":3}},{"start":{},"end":{}}],"line":21},"1":{"loc":{"start":{"line":25,"column":2},"end":{"line":27,"column":3}},"type":"if","locations":[{"start":{"line":25,"column":2},"end":{"line":27,"column":3}},{"start":{},"end":{}}],"line":25},"2":{"loc":{"start":{"line":25,"column":6},"end":{"line":25,"column":50}},"type":"binary-expr","locations":[{"start":{"line":25,"column":6},"end":{"line":25,"column":21}},{"start":{"line":25,"column":25},"end":{"line":25,"column":50}}],"line":25},"3":{"loc":{"start":{"line":29,"column":2},"end":{"line":31,"column":3}},"type":"if","locations":[{"start":{"line":29,"column":2},"end":{"line":31,"column":3}},{"start":{},"end":{}}],"line":29},"4":{"loc":{"start":{"line":33,"column":9},"end":{"line":33,"column":50}},"type":"cond-expr","locations":[{"start":{"line":33,"column":23},"end":{"line":33,"column":38}},{"start":{"line":33,"column":41},"end":{"line":33,"column":50}}],"line":33}},"s":{"0":5,"1":0,"2":5,"3":0,"4":5,"5":2,"6":3},"f":{"0":5},"b":{"0":[0,5],"1":[0,5],"2":[5,5],"3":[2,3],"4":[2,1]},"_coverageSchema":"1a1c01bbd47fc00a2c39e90264f33305004495a9","hash":"d1829704773fb32876d6f44921a79ab9937ce696"}
,"/home/eiat/projects/oremus-expo/lib/qibla.ts": {"path":"/home/eiat/projects/oremus-expo/lib/qibla.ts","statementMap":{"0":{"start":{"line":1,"column":33},"end":{"line":4,"column":10}},"1":{"start":{"line":6,"column":24},"end":{"line":6,"column":28}},"2":{"start":{"line":8,"column":18},"end":{"line":8,"column":56}},"3":{"start":{"line":8,"column":35},"end":{"line":8,"column":56}},"4":{"start":{"line":9,"column":18},"end":{"line":9,"column":56}},"5":{"start":{"line":9,"column":35},"end":{"line":9,"column":56}},"6":{"start":{"line":12,"column":15},"end":{"line":12,"column":34}},"7":{"start":{"line":13,"column":15},"end":{"line":13,"column":35}},"8":{"start":{"line":14,"column":15},"end":{"line":14,"column":52}},"9":{"start":{"line":15,"column":15},"end":{"line":15,"column":53}},"10":{"start":{"line":17,"column":12},"end":{"line":17,"column":33}},"11":{"start":{"line":18,"column":12},"end":{"line":18,"column":84}},"12":{"start":{"line":19,"column":18},"end":{"line":19,"column":45}},"13":{"start":{"line":21,"column":2},"end":{"line":21,"column":31}},"14":{"start":{"line":25,"column":15},"end":{"line":25,"column":34}},"15":{"start":{"line":26,"column":15},"end":{"line":26,"column":35}},"16":{"start":{"line":27,"column":15},"end":{"line":27,"column":52}},"17":{"start":{"line":28,"column":15},"end":{"line":28,"column":53}},"18":{"start":{"line":30,"column":15},"end":{"line":30,"column":26}},"19":{"start":{"line":31,"column":15},"end":{"line":31,"column":26}},"20":{"start":{"line":34,"column":4},"end":{"line":35,"column":77}},"21":{"start":{"line":37,"column":12},"end":{"line":37,"column":58}},"22":{"start":{"line":38,"column":2},"end":{"line":38,"column":29}}},"fnMap":{"0":{"name":"(anonymous_0)","decl":{"start":{"line":8,"column":18},"end":{"line":8,"column":19}},"loc":{"start":{"line":8,"column":35},"end":{"line":8,"column":56}},"line":8},"1":{"name":"(anonymous_1)","decl":{"start":{"line":9,"column":18},"end":{"line":9,"column":19}},"loc":{"start":{"line":9,"column":35},"end":{"line":9,"column":56}},"line":9},"2":{"name":"getQiblaBearing","decl":{"start":{"line":11,"column":16},"end":{"line":11,"column":31}},"loc":{"start":{"line":11,"column":77},"end":{"line":22,"column":1}},"line":11},"3":{"name":"getDistanceToKaabaKm","decl":{"start":{"line":24,"column":16},"end":{"line":24,"column":36}},"loc":{"start":{"line":24,"column":82},"end":{"line":39,"column":1}},"line":24}},"branchMap":{},"s":{"0":2,"1":2,"2":2,"3":16,"4":2,"5":3,"6":3,"7":3,"8":3,"9":3,"10":3,"11":3,"12":3,"13":3,"14":1,"15":1,"16":1,"17":1,"18":1,"19":1,"20":1,"21":1,"22":1},"f":{"0":16,"1":3,"2":3,"3":1},"b":{},"_coverageSchema":"1a1c01bbd47fc00a2c39e90264f33305004495a9","hash":"0594501fe576bd588d68efd8642ad79e93e04b7c"}
,"/home/eiat/projects/oremus-expo/lib/session-log.ts": {"path":"/home/eiat/projects/oremus-expo/lib/session-log.ts","statementMap":{"0":{"start":{"line":5,"column":32},"end":{"line":5,"column":56}},"1":{"start":{"line":21,"column":23},"end":{"line":23,"column":7}},"2":{"start":{"line":25,"column":2},"end":{"line":29,"column":4}},"3":{"start":{"line":33,"column":2},"end":{"line":35,"column":3}},"4":{"start":{"line":34,"column":4},"end":{"line":34,"column":14}},"5":{"start":{"line":37,"column":2},"end":{"line":46,"column":3}},"6":{"start":{"line":38,"column":19},"end":{"line":38,"column":55}},"7":{"start":{"line":39,"column":4},"end":{"line":41,"column":5}},"8":{"start":{"line":40,"column":6},"end":{"line":40,"column":16}},"9":{"start":{"line":43,"column":4},"end":{"line":43,"column":18}},"10":{"start":{"line":45,"column":4},"end":{"line":45,"column":14}},"11":{"start":{"line":49,"column":40},"end":{"line":49,"column":57}},"12":{"start":{"line":52,"column":14},"end":{"line":52,"column":65}},"13":{"start":{"line":53,"column":2},"end":{"line":53,"column":27}},"14":{"start":{"line":57,"column":21},"end":{"line":57,"column":42}},"15":{"start":{"line":59,"column":17},"end":{"line":64,"column":35}},"16":{"start":{"line":60,"column":21},"end":{"line":60,"column":49}},"17":{"start":{"line":61,"column":17},"end":{"line":61,"column":56}},"18":{"start":{"line":62,"column":4},"end":{"line":62,"column":78}},"19":{"start":{"line":63,"column":4},"end":{"line":63,"column":16}},"20":{"start":{"line":66,"column":2},"end":{"line":66,"column":16}}},"fnMap":{"0":{"name":"normalizeEntry","decl":{"start":{"line":20,"column":9},"end":{"line":20,"column":23}},"loc":{"start":{"line":20,"column":65},"end":{"line":30,"column":1}},"line":20},"1":{"name":"parseEntries","decl":{"start":{"line":32,"column":9},"end":{"line":32,"column":21}},"loc":{"start":{"line":32,"column":61},"end":{"line":47,"column":1}},"line":32},"2":{"name":"getSessionLogEntries","decl":{"start":{"line":51,"column":22},"end":{"line":51,"column":42}},"loc":{"start":{"line":51,"column":73},"end":{"line":54,"column":1}},"line":51},"3":{"name":"addSessionLogEntry","decl":{"start":{"line":56,"column":22},"end":{"line":56,"column":40}},"loc":{"start":{"line":56,"column":93},"end":{"line":67,"column":1}},"line":56},"4":{"name":"(anonymous_4)","decl":{"start":{"line":59,"column":57},"end":{"line":59,"column":58}},"loc":{"start":{"line":59,"column":69},"end":{"line":64,"column":3}},"line":59}},"branchMap":{"0":{"loc":{"start":{"line":21,"column":23},"end":{"line":23,"column":7}},"type":"cond-expr","locations":[{"start":{"line":22,"column":6},"end":{"line":22,"column":52}},{"start":{"line":23,"column":6},"end":{"line":23,"column":7}}],"line":21},"1":{"loc":{"start":{"line":28,"column":30},"end":{"line":28,"column":59}},"type":"binary-expr","locations":[{"start":{"line":28,"column":30},"end":{"line":28,"column":46}},{"start":{"line":28,"column":50},"end":{"line":28,"column":59}}],"line":28},"2":{"loc":{"start":{"line":33,"column":2},"end":{"line":35,"column":3}},"type":"if","locations":[{"start":{"line":33,"column":2},"end":{"line":35,"column":3}},{"start":{},"end":{}}],"line":33},"3":{"loc":{"start":{"line":39,"column":4},"end":{"line":41,"column":5}},"type":"if","locations":[{"start":{"line":39,"column":4},"end":{"line":41,"column":5}},{"start":{},"end":{}}],"line":39}},"s":{"0":2,"1":0,"2":0,"3":0,"4":0,"5":0,"6":0,"7":0,"8":0,"9":0,"10":0,"11":2,"12":0,"13":0,"14":0,"15":0,"16":0,"17":0,"18":0,"19":0,"20":0},"f":{"0":0,"1":0,"2":0,"3":0,"4":0},"b":{"0":[0,0],"1":[0,0],"2":[0,0],"3":[0,0]},"_coverageSchema":"1a1c01bbd47fc00a2c39e90264f33305004495a9","hash":"d30e2cfd4606bb7a3910b20000cfb986d162a9bf"}
,"/home/eiat/projects/oremus-expo/lib/three-native.ts": {"path":"/home/eiat/projects/oremus-expo/lib/three-native.ts","statementMap":{"0":{"start":{"line":26,"column":33},"end":{"line":30,"column":2}},"1":{"start":{"line":32,"column":34},"end":{"line":32,"column":39}},"2":{"start":{"line":35,"column":2},"end":{"line":37,"column":3}},"3":{"start":{"line":36,"column":4},"end":{"line":36,"column":11}},"4":{"start":{"line":39,"column":30},"end":{"line":41,"column":3}},"5":{"start":{"line":42,"column":28},"end":{"line":42,"column":56}},"6":{"start":{"line":44,"column":2},"end":{"line":55,"column":3}},"7":{"start":{"line":45,"column":4},"end":{"line":45,"column":69}},"8":{"start":{"line":46,"column":9},"end":{"line":55,"column":3}},"9":{"start":{"line":50,"column":4},"end":{"line":54,"column":7}},"10":{"start":{"line":57,"column":2},"end":{"line":57,"column":37}},"11":{"start":{"line":61,"column":2},"end":{"line":63,"column":3}},"12":{"start":{"line":62,"column":4},"end":{"line":62,"column":14}},"13":{"start":{"line":65,"column":2},"end":{"line":67,"column":3}},"14":{"start":{"line":66,"column":4},"end":{"line":66,"column":14}},"15":{"start":{"line":69,"column":35},"end":{"line":69,"column":71}},"16":{"start":{"line":71,"column":2},"end":{"line":72,"column":84}},"17":{"start":{"line":72,"column":4},"end":{"line":72,"column":83}},"18":{"start":{"line":74,"column":2},"end":{"line":77,"column":5}},"19":{"start":{"line":79,"column":2},"end":{"line":79,"column":12}},"20":{"start":{"line":82,"column":48},"end":{"line":85,"column":2}},"21":{"start":{"line":88,"column":2},"end":{"line":90,"column":3}},"22":{"start":{"line":89,"column":4},"end":{"line":89,"column":14}},"23":{"start":{"line":92,"column":2},"end":{"line":94,"column":3}},"24":{"start":{"line":93,"column":4},"end":{"line":93,"column":14}},"25":{"start":{"line":96,"column":22},"end":{"line":96,"column":45}},"26":{"start":{"line":98,"column":2},"end":{"line":104,"column":4}},"27":{"start":{"line":99,"column":4},"end":{"line":101,"column":5}},"28":{"start":{"line":100,"column":6},"end":{"line":100,"column":13}},"29":{"start":{"line":103,"column":4},"end":{"line":103,"column":30}},"30":{"start":{"line":106,"column":2},"end":{"line":109,"column":5}},"31":{"start":{"line":111,"column":2},"end":{"line":111,"column":12}},"32":{"start":{"line":115,"column":2},"end":{"line":115,"column":33}},"33":{"start":{"line":117,"column":18},"end":{"line":121,"column":3}},"34":{"start":{"line":123,"column":19},"end":{"line":126,"column":4}},"35":{"start":{"line":132,"column":2},"end":{"line":134,"column":3}},"36":{"start":{"line":133,"column":4},"end":{"line":133,"column":45}},"37":{"start":{"line":136,"column":2},"end":{"line":136,"column":18}}},"fnMap":{"0":{"name":"ensureNativeThreeEnvironment","decl":{"start":{"line":34,"column":16},"end":{"line":34,"column":44}},"loc":{"start":{"line":34,"column":47},"end":{"line":58,"column":1}},"line":34},"1":{"name":"patchShaderPrecision","decl":{"start":{"line":60,"column":9},"end":{"line":60,"column":29}},"loc":{"start":{"line":60,"column":58},"end":{"line":80,"column":1}},"line":60},"2":{"name":"(anonymous_2)","decl":{"start":{"line":71,"column":32},"end":{"line":71,"column":33}},"loc":{"start":{"line":72,"column":4},"end":{"line":72,"column":83}},"line":72},"3":{"name":"patchPixelStorei","decl":{"start":{"line":87,"column":16},"end":{"line":87,"column":32}},"loc":{"start":{"line":87,"column":61},"end":{"line":112,"column":1}},"line":87},"4":{"name":"(anonymous_4)","decl":{"start":{"line":98,"column":19},"end":{"line":98,"column":20}},"loc":{"start":{"line":98,"column":37},"end":{"line":104,"column":3}},"line":98},"5":{"name":"createNativeCanvasRenderer","decl":{"start":{"line":114,"column":16},"end":{"line":114,"column":42}},"loc":{"start":{"line":114,"column":84},"end":{"line":137,"column":1}},"line":114}},"branchMap":{"0":{"loc":{"start":{"line":35,"column":2},"end":{"line":37,"column":3}},"type":"if","locations":[{"start":{"line":35,"column":2},"end":{"line":37,"column":3}},{"start":{},"end":{}}],"line":35},"1":{"loc":{"start":{"line":35,"column":6},"end":{"line":35,"column":58}},"type":"binary-expr","locations":[{"start":{"line":35,"column":6},"end":{"line":35,"column":33}},{"start":{"line":35,"column":37},"end":{"line":35,"column":58}}],"line":35},"2":{"loc":{"start":{"line":44,"column":2},"end":{"line":55,"column":3}},"type":"if","locations":[{"start":{"line":44,"column":2},"end":{"line":55,"column":3}},{"start":{"line":46,"column":9},"end":{"line":55,"column":3}}],"line":44},"3":{"loc":{"start":{"line":46,"column":9},"end":{"line":55,"column":3}},"type":"if","locations":[{"start":{"line":46,"column":9},"end":{"line":55,"column":3}},{"start":{},"end":{}}],"line":46},"4":{"loc":{"start":{"line":47,"column":4},"end":{"line":48,"column":56}},"type":"binary-expr","locations":[{"start":{"line":47,"column":4},"end":{"line":47,"column":63}},{"start":{"line":48,"column":4},"end":{"line":48,"column":56}}],"line":47},"5":{"loc":{"start":{"line":61,"column":2},"end":{"line":63,"column":3}},"type":"if","locations":[{"start":{"line":61,"column":2},"end":{"line":63,"column":3}},{"start":{},"end":{}}],"line":61},"6":{"loc":{"start":{"line":61,"column":6},"end":{"line":61,"column":62}},"type":"binary-expr","locations":[{"start":{"line":61,"column":6},"end":{"line":61,"column":9}},{"start":{"line":61,"column":13},"end":{"line":61,"column":62}}],"line":61},"7":{"loc":{"start":{"line":65,"column":2},"end":{"line":67,"column":3}},"type":"if","locations":[{"start":{"line":65,"column":2},"end":{"line":67,"column":3}},{"start":{},"end":{}}],"line":65},"8":{"loc":{"start":{"line":72,"column":4},"end":{"line":72,"column":83}},"type":"binary-expr","locations":[{"start":{"line":72,"column":4},"end":{"line":72,"column":55}},{"start":{"line":72,"column":59},"end":{"line":72,"column":83}}],"line":72},"9":{"loc":{"start":{"line":88,"column":2},"end":{"line":90,"column":3}},"type":"if","locations":[{"start":{"line":88,"column":2},"end":{"line":90,"column":3}},{"start":{},"end":{}}],"line":88},"10":{"loc":{"start":{"line":88,"column":6},"end":{"line":88,"column":49}},"type":"binary-expr","locations":[{"start":{"line":88,"column":6},"end":{"line":88,"column":9}},{"start":{"line":88,"column":13},"end":{"line":88,"column":49}}],"line":88},"11":{"loc":{"start":{"line":92,"column":2},"end":{"line":94,"column":3}},"type":"if","locations":[{"start":{"line":92,"column":2},"end":{"line":94,"column":3}},{"start":{},"end":{}}],"line":92},"12":{"loc":{"start":{"line":99,"column":4},"end":{"line":101,"column":5}},"type":"if","locations":[{"start":{"line":99,"column":4},"end":{"line":101,"column":5}},{"start":{},"end":{}}],"line":99},"13":{"loc":{"start":{"line":119,"column":59},"end":{"line":119,"column":89}},"type":"binary-expr","locations":[{"start":{"line":119,"column":59},"end":{"line":119,"column":81}},{"start":{"line":119,"column":85},"end":{"line":119,"column":89}}],"line":119},"14":{"loc":{"start":{"line":125,"column":13},"end":{"line":125,"column":33}},"type":"binary-expr","locations":[{"start":{"line":125,"column":13},"end":{"line":125,"column":20}},{"start":{"line":125,"column":24},"end":{"line":125,"column":33}}],"line":125},"15":{"loc":{"start":{"line":132,"column":2},"end":{"line":134,"column":3}},"type":"if","locations":[{"start":{"line":132,"column":2},"end":{"line":134,"column":3}},{"start":{},"end":{}}],"line":132}},"s":{"0":2,"1":2,"2":1,"3":0,"4":1,"5":1,"6":1,"7":0,"8":1,"9":0,"10":1,"11":0,"12":0,"13":0,"14":0,"15":0,"16":0,"17":0,"18":0,"19":0,"20":2,"21":2,"22":0,"23":2,"24":0,"25":2,"26":2,"27":4,"28":2,"29":2,"30":2,"31":2,"32":0,"33":0,"34":0,"35":0,"36":0,"37":0},"f":{"0":1,"1":0,"2":0,"3":2,"4":4,"5":0},"b":{"0":[0,1],"1":[1,1],"2":[0,1],"3":[0,1],"4":[1,1],"5":[0,0],"6":[0,0],"7":[0,0],"8":[0,0],"9":[0,2],"10":[2,2],"11":[0,2],"12":[2,2],"13":[0,0],"14":[0,0],"15":[0,0]},"_coverageSchema":"1a1c01bbd47fc00a2c39e90264f33305004495a9","hash":"0bf51721be27349e4ad21ec82921557190ed9805"}
}
