TN:
SF:app/(tabs)/qibla.tsx
FN:19,toTitleCase
FN:20,(anonymous_1)
FN:23,isPrayerName
FN:33,QiblaScreen
FN:110,(anonymous_4)
FN:116,(anonymous_5)
FN:145,(anonymous_6)
FN:155,(anonymous_7)
FN:205,(anonymous_8)
FN:209,(anonymous_9)
FN:218,(anonymous_10)
FN:248,(anonymous_11)
FN:261,(anonymous_12)
FN:305,(anonymous_13)
FN:345,(anonymous_14)
FN:372,(anonymous_15)
FN:395,(anonymous_16)
FN:421,(anonymous_17)
FN:440,(anonymous_18)
FN:506,(anonymous_19)
FN:507,(anonymous_20)
FN:514,(anonymous_21)
FN:515,(anonymous_22)
FN:522,(anonymous_23)
FN:523,(anonymous_24)
FN:530,(anonymous_25)
FN:540,(anonymous_26)
FN:545,(anonymous_27)
FN:566,(anonymous_28)
FN:591,(anonymous_29)
FN:594,(anonymous_30)
FN:608,(anonymous_31)
FN:621,(anonymous_32)
FN:624,(anonymous_33)
FN:627,(anonymous_34)
FN:632,(anonymous_35)
FN:635,(anonymous_36)
FN:636,(anonymous_37)
FN:643,(anonymous_38)
FN:664,(anonymous_39)
FN:668,(anonymous_40)
FN:674,(anonymous_41)
FN:682,QiblaErrorFallback
FN:752,QiblaRoute
FN:754,(anonymous_44)
FNF:45
FNH:30
FNDA:42,toTitleCase
FNDA:42,(anonymous_1)
FNDA:42,isPrayerName
FNDA:42,QiblaScreen
FNDA:20,(anonymous_4)
FNDA:4,(anonymous_5)
FNDA:16,(anonymous_6)
FNDA:4,(anonymous_7)
FNDA:0,(anonymous_8)
FNDA:0,(anonymous_9)
FNDA:20,(anonymous_10)
FNDA:16,(anonymous_11)
FNDA:20,(anonymous_12)
FNDA:16,(anonymous_13)
FNDA:20,(anonymous_14)
FNDA:16,(anonymous_15)
FNDA:20,(anonymous_16)
FNDA:37,(anonymous_17)
FNDA:3,(anonymous_18)
FNDA:16,(anonymous_19)
FNDA:16,(anonymous_20)
FNDA:16,(anonymous_21)
FNDA:16,(anonymous_22)
FNDA:16,(anonymous_23)
FNDA:2,(anonymous_24)
FNDA:1,(anonymous_25)
FNDA:16,(anonymous_26)
FNDA:0,(anonymous_27)
FNDA:2,(anonymous_28)
FNDA:0,(anonymous_29)
FNDA:0,(anonymous_30)
FNDA:0,(anonymous_31)
FNDA:2,(anonymous_32)
FNDA:0,(anonymous_33)
FNDA:0,(anonymous_34)
FNDA:0,(anonymous_35)
FNDA:0,(anonymous_36)
FNDA:0,(anonymous_37)
FNDA:1,(anonymous_38)
FNDA:0,(anonymous_39)
FNDA:0,(anonymous_40)
FNDA:20,(anonymous_41)
FNDA:0,QiblaErrorFallback
FNDA:20,QiblaRoute
FNDA:0,(anonymous_44)
DA:13,2
DA:14,2
DA:15,2
DA:20,42
DA:24,42
DA:34,42
DA:35,42
DA:36,42
DA:37,42
DA:38,42
DA:39,42
DA:40,42
DA:41,42
DA:42,42
DA:43,42
DA:54,42
DA:56,42
DA:61,42
DA:64,42
DA:65,42
DA:66,42
DA:67,42
DA:68,42
DA:69,42
DA:72,42
DA:95,42
DA:97,42
DA:98,42
DA:99,42
DA:100,42
DA:101,42
DA:102,42
DA:103,42
DA:104,42
DA:105,42
DA:106,42
DA:107,42
DA:108,42
DA:110,42
DA:111,20
DA:112,20
DA:115,42
DA:124,4
DA:125,4
DA:126,4
DA:132,4
DA:133,0
DA:136,4
DA:145,42
DA:146,16
DA:147,4
DA:150,12
DA:151,12
DA:154,42
DA:156,4
DA:157,0
DA:160,4
DA:168,4
DA:169,0
DA:170,0
DA:173,4
DA:174,4
DA:176,4
DA:177,4
DA:182,1
DA:183,1
DA:184,1
DA:205,42
DA:206,0
DA:207,0
DA:209,0
DA:210,0
DA:211,0
DA:218,42
DA:219,20
DA:220,4
DA:223,16
DA:224,5
DA:225,5
DA:226,4
DA:236,5
DA:248,42
DA:249,16
DA:250,4
DA:253,12
DA:254,12
DA:261,42
DA:262,20
DA:267,8
DA:271,12
DA:276,12
DA:277,12
DA:278,0
DA:281,12
DA:282,12
DA:305,42
DA:306,16
DA:307,4
DA:311,12
DA:316,12
DA:317,12
DA:318,0
DA:321,12
DA:322,12
DA:345,42
DA:346,20
DA:347,18
DA:350,2
DA:355,2
DA:356,0
DA:359,2
DA:360,2
DA:372,42
DA:373,16
DA:374,15
DA:377,1
DA:382,1
DA:383,0
DA:386,1
DA:387,1
DA:395,42
DA:396,20
DA:397,4
DA:398,4
DA:401,16
DA:402,7
DA:403,7
DA:406,7
DA:409,9
DA:410,9
DA:411,9
DA:416,42
DA:421,42
DA:422,37
DA:423,4
DA:424,4
DA:425,0
DA:426,0
DA:428,4
DA:429,4
DA:430,4
DA:433,33
DA:434,14
DA:435,8
DA:438,6
DA:439,6
DA:440,6
DA:441,3
DA:442,3
DA:443,3
DA:448,0
DA:449,0
DA:452,3
DA:453,3
DA:454,3
DA:461,3
DA:464,6
DA:468,19
DA:472,19
DA:473,2
DA:487,19
DA:488,19
DA:489,2
DA:490,2
DA:492,19
DA:493,19
DA:506,42
DA:507,16
DA:508,16
DA:509,1
DA:514,42
DA:515,16
DA:516,16
DA:517,0
DA:522,42
DA:523,16
DA:524,2
DA:525,1
DA:528,1
DA:529,1
DA:530,1
DA:531,1
DA:532,1
DA:533,1
DA:536,0
DA:540,16
DA:541,16
DA:545,42
DA:546,0
DA:547,0
DA:557,0
DA:561,42
DA:566,42
DA:567,2
DA:568,2
DA:571,42
DA:592,0
DA:595,0
DA:596,0
DA:606,0
DA:609,0
DA:610,0
DA:611,0
DA:614,0
DA:615,0
DA:622,2
DA:625,0
DA:628,0
DA:629,0
DA:633,0
DA:635,0
DA:636,0
DA:643,1
DA:662,16
DA:665,0
DA:669,0
DA:670,0
DA:675,20
DA:676,0
DA:678,20
DA:683,0
DA:714,2
DA:753,20
DA:754,20
DA:755,0
DA:756,0
DA:760,20
LF:227
LH:183
BRDA:25,0,0,42
BRDA:25,0,1,16
BRDA:25,0,2,10
BRDA:25,0,3,6
BRDA:25,0,4,5
BRDA:61,1,0,0
BRDA:61,1,1,42
BRDA:64,2,0,0
BRDA:64,2,1,42
BRDA:65,3,0,0
BRDA:65,3,1,42
BRDA:66,4,0,38
BRDA:66,4,1,4
BRDA:67,5,0,42
BRDA:67,5,1,0
BRDA:70,6,0,38
BRDA:70,6,1,4
BRDA:70,7,0,38
BRDA:70,7,1,16
BRDA:74,8,0,38
BRDA:74,8,1,4
BRDA:97,9,0,42
BRDA:97,9,1,0
BRDA:98,10,0,42
BRDA:98,10,1,0
BRDA:124,11,0,4
BRDA:124,11,1,0
BRDA:125,12,0,1
BRDA:125,12,1,3
BRDA:132,13,0,0
BRDA:132,13,1,4
BRDA:137,14,0,1
BRDA:137,14,1,3
BRDA:146,15,0,4
BRDA:146,15,1,12
BRDA:146,16,0,16
BRDA:146,16,1,12
BRDA:156,17,0,0
BRDA:156,17,1,4
BRDA:161,18,0,3
BRDA:161,18,1,1
BRDA:168,19,0,0
BRDA:168,19,1,4
BRDA:179,20,0,4
BRDA:179,20,1,0
BRDA:187,21,0,1
BRDA:187,21,1,0
BRDA:206,22,0,0
BRDA:206,22,1,0
BRDA:213,23,0,0
BRDA:213,23,1,0
BRDA:219,24,0,4
BRDA:219,24,1,16
BRDA:223,25,0,5
BRDA:223,25,1,11
BRDA:223,26,0,16
BRDA:223,26,1,16
BRDA:225,27,0,4
BRDA:225,27,1,1
BRDA:249,28,0,4
BRDA:249,28,1,12
BRDA:249,29,0,16
BRDA:249,29,1,12
BRDA:262,30,0,8
BRDA:262,30,1,12
BRDA:263,31,0,20
BRDA:263,31,1,16
BRDA:263,31,2,16
BRDA:271,32,0,8
BRDA:271,32,1,4
BRDA:273,33,0,0
BRDA:273,33,1,4
BRDA:277,34,0,0
BRDA:277,34,1,12
BRDA:285,35,0,8
BRDA:285,35,1,4
BRDA:287,36,0,0
BRDA:287,36,1,4
BRDA:306,37,0,4
BRDA:306,37,1,12
BRDA:306,38,0,16
BRDA:306,38,1,12
BRDA:311,39,0,9
BRDA:311,39,1,3
BRDA:313,40,0,0
BRDA:313,40,1,3
BRDA:317,41,0,0
BRDA:317,41,1,12
BRDA:325,42,0,9
BRDA:325,42,1,3
BRDA:327,43,0,0
BRDA:327,43,1,3
BRDA:346,44,0,18
BRDA:346,44,1,2
BRDA:346,45,0,20
BRDA:346,45,1,16
BRDA:355,46,0,0
BRDA:355,46,1,2
BRDA:361,47,0,1
BRDA:361,47,1,1
BRDA:373,48,0,15
BRDA:373,48,1,1
BRDA:373,49,0,16
BRDA:373,49,1,12
BRDA:382,50,0,0
BRDA:382,50,1,1
BRDA:396,51,0,4
BRDA:396,51,1,16
BRDA:401,52,0,7
BRDA:401,52,1,9
BRDA:401,53,0,16
BRDA:401,53,1,7
BRDA:409,54,0,9
BRDA:409,54,1,0
BRDA:416,55,0,42
BRDA:416,55,1,38
BRDA:416,55,2,18
BRDA:416,55,3,15
BRDA:422,56,0,4
BRDA:422,56,1,33
BRDA:424,57,0,0
BRDA:424,57,1,4
BRDA:433,58,0,14
BRDA:433,58,1,19
BRDA:434,59,0,8
BRDA:434,59,1,6
BRDA:434,60,0,14
BRDA:434,60,1,8
BRDA:442,61,0,3
BRDA:442,61,1,0
BRDA:443,62,0,0
BRDA:443,62,1,3
BRDA:444,63,0,3
BRDA:444,63,1,3
BRDA:444,63,2,3
BRDA:452,64,0,3
BRDA:452,64,1,0
BRDA:468,65,0,19
BRDA:468,65,1,2
BRDA:468,65,2,2
BRDA:472,66,0,2
BRDA:472,66,1,17
BRDA:476,67,0,2
BRDA:476,67,1,0
BRDA:478,68,0,2
BRDA:478,68,1,0
BRDA:480,69,0,0
BRDA:480,69,1,0
BRDA:488,70,0,2
BRDA:488,70,1,17
BRDA:508,71,0,1
BRDA:508,71,1,15
BRDA:516,72,0,0
BRDA:516,72,1,16
BRDA:524,73,0,1
BRDA:524,73,1,1
BRDA:524,74,0,2
BRDA:524,74,1,2
BRDA:531,75,0,1
BRDA:531,75,1,0
BRDA:546,76,0,0
BRDA:546,76,1,0
BRDA:561,77,0,42
BRDA:561,77,1,38
BRDA:561,77,2,4
BRDA:561,77,3,4
BRDA:595,78,0,0
BRDA:595,78,1,0
BRDA:610,79,0,0
BRDA:610,79,1,0
BRDA:628,80,0,0
BRDA:628,80,1,0
BRDA:637,81,0,38
BRDA:637,81,1,4
BRDA:640,82,0,42
BRDA:640,82,1,8
BRDA:644,83,0,4
BRDA:644,83,1,38
BRDA:669,84,0,0
BRDA:669,84,1,0
BRDA:675,85,0,0
BRDA:675,85,1,20
BRDA:692,86,0,0
BRDA:692,86,1,0
BRDA:755,87,0,0
BRDA:755,87,1,0
BRF:186
BRH:136
end_of_record
TN:
SF:app/tradition/islam-completion.tsx
FN:18,toTitleCase
FN:19,(anonymous_1)
FN:22,isPrayerName
FN:32,IslamCompletionScreen
FN:42,(anonymous_4)
FN:48,(anonymous_5)
FN:63,(anonymous_6)
FN:67,(anonymous_7)
FN:101,(anonymous_8)
FN:114,(anonymous_9)
FNF:10
FNH:9
FNDA:2,toTitleCase
FNDA:2,(anonymous_1)
FNDA:1,isPrayerName
FNDA:2,IslamCompletionScreen
FNDA:1,(anonymous_4)
FNDA:1,(anonymous_5)
FNDA:1,(anonymous_6)
FNDA:1,(anonymous_7)
FNDA:0,(anonymous_8)
FNDA:1,(anonymous_9)
DA:19,2
DA:23,1
DA:33,2
DA:34,2
DA:35,2
DA:36,2
DA:38,2
DA:42,2
DA:43,1
DA:44,0
DA:47,1
DA:48,1
DA:49,1
DA:50,1
DA:52,1
DA:56,2
DA:59,2
DA:60,2
DA:62,2
DA:63,1
DA:67,2
DA:68,1
DA:69,0
DA:72,1
DA:73,1
DA:76,2
DA:102,0
DA:114,1
DA:125,1
LF:29
LH:26
BRDA:24,0,0,1
BRDA:24,0,1,1
BRDA:24,0,2,1
BRDA:24,0,3,1
BRDA:24,0,4,1
BRDA:38,1,0,0
BRDA:38,1,1,2
BRDA:43,2,0,0
BRDA:43,2,1,1
BRDA:49,3,0,1
BRDA:49,3,1,0
BRDA:56,4,0,0
BRDA:56,4,1,2
BRDA:59,5,0,2
BRDA:59,5,1,0
BRDA:60,6,0,2
BRDA:60,6,1,0
BRDA:68,7,0,0
BRDA:68,7,1,1
BRF:19
BRH:12
end_of_record
TN:
SF:app/tradition/islam-session.tsx
FN:23,toTitleCase
FN:24,(anonymous_1)
FN:27,isPrayerName
FN:44,IslamPrayerSessionScreen
FN:71,(anonymous_4)
FN:81,(anonymous_5)
FN:110,(anonymous_6)
FN:139,(anonymous_7)
FNF:8
FNH:8
FNDA:4,toTitleCase
FNDA:4,(anonymous_1)
FNDA:8,isPrayerName
FNDA:4,IslamPrayerSessionScreen
FNDA:8,(anonymous_4)
FNDA:4,(anonymous_5)
FNDA:2,(anonymous_6)
FNDA:2,(anonymous_7)
DA:24,4
DA:28,8
DA:38,2
DA:46,4
DA:48,4
DA:49,4
DA:50,4
DA:53,4
DA:57,4
DA:58,4
DA:59,4
DA:60,4
DA:68,4
DA:71,8
DA:76,4
DA:77,4
DA:78,4
DA:79,4
DA:81,4
DA:83,4
DA:91,4
DA:110,4
DA:111,2
DA:112,2
DA:117,2
DA:121,2
DA:129,2
DA:139,4
DA:140,2
DA:144,2
DA:148,2
DA:151,4
DA:210,2
LF:33
LH:33
BRDA:29,0,0,8
BRDA:29,0,1,8
BRDA:29,0,2,8
BRDA:29,0,3,4
BRDA:29,0,4,4
BRDA:57,1,0,0
BRDA:57,1,1,4
BRDA:58,2,0,0
BRDA:58,2,1,4
BRDA:59,3,0,4
BRDA:59,3,1,0
BRDA:61,4,0,4
BRDA:61,4,1,2
BRDA:62,5,0,4
BRDA:62,5,1,0
BRDA:123,6,0,2
BRDA:123,6,1,0
BRDA:132,7,0,2
BRDA:132,7,1,0
BRDA:133,8,0,2
BRDA:133,8,1,1
BRF:21
BRH:15
end_of_record
TN:
SF:app/tradition/buddhist-prayer/merit.tsx
FN:34,MeritDedicationScreen
FN:43,(anonymous_1)
FN:54,(anonymous_2)
FN:61,(anonymous_3)
FN:82,(anonymous_4)
FN:88,(anonymous_5)
FN:93,(anonymous_6)
FNF:7
FNH:4
FNDA:4,MeritDedicationScreen
FNDA:0,(anonymous_1)
FNDA:16,(anonymous_2)
FNDA:0,(anonymous_3)
FNDA:0,(anonymous_4)
FNDA:1,(anonymous_5)
FNDA:1,(anonymous_6)
DA:11,1
DA:35,4
DA:37,4
DA:39,4
DA:43,0
DA:55,16
DA:61,0
DA:82,0
DA:88,1
DA:93,1
DA:100,1
LF:11
LH:8
BRF:0
BRH:0
end_of_record
TN:
SF:assets/audio/namo_tassa.mp3
FNF:0
FNH:0
DA:1,1
LF:1
LH:1
BRF:0
BRH:0
end_of_record
TN:
SF:assets/audio/temple_bell.mp3
FNF:0
FNH:0
DA:1,1
LF:1
LH:1
BRF:0
BRH:0
end_of_record
TN:
SF:assets/images/background/christianity-waterpaint.png
FNF:0
FNH:0
DA:1,1
LF:1
LH:1
BRF:0
BRH:0
end_of_record
TN:
SF:assets/sounds/jesus-prayer.wav
FNF:0
FNH:0
DA:1,2
LF:1
LH:1
BRF:0
BRH:0
end_of_record
TN:
SF:components/themed-text.tsx
FN:11,ThemedText
FNF:1
FNH:1
FNDA:115,ThemedText
DA:18,115
DA:20,115
DA:23,8
LF:3
LH:3
BRDA:15,0,0,115
BRF:1
BRH:1
end_of_record
TN:
SF:components/buddhist-prayer/altar-3d-placeholder.tsx
FN:19,Altar3DPlaceholder
FN:27,(anonymous_1)
FN:32,(anonymous_2)
FN:33,(anonymous_3)
FNF:4
FNH:4
FNDA:15,Altar3DPlaceholder
FNDA:5,(anonymous_1)
FNDA:1,(anonymous_2)
FNDA:1,(anonymous_3)
DA:25,15
DA:27,15
DA:28,5
DA:29,4
DA:30,4
DA:32,1
DA:33,1
DA:36,15
DA:63,2
LF:9
LH:9
BRDA:20,0,0,0
BRDA:21,1,0,0
BRDA:22,2,0,2
BRDA:28,3,0,4
BRDA:28,3,1,1
BRDA:38,4,0,5
BRDA:38,4,1,10
BRDA:51,5,0,10
BRDA:51,5,1,5
BRF:9
BRH:7
end_of_record
TN:
SF:components/buddhist-prayer/altar-3d-scene.tsx
FN:47,normalizeGltfScene
FN:54,loadAltarAsset
FN:73,tuneMaterial
FN:93,prepareModel
FN:100,(anonymous_4)
FN:106,(anonymous_5)
FN:137,IncenseSmoke
FN:148,(anonymous_7)
FN:149,(anonymous_8)
FN:173,(anonymous_9)
FN:177,(anonymous_10)
FN:196,AltarSceneContent
FN:208,(anonymous_12)
FN:210,(anonymous_13)
FN:213,loadAssets
FN:216,(anonymous_15)
FN:228,(anonymous_16)
FN:236,(anonymous_17)
FN:241,(anonymous_18)
FN:253,(anonymous_19)
FN:261,(anonymous_20)
FN:269,(anonymous_21)
FN:277,(anonymous_22)
FN:285,(anonymous_23)
FN:291,(anonymous_24)
FN:370,AltarScene3D
FNF:26
FNH:2
FNDA:1,normalizeGltfScene
FNDA:1,loadAltarAsset
FNDA:0,tuneMaterial
FNDA:0,prepareModel
FNDA:0,(anonymous_4)
FNDA:0,(anonymous_5)
FNDA:0,IncenseSmoke
FNDA:0,(anonymous_7)
FNDA:0,(anonymous_8)
FNDA:0,(anonymous_9)
FNDA:0,(anonymous_10)
FNDA:0,AltarSceneContent
FNDA:0,(anonymous_12)
FNDA:0,(anonymous_13)
FNDA:0,loadAssets
FNDA:0,(anonymous_15)
FNDA:0,(anonymous_16)
FNDA:0,(anonymous_17)
FNDA:0,(anonymous_18)
FNDA:0,(anonymous_19)
FNDA:0,(anonymous_20)
FNDA:0,(anonymous_21)
FNDA:0,(anonymous_22)
FNDA:0,(anonymous_23)
FNDA:0,(anonymous_24)
FNDA:0,AltarScene3D
DA:15,1
DA:34,1
DA:35,1
DA:36,1
DA:48,1
DA:49,1
DA:50,0
DA:51,0
DA:55,1
DA:56,1
DA:57,1
DA:59,1
DA:60,0
DA:63,1
DA:64,1
DA:66,1
DA:67,0
DA:70,1
DA:77,0
DA:78,0
DA:81,0
DA:82,0
DA:85,0
DA:86,0
DA:89,0
DA:98,0
DA:100,0
DA:101,0
DA:102,0
DA:105,0
DA:106,0
DA:107,0
DA:108,0
DA:109,0
DA:111,0
DA:114,0
DA:115,0
DA:116,0
DA:119,0
DA:120,0
DA:121,0
DA:122,0
DA:124,0
DA:126,0
DA:127,0
DA:128,0
DA:130,0
DA:131,0
DA:132,0
DA:134,0
DA:146,0
DA:148,0
DA:149,0
DA:150,0
DA:151,0
DA:154,0
DA:155,0
DA:156,0
DA:158,0
DA:159,0
DA:160,0
DA:162,0
DA:163,0
DA:165,0
DA:166,0
DA:171,0
DA:174,0
DA:178,0
DA:205,0
DA:206,0
DA:207,0
DA:208,0
DA:210,0
DA:211,0
DA:214,0
DA:216,0
DA:220,0
DA:221,0
DA:225,0
DA:226,0
DA:228,0
DA:229,0
DA:230,0
DA:236,0
DA:237,0
DA:241,0
DA:242,0
DA:243,0
DA:246,0
DA:253,0
DA:254,0
DA:255,0
DA:258,0
DA:261,0
DA:262,0
DA:263,0
DA:266,0
DA:269,0
DA:270,0
DA:271,0
DA:274,0
DA:277,0
DA:278,0
DA:279,0
DA:282,0
DA:285,0
DA:286,0
DA:287,0
DA:291,0
DA:292,0
DA:293,0
DA:296,0
DA:297,0
DA:299,0
DA:300,0
DA:301,0
DA:304,0
DA:305,0
DA:308,0
DA:309,0
DA:312,0
DA:370,1
DA:371,0
DA:373,0
DA:374,0
DA:377,0
DA:388,1
LF:127
LH:16
BRDA:48,0,0,0
BRDA:48,0,1,1
BRDA:48,1,0,1
BRDA:48,1,1,1
BRDA:49,2,0,1
BRDA:49,2,1,0
BRDA:49,3,0,1
BRDA:49,3,1,1
BRDA:50,4,0,0
BRDA:50,4,1,0
BRDA:57,5,0,1
BRDA:57,5,1,0
BRDA:59,6,0,0
BRDA:59,6,1,1
BRDA:66,7,0,0
BRDA:66,7,1,1
BRDA:75,8,0,0
BRDA:77,9,0,0
BRDA:77,9,1,0
BRDA:81,10,0,0
BRDA:81,10,1,0
BRDA:85,11,0,0
BRDA:85,11,1,0
BRDA:89,12,0,0
BRDA:89,12,1,0
BRDA:96,13,0,0
BRDA:101,14,0,0
BRDA:101,14,1,0
BRDA:105,15,0,0
BRDA:105,15,1,0
BRDA:150,16,0,0
BRDA:150,16,1,0
BRDA:156,17,0,0
BRDA:156,17,1,0
BRDA:162,18,0,0
BRDA:162,18,1,0
BRDA:165,19,0,0
BRDA:165,19,1,0
BRDA:166,20,0,0
BRDA:166,20,1,0
BRDA:186,21,0,0
BRDA:186,21,1,0
BRDA:220,22,0,0
BRDA:220,22,1,0
BRDA:229,23,0,0
BRDA:229,23,1,0
BRDA:231,24,0,0
BRDA:231,24,1,0
BRDA:242,25,0,0
BRDA:242,25,1,0
BRDA:254,26,0,0
BRDA:254,26,1,0
BRDA:262,27,0,0
BRDA:262,27,1,0
BRDA:270,28,0,0
BRDA:270,28,1,0
BRDA:278,29,0,0
BRDA:278,29,1,0
BRDA:286,30,0,0
BRDA:286,30,1,0
BRDA:292,31,0,0
BRDA:292,31,1,0
BRDA:297,32,0,0
BRDA:297,32,1,0
BRDA:300,33,0,0
BRDA:300,33,1,0
BRDA:301,34,0,0
BRDA:301,34,1,0
BRDA:304,35,0,0
BRDA:304,35,1,0
BRDA:308,36,0,0
BRDA:308,36,1,0
BRDA:308,37,0,0
BRDA:308,37,1,0
BRDA:308,37,2,0
BRDA:308,37,3,0
BRDA:308,37,4,0
BRDA:341,38,0,0
BRDA:341,38,1,0
BRDA:351,39,0,0
BRDA:351,39,1,0
BRDA:373,40,0,0
BRDA:373,40,1,0
BRF:83
BRH:9
end_of_record
TN:
SF:components/buddhist-prayer/buddhist-altar-3d.tsx
FN:13,(anonymous_0)
FN:35,(anonymous_1)
FN:39,(anonymous_2)
FN:43,(anonymous_3)
FN:52,__setAltarSceneLoaderForTests
FN:56,BuddhistAltar3D
FN:72,(anonymous_6)
FN:79,(anonymous_7)
FN:84,(anonymous_8)
FN:86,(anonymous_9)
FN:92,(anonymous_10)
FN:116,(anonymous_11)
FN:120,(anonymous_12)
FNF:13
FNH:11
FNDA:0,(anonymous_0)
FNDA:2,(anonymous_1)
FNDA:1,(anonymous_2)
FNDA:8,(anonymous_3)
FNDA:10,__setAltarSceneLoaderForTests
FNDA:12,BuddhistAltar3D
FNDA:3,(anonymous_6)
FNDA:3,(anonymous_7)
FNDA:4,(anonymous_8)
FNDA:0,(anonymous_9)
FNDA:3,(anonymous_10)
FNDA:1,(anonymous_11)
FNDA:4,(anonymous_12)
DA:13,2
DA:15,2
DA:31,4
DA:36,2
DA:40,1
DA:44,8
DA:45,2
DA:48,6
DA:53,10
DA:65,12
DA:66,12
DA:69,12
DA:70,12
DA:72,12
DA:73,3
DA:75,3
DA:76,3
DA:78,3
DA:80,3
DA:81,0
DA:84,4
DA:87,0
DA:88,0
DA:92,3
DA:93,3
DA:97,12
DA:98,12
DA:100,12
DA:116,1
DA:120,4
DA:133,2
LF:31
LH:28
BRDA:44,0,0,2
BRDA:44,0,1,6
BRDA:53,1,0,10
BRDA:53,1,1,5
BRDA:57,2,0,8
BRDA:58,3,0,8
BRDA:59,4,0,4
BRDA:60,5,0,8
BRDA:61,6,0,8
BRDA:80,7,0,0
BRDA:80,7,1,3
BRDA:87,8,0,0
BRDA:87,8,1,0
BRDA:97,9,0,12
BRDA:97,9,1,4
BRDA:98,10,0,12
BRDA:98,10,1,11
BRDA:102,11,0,8
BRDA:102,11,1,4
BRDA:111,12,0,8
BRDA:111,12,1,4
BRDA:111,13,0,12
BRDA:111,13,1,9
BRDA:114,14,0,4
BRDA:114,14,1,4
BRF:25
BRH:22
end_of_record
TN:
SF:components/buddhist-prayer/chant-overlay.tsx
FN:29,ChantOverlay
FN:43,(anonymous_1)
FN:51,(anonymous_2)
FNF:3
FNH:0
FNDA:0,ChantOverlay
FNDA:0,(anonymous_1)
FNDA:0,(anonymous_2)
DA:41,0
DA:43,0
DA:44,0
DA:51,0
DA:53,0
DA:78,2
LF:6
LH:1
BRDA:38,0,0,0
BRDA:59,1,0,0
BRDA:59,1,1,0
BRDA:63,2,0,0
BRDA:63,2,1,0
BRDA:72,3,0,0
BRDA:72,3,1,0
BRF:7
BRH:0
end_of_record
TN:
SF:components/buddhist-prayer/chant-text-block.tsx
FN:15,ChantTextBlock
FNF:1
FNH:0
FNDA:0,ChantTextBlock
DA:23,0
DA:55,2
LF:2
LH:1
BRDA:25,0,0,0
BRDA:25,0,1,0
BRDA:30,1,0,0
BRDA:30,1,1,0
BRDA:35,2,0,0
BRDA:35,2,1,0
BRDA:35,3,0,0
BRDA:35,3,1,0
BRDA:43,4,0,0
BRDA:43,4,1,0
BRDA:43,5,0,0
BRDA:43,5,1,0
BRF:12
BRH:0
end_of_record
TN:
SF:components/buddhist-prayer/glass-card.tsx
FN:15,GlassCard
FN:20,(anonymous_1)
FNF:2
FNH:0
FNDA:0,GlassCard
FNDA:0,(anonymous_1)
DA:16,0
DA:17,0
DA:20,0
DA:26,0
DA:29,2
LF:5
LH:1
BRDA:16,0,0,0
BRDA:16,0,1,0
BRDA:20,1,0,0
BRDA:20,1,1,0
BRF:4
BRH:0
end_of_record
TN:
SF:components/buddhist-prayer/gold-button.tsx
FN:26,GoldButton
FN:40,(anonymous_1)
FNF:2
FNH:2
FNDA:12,GoldButton
FNDA:12,(anonymous_1)
DA:20,2
DA:33,12
DA:34,12
DA:36,12
DA:40,12
DA:71,2
LF:6
LH:6
BRDA:30,0,0,12
BRDA:31,1,0,4
BRDA:34,2,0,0
BRDA:34,2,1,12
BRDA:34,3,0,0
BRDA:34,3,1,12
BRDA:38,4,0,4
BRDA:38,4,1,8
BRDA:39,5,0,0
BRDA:39,5,1,12
BRDA:42,6,0,4
BRDA:42,6,1,8
BRDA:43,7,0,0
BRDA:43,7,1,12
BRDA:43,8,0,12
BRDA:43,8,1,0
BRDA:49,9,0,4
BRDA:49,9,1,8
BRDA:54,10,0,8
BRDA:54,10,1,4
BRDA:59,11,0,8
BRDA:59,11,1,4
BRDA:60,12,0,8
BRDA:60,12,1,4
BRF:24
BRH:19
end_of_record
TN:
SF:components/buddhist-prayer/icon-toggle-row.tsx
FN:19,IconToggleRow
FNF:1
FNH:0
FNDA:0,IconToggleRow
DA:20,0
DA:41,2
LF:2
LH:1
BRDA:31,0,0,0
BRDA:31,0,1,0
BRDA:33,1,0,0
BRDA:33,1,1,0
BRDA:34,2,0,0
BRDA:34,2,1,0
BRDA:35,3,0,0
BRDA:35,3,1,0
BRF:8
BRH:0
end_of_record
TN:
SF:components/buddhist-prayer/index.ts
FNF:0
FNH:0
LF:0
LH:0
BRF:0
BRH:0
end_of_record
TN:
SF:components/buddhist-prayer/merit-option-card.tsx
FN:19,MeritOptionCard
FNF:1
FNH:1
FNDA:16,MeritOptionCard
DA:25,16
DA:48,2
LF:2
LH:2
BRDA:28,0,0,16
BRDA:28,0,1,0
BRDA:35,1,0,16
BRDA:35,1,1,0
BRDA:40,2,0,16
BRDA:40,2,1,0
BRDA:41,3,0,0
BRDA:41,3,1,16
BRF:8
BRH:4
end_of_record
TN:
SF:components/buddhist-prayer/placement-controls.tsx
FN:22,PlacementControls
FN:42,(anonymous_1)
FN:56,ControlButton
FN:69,(anonymous_3)
FNF:4
FNH:0
FNDA:0,PlacementControls
FNDA:0,(anonymous_1)
FNDA:0,ControlButton
FNDA:0,(anonymous_3)
DA:30,0
DA:42,0
DA:65,0
DA:69,0
DA:79,2
LF:5
LH:1
BRDA:42,0,0,0
BRDA:42,0,1,0
BRDA:69,1,0,0
BRDA:69,1,1,0
BRF:4
BRH:0
end_of_record
TN:
SF:components/buddhist-prayer/progress-pill.tsx
FN:15,ProgressPill
FNF:1
FNH:0
FNDA:0,ProgressPill
DA:16,0
DA:25,2
LF:2
LH:1
BRF:0
BRH:0
end_of_record
TN:
SF:components/buddhist-prayer/sacred-header.tsx
FN:17,SacredHeader
FN:33,(anonymous_1)
FNF:2
FNH:2
FNDA:4,SacredHeader
FNDA:4,(anonymous_1)
DA:24,4
DA:26,4
DA:33,4
DA:53,2
LF:4
LH:4
BRDA:29,0,0,4
BRDA:29,0,1,0
BRDA:33,1,0,4
BRDA:33,1,1,0
BRDA:44,2,0,0
BRDA:44,2,1,4
BRDA:46,3,0,4
BRDA:46,3,1,4
BRF:8
BRH:5
end_of_record
TN:
SF:components/buddhist-prayer/scan-overlay.tsx
FN:15,ScanOverlay
FN:21,(anonymous_1)
FN:33,(anonymous_2)
FNF:3
FNH:0
FNDA:0,ScanOverlay
FNDA:0,(anonymous_1)
FNDA:0,(anonymous_2)
DA:19,0
DA:21,0
DA:22,0
DA:23,0
DA:24,0
DA:26,0
DA:32,0
DA:33,0
DA:36,0
DA:38,0
DA:55,2
LF:11
LH:1
BRDA:17,0,0,0
BRDA:22,1,0,0
BRDA:22,1,1,0
BRDA:36,2,0,0
BRDA:36,2,1,0
BRDA:48,3,0,0
BRDA:48,3,1,0
BRF:7
BRH:0
end_of_record
TN:
SF:components/buddhist-prayer/screen-container.tsx
FN:10,ScreenContainer
FNF:1
FNH:0
FNDA:0,ScreenContainer
DA:11,0
DA:14,2
LF:2
LH:1
BRF:0
BRH:0
end_of_record
TN:
SF:components/buddhist-prayer/session-controls.tsx
FN:21,SessionControls
FNF:1
FNH:0
FNDA:0,SessionControls
DA:31,0
DA:90,2
LF:2
LH:1
BRDA:49,0,0,0
BRDA:49,0,1,0
BRDA:57,1,0,0
BRDA:57,1,1,0
BRDA:62,2,0,0
BRDA:62,2,1,0
BRDA:65,3,0,0
BRDA:65,3,1,0
BRDA:67,4,0,0
BRDA:67,4,1,0
BRDA:73,5,0,0
BRDA:73,5,1,0
BRDA:81,6,0,0
BRDA:81,6,1,0
BRF:14
BRH:0
end_of_record
TN:
SF:components/ui/icon-symbol.ios.tsx
FN:12,IconSymbol
FNF:1
FNH:1
FNDA:14,IconSymbol
DA:13,14
LF:1
LH:1
BRDA:12,0,0,0
BRDA:12,1,0,14
BRF:2
BRH:1
end_of_record
TN:
SF:constants/theme.ts
FNF:0
FNH:0
DA:8,8
DA:9,8
DA:10,8
DA:11,8
DA:13,8
DA:46,8
LF:6
LH:6
BRF:0
BRH:0
end_of_record
TN:
SF:constants/buddhist-prayer/altar-experience.ts
FNF:0
FNH:0
DA:3,4
DA:14,4
LF:2
LH:2
BRF:0
BRH:0
end_of_record
TN:
SF:constants/buddhist-prayer/chants.ts
FNF:0
FNH:0
DA:3,6
DA:236,6
LF:2
LH:2
BRF:0
BRH:0
end_of_record
TN:
SF:constants/buddhist-prayer/theme.ts
FNF:0
FNH:0
DA:1,3
DA:18,3
DA:30,3
DA:39,3
LF:4
LH:4
BRF:0
BRH:0
end_of_record
TN:
SF:features/christian-prayer/ar/MockChristianArEngine.ts
FN:22,(anonymous_0)
FN:33,(anonymous_1)
FN:46,(anonymous_2)
FN:57,(anonymous_3)
FN:70,(anonymous_4)
FN:79,(anonymous_5)
FN:91,(anonymous_6)
FN:114,(anonymous_7)
FN:126,(anonymous_8)
FN:130,(anonymous_9)
FN:139,(anonymous_10)
FN:143,(anonymous_11)
FNF:12
FNH:9
FNDA:2,(anonymous_0)
FNDA:2,(anonymous_1)
FNDA:2,(anonymous_2)
FNDA:2,(anonymous_3)
FNDA:0,(anonymous_4)
FNDA:1,(anonymous_5)
FNDA:1,(anonymous_6)
FNDA:1,(anonymous_7)
FNDA:0,(anonymous_8)
FNDA:7,(anonymous_9)
FNDA:0,(anonymous_10)
FNDA:4,(anonymous_11)
DA:14,2
DA:18,2
DA:19,2
DA:20,2
DA:23,2
DA:30,2
DA:34,2
DA:35,2
DA:46,2
DA:47,2
DA:57,2
DA:58,2
DA:71,0
DA:72,0
DA:80,1
DA:81,1
DA:92,1
DA:94,1
DA:99,1
DA:111,1
DA:115,1
DA:117,1
DA:123,1
DA:127,0
DA:131,7
DA:140,0
DA:144,4
DA:145,1
DA:146,1
DA:149,4
DA:150,1
DA:151,1
LF:32
LH:28
BRDA:95,0,0,1
BRDA:95,0,1,0
BRDA:144,1,0,1
BRDA:144,1,1,3
BRDA:149,2,0,1
BRDA:149,2,1,3
BRF:6
BRH:5
end_of_record
TN:
SF:features/christian-prayer/ar/christianArEngineFactory.ts
FN:7,getSharedChristianArEngine
FN:14,resetSharedChristianArEngine
FNF:2
FNH:0
FNDA:0,getSharedChristianArEngine
FNDA:0,resetSharedChristianArEngine
DA:5,1
DA:8,0
DA:9,0
DA:11,0
DA:15,0
LF:5
LH:1
BRDA:8,0,0,0
BRDA:8,0,1,0
BRF:2
BRH:0
end_of_record
TN:
SF:features/christian-prayer/components/index.ts
FNF:0
FNH:0
LF:0
LH:0
BRF:0
BRH:0
end_of_record
TN:
SF:features/christian-prayer/components/cards/blessing-card.tsx
FN:12,BlessingCard
FNF:1
FNH:0
FNDA:0,BlessingCard
DA:13,0
DA:21,1
LF:2
LH:1
BRF:0
BRH:0
end_of_record
TN:
SF:features/christian-prayer/components/cards/christian-session-hero.tsx
FN:12,ChristianSessionHero
FNF:1
FNH:0
FNDA:0,ChristianSessionHero
DA:13,0
DA:28,1
LF:2
LH:1
BRF:0
BRH:0
end_of_record
TN:
SF:features/christian-prayer/components/cards/completion-summary-card.tsx
FN:15,CompletionSummaryCard
FN:30,Metric
FNF:2
FNH:0
FNDA:0,CompletionSummaryCard
FNDA:0,Metric
DA:16,0
DA:31,0
DA:39,1
LF:3
LH:1
BRF:0
BRH:0
end_of_record
TN:
SF:features/christian-prayer/components/cards/floating-confirmation-card.tsx
FN:13,FloatingConfirmationCard
FNF:1
FNH:1
FNDA:3,FloatingConfirmationCard
DA:14,3
DA:22,1
LF:2
LH:2
BRF:0
BRH:0
end_of_record
TN:
SF:features/christian-prayer/components/cards/floating-scripture-card.tsx
FN:13,FloatingScriptureCard
FNF:1
FNH:0
FNDA:0,FloatingScriptureCard
DA:14,0
DA:23,1
LF:2
LH:1
BRF:0
BRH:0
end_of_record
TN:
SF:features/christian-prayer/components/cards/glass-card.tsx
FN:16,GlassCard
FN:21,(anonymous_1)
FNF:2
FNH:1
FNDA:3,GlassCard
FNDA:0,(anonymous_1)
DA:17,3
DA:18,0
DA:21,0
DA:28,3
DA:31,1
LF:5
LH:3
BRDA:17,0,0,0
BRDA:17,0,1,3
BRDA:21,1,0,0
BRDA:21,1,1,0
BRF:4
BRH:1
end_of_record
TN:
SF:features/christian-prayer/components/cards/prayer-phase-card.tsx
FN:16,PrayerPhaseCard
FNF:1
FNH:0
FNDA:0,PrayerPhaseCard
DA:17,0
DA:25,1
LF:2
LH:1
BRF:0
BRH:0
end_of_record
TN:
SF:features/christian-prayer/components/cards/reflection-editor.tsx
FN:17,ReflectionEditor
FNF:1
FNH:0
FNDA:0,ReflectionEditor
DA:24,0
DA:43,1
LF:2
LH:1
BRF:0
BRH:0
end_of_record
TN:
SF:features/christian-prayer/components/cards/reflection-prompt-card.tsx
FN:12,ReflectionPromptCard
FNF:1
FNH:0
FNDA:0,ReflectionPromptCard
DA:13,0
DA:21,1
LF:2
LH:1
BRF:0
BRH:0
end_of_record
TN:
SF:features/christian-prayer/components/cards/selected-mode-card.tsx
FN:15,SelectedModeCard
FNF:1
FNH:0
FNDA:0,SelectedModeCard
DA:16,0
DA:26,1
LF:2
LH:1
BRF:0
BRH:0
end_of_record
TN:
SF:features/christian-prayer/components/cards/session-mode-list.tsx
FN:19,SessionModeList
FN:22,(anonymous_1)
FN:27,(anonymous_2)
FNF:3
FNH:0
FNDA:0,SessionModeList
FNDA:0,(anonymous_1)
FNDA:0,(anonymous_2)
DA:20,0
DA:23,0
DA:24,0
DA:27,0
DA:39,1
LF:5
LH:1
BRDA:28,0,0,0
BRDA:28,0,1,0
BRF:2
BRH:0
end_of_record
TN:
SF:features/christian-prayer/components/cards/verse-preview-card.tsx
FN:13,VersePreviewCard
FNF:1
FNH:0
FNDA:0,VersePreviewCard
DA:14,0
DA:23,1
LF:2
LH:1
BRDA:13,0,0,0
BRF:1
BRH:0
end_of_record
TN:
SF:features/christian-prayer/components/controls/audio-toggle-row.tsx
FN:13,AudioToggleRow
FNF:1
FNH:0
FNDA:0,AudioToggleRow
DA:14,0
LF:1
LH:0
BRF:0
BRH:0
end_of_record
TN:
SF:features/christian-prayer/components/controls/countdown-ring.tsx
FN:13,CountdownRing
FNF:1
FNH:0
FNDA:0,CountdownRing
DA:14,0
DA:15,0
DA:16,0
DA:17,0
DA:18,0
DA:19,0
DA:20,0
DA:22,0
DA:54,1
LF:9
LH:1
BRDA:19,0,0,0
BRDA:19,0,1,0
BRF:2
BRH:0
end_of_record
TN:
SF:features/christian-prayer/components/controls/duration-chip-group.tsx
FN:18,DurationChipGroup
FN:21,(anonymous_1)
FN:31,(anonymous_2)
FNF:3
FNH:0
FNDA:0,DurationChipGroup
FNDA:0,(anonymous_1)
FNDA:0,(anonymous_2)
DA:19,0
DA:22,0
DA:24,0
DA:31,0
DA:44,1
LF:5
LH:1
BRDA:32,0,0,0
BRDA:32,0,1,0
BRDA:34,1,0,0
BRDA:34,1,1,0
BRF:4
BRH:0
end_of_record
TN:
SF:features/christian-prayer/components/controls/icon-circle-button.tsx
FN:15,IconCircleButton
FN:32,(anonymous_1)
FNF:2
FNH:0
FNDA:0,IconCircleButton
FNDA:0,(anonymous_1)
DA:23,0
DA:25,0
DA:32,0
DA:43,1
LF:4
LH:1
BRDA:18,0,0,0
BRDA:28,1,0,0
BRDA:28,1,1,0
BRDA:34,2,0,0
BRDA:34,2,1,0
BRDA:35,3,0,0
BRDA:35,3,1,0
BRF:7
BRH:0
end_of_record
TN:
SF:features/christian-prayer/components/controls/prayer-stepper.tsx
FN:16,PrayerStepper
FN:19,(anonymous_1)
FNF:2
FNH:0
FNDA:0,PrayerStepper
FNDA:0,(anonymous_1)
DA:17,0
DA:20,0
DA:21,0
DA:22,0
DA:41,1
LF:5
LH:1
BRDA:27,0,0,0
BRDA:27,0,1,0
BRDA:28,1,0,0
BRDA:28,1,1,0
BRDA:31,2,0,0
BRDA:31,2,1,0
BRF:6
BRH:0
end_of_record
TN:
SF:features/christian-prayer/components/controls/primary-button.tsx
FN:18,PrimaryButton
FN:25,(anonymous_1)
FNF:2
FNH:2
FNDA:3,PrimaryButton
FNDA:3,(anonymous_1)
DA:19,3
DA:25,3
DA:39,1
LF:3
LH:3
BRDA:18,0,0,3
BRDA:27,1,0,0
BRDA:27,1,1,3
BRDA:28,2,0,0
BRDA:28,2,1,3
BRF:5
BRH:3
end_of_record
TN:
SF:features/christian-prayer/components/controls/secondary-button.tsx
FN:17,SecondaryButton
FN:24,(anonymous_1)
FNF:2
FNH:0
FNDA:0,SecondaryButton
FNDA:0,(anonymous_1)
DA:18,0
DA:24,0
DA:35,1
LF:3
LH:1
BRDA:17,0,0,0
BRDA:26,1,0,0
BRDA:26,1,1,0
BRDA:27,2,0,0
BRDA:27,2,1,0
BRF:5
BRH:0
end_of_record
TN:
SF:features/christian-prayer/components/controls/tag-chip-group.tsx
FN:17,TagChipGroup
FN:20,(anonymous_1)
FN:32,(anonymous_2)
FN:33,(anonymous_3)
FNF:4
FNH:0
FNDA:0,TagChipGroup
FNDA:0,(anonymous_1)
FNDA:0,(anonymous_2)
FNDA:0,(anonymous_3)
DA:18,0
DA:21,0
DA:22,0
DA:33,0
DA:47,1
LF:5
LH:1
BRDA:26,0,0,0
BRDA:26,0,1,0
BRDA:33,1,0,0
BRDA:33,1,1,0
BRDA:35,2,0,0
BRDA:35,2,1,0
BRDA:37,3,0,0
BRDA:37,3,1,0
BRF:8
BRH:0
end_of_record
TN:
SF:features/christian-prayer/components/controls/toggle-row.tsx
FN:18,ToggleRow
FNF:1
FNH:0
FNDA:0,ToggleRow
DA:19,0
DA:40,1
LF:2
LH:1
BRDA:34,0,0,0
BRDA:34,0,1,0
BRF:2
BRH:0
end_of_record
TN:
SF:features/christian-prayer/components/overlays/ar-intro-illustration.tsx
FN:6,ArIntroIllustration
FNF:1
FNH:0
FNDA:0,ArIntroIllustration
DA:7,0
DA:20,1
LF:2
LH:1
BRF:0
BRH:0
end_of_record
TN:
SF:features/christian-prayer/components/overlays/bottom-sheet-container.tsx
FN:14,BottomSheetContainer
FNF:1
FNH:0
FNDA:0,BottomSheetContainer
DA:15,0
DA:18,1
LF:2
LH:1
BRF:0
BRH:0
end_of_record
TN:
SF:features/christian-prayer/components/overlays/stillness-overlay.tsx
FN:15,StillnessOverlay
FNF:1
FNH:0
FNDA:0,StillnessOverlay
DA:21,0
DA:30,1
LF:2
LH:1
BRF:0
BRH:0
end_of_record
TN:
SF:features/christian-prayer/components/overlays/top-overlay-header.tsx
FN:16,TopOverlayHeader
FNF:1
FNH:1
FNDA:3,TopOverlayHeader
DA:17,3
DA:41,1
LF:2
LH:2
BRDA:20,0,0,0
BRDA:20,0,1,3
BRDA:28,1,0,0
BRDA:28,1,1,3
BRDA:31,2,0,0
BRDA:31,2,1,3
BRF:6
BRH:3
end_of_record
TN:
SF:features/christian-prayer/components/scenes/christian-ar-viewport.tsx
FN:35,(anonymous_0)
FN:39,(anonymous_1)
FN:43,(anonymous_2)
FN:62,ChristianArViewport
FN:73,(anonymous_4)
FN:74,(anonymous_5)
FN:75,(anonymous_6)
FN:77,(anonymous_7)
FN:79,(anonymous_8)
FN:84,(anonymous_9)
FN:86,(anonymous_10)
FN:91,(anonymous_11)
FN:93,(anonymous_12)
FN:101,(anonymous_13)
FN:104,(anonymous_14)
FN:108,(anonymous_15)
FN:118,(anonymous_16)
FN:131,(anonymous_17)
FN:142,(anonymous_18)
FN:177,(anonymous_19)
FN:189,(anonymous_20)
FNF:21
FNH:16
FNDA:0,(anonymous_0)
FNDA:0,(anonymous_1)
FNDA:1,(anonymous_2)
FNDA:1,ChristianArViewport
FNDA:1,(anonymous_4)
FNDA:1,(anonymous_5)
FNDA:1,(anonymous_6)
FNDA:1,(anonymous_7)
FNDA:1,(anonymous_8)
FNDA:1,(anonymous_9)
FNDA:2,(anonymous_10)
FNDA:1,(anonymous_11)
FNDA:3,(anonymous_12)
FNDA:4,(anonymous_13)
FNDA:5,(anonymous_14)
FNDA:6,(anonymous_15)
FNDA:1,(anonymous_16)
FNDA:1,(anonymous_17)
FNDA:0,(anonymous_18)
FNDA:0,(anonymous_19)
FNDA:0,(anonymous_20)
DA:33,1
DA:36,0
DA:40,0
DA:44,1
DA:45,0
DA:47,1
DA:68,1
DA:69,1
DA:70,1
DA:71,1
DA:72,1
DA:73,1
DA:74,1
DA:75,1
DA:76,1
DA:78,1
DA:79,1
DA:83,1
DA:85,1
DA:86,2
DA:90,1
DA:92,1
DA:93,3
DA:97,1
DA:98,1
DA:99,1
DA:101,4
DA:104,5
DA:107,1
DA:108,6
DA:111,1
DA:118,1
DA:119,1
DA:120,1
DA:131,1
DA:132,1
DA:133,0
DA:136,1
DA:137,1
DA:138,1
DA:141,0
DA:142,0
DA:143,0
DA:175,1
DA:177,1
DA:178,0
DA:179,0
DA:180,0
DA:189,1
DA:190,0
DA:191,0
DA:192,0
DA:195,0
DA:196,0
DA:204,1
DA:218,1
DA:277,2
LF:57
LH:42
BRDA:44,0,0,0
BRDA:44,0,1,1
BRDA:78,1,0,1
BRDA:78,1,1,0
BRDA:79,2,0,1
BRDA:79,2,1,1
BRDA:79,2,2,1
BRDA:85,3,0,1
BRDA:85,3,1,0
BRDA:86,4,0,2
BRDA:86,4,1,1
BRDA:86,4,2,1
BRDA:92,5,0,1
BRDA:92,5,1,0
BRDA:93,6,0,3
BRDA:93,6,1,1
BRDA:93,6,2,1
BRDA:97,7,0,1
BRDA:97,7,1,0
BRDA:98,8,0,1
BRDA:98,8,1,0
BRDA:99,9,0,1
BRDA:99,9,1,0
BRDA:101,10,0,1
BRDA:101,10,1,0
BRDA:101,11,0,4
BRDA:101,11,1,1
BRDA:104,12,0,1
BRDA:104,12,1,0
BRDA:104,13,0,5
BRDA:104,13,1,1
BRDA:107,14,0,1
BRDA:107,14,1,0
BRDA:108,15,0,6
BRDA:108,15,1,1
BRDA:111,16,0,1
BRDA:111,16,1,1
BRDA:111,16,2,1
BRDA:111,16,3,1
BRDA:111,16,4,1
BRDA:111,16,5,1
BRDA:132,17,0,0
BRDA:132,17,1,1
BRDA:132,18,0,1
BRDA:132,18,1,1
BRDA:137,19,0,1
BRDA:137,19,1,0
BRDA:175,20,0,1
BRDA:175,20,1,1
BRDA:191,21,0,0
BRDA:191,21,1,0
BRDA:204,22,0,1
BRDA:204,22,1,0
BRDA:221,23,0,1
BRDA:221,23,1,0
BRDA:231,24,0,1
BRDA:231,24,1,0
BRDA:242,25,0,1
BRDA:242,25,1,0
BRDA:245,26,0,0
BRDA:245,26,1,1
BRDA:262,27,0,1
BRDA:262,27,1,0
BRDA:265,28,0,0
BRDA:265,28,1,1
BRDA:267,29,0,0
BRDA:267,29,1,1
BRDA:269,30,0,0
BRDA:269,30,1,1
BRDA:269,31,0,1
BRDA:269,31,1,0
BRF:71
BRH:47
end_of_record
TN:
SF:features/christian-prayer/components/scenes/prayer-corner-3d-stage.tsx
FN:43,normalizeLoadedObject
FN:59,toMaterialArray
FN:63,applyCandleEmissive
FN:64,(anonymous_3)
FN:75,(anonymous_4)
FN:90,applyHeroMaterialTuning
FN:91,(anonymous_6)
FN:97,(anonymous_7)
FN:115,disposeObject3D
FN:120,(anonymous_9)
FN:127,(anonymous_10)
FN:135,loadModel
FN:165,loadOptionalModel
FN:177,ProceduralCandle
FN:186,(anonymous_14)
FN:219,PrayerCorner3DSceneContent
FN:231,(anonymous_16)
FN:232,(anonymous_17)
FN:233,(anonymous_18)
FN:234,(anonymous_19)
FN:239,(anonymous_20)
FN:241,(anonymous_21)
FN:245,(anonymous_22)
FN:246,(anonymous_23)
FN:256,(anonymous_24)
FN:353,PrayerCorner3DStage
FN:367,(anonymous_26)
FN:370,(anonymous_27)
FN:403,(anonymous_28)
FNF:29
FNH:0
FNDA:0,normalizeLoadedObject
FNDA:0,toMaterialArray
FNDA:0,applyCandleEmissive
FNDA:0,(anonymous_3)
FNDA:0,(anonymous_4)
FNDA:0,applyHeroMaterialTuning
FNDA:0,(anonymous_6)
FNDA:0,(anonymous_7)
FNDA:0,disposeObject3D
FNDA:0,(anonymous_9)
FNDA:0,(anonymous_10)
FNDA:0,loadModel
FNDA:0,loadOptionalModel
FNDA:0,ProceduralCandle
FNDA:0,(anonymous_14)
FNDA:0,PrayerCorner3DSceneContent
FNDA:0,(anonymous_16)
FNDA:0,(anonymous_17)
FNDA:0,(anonymous_18)
FNDA:0,(anonymous_19)
FNDA:0,(anonymous_20)
FNDA:0,(anonymous_21)
FNDA:0,(anonymous_22)
FNDA:0,(anonymous_23)
FNDA:0,(anonymous_24)
FNDA:0,PrayerCorner3DStage
FNDA:0,(anonymous_26)
FNDA:0,(anonymous_27)
FNDA:0,(anonymous_28)
DA:18,1
DA:20,1
DA:44,0
DA:45,0
DA:48,0
DA:49,0
DA:52,0
DA:53,0
DA:56,0
DA:60,0
DA:64,0
DA:65,0
DA:66,0
DA:69,0
DA:70,0
DA:71,0
DA:74,0
DA:75,0
DA:76,0
DA:80,0
DA:81,0
DA:83,0
DA:84,0
DA:91,0
DA:92,0
DA:93,0
DA:96,0
DA:97,0
DA:98,0
DA:103,0
DA:104,0
DA:107,0
DA:108,0
DA:109,0
DA:116,0
DA:117,0
DA:120,0
DA:121,0
DA:122,0
DA:125,0
DA:126,0
DA:127,0
DA:128,0
DA:129,0
DA:130,0
DA:136,0
DA:138,0
DA:139,0
DA:140,0
DA:141,0
DA:142,0
DA:144,0
DA:145,0
DA:146,0
DA:149,0
DA:150,0
DA:151,0
DA:152,0
DA:154,0
DA:156,0
DA:157,0
DA:162,0
DA:166,0
DA:167,0
DA:170,0
DA:171,0
DA:173,0
DA:184,0
DA:186,0
DA:187,0
DA:188,0
DA:189,0
DA:193,0
DA:228,0
DA:229,0
DA:230,0
DA:231,0
DA:232,0
DA:233,0
DA:234,0
DA:235,0
DA:236,0
DA:237,0
DA:239,0
DA:240,0
DA:241,0
DA:245,0
DA:246,0
DA:247,0
DA:248,0
DA:249,0
DA:250,0
DA:251,0
DA:252,0
DA:256,0
DA:257,0
DA:258,0
DA:259,0
DA:262,0
DA:263,0
DA:266,0
DA:267,0
DA:268,0
DA:269,0
DA:272,0
DA:273,0
DA:274,0
DA:275,0
DA:278,0
DA:279,0
DA:281,0
DA:282,0
DA:286,0
DA:288,0
DA:364,0
DA:365,0
DA:367,0
DA:368,0
DA:370,0
DA:371,0
DA:372,0
DA:383,0
DA:384,0
DA:385,0
DA:386,0
DA:387,0
DA:388,0
DA:389,0
DA:390,0
DA:393,0
DA:395,0
DA:396,0
DA:401,0
DA:403,0
DA:404,0
DA:417,0
DA:418,0
DA:421,0
DA:438,1
LF:139
LH:3
BRDA:44,0,0,0
BRDA:44,0,1,0
BRDA:44,1,0,0
BRDA:44,1,1,0
BRDA:48,2,0,0
BRDA:48,2,1,0
BRDA:48,3,0,0
BRDA:48,3,1,0
BRDA:52,4,0,0
BRDA:52,4,1,0
BRDA:60,5,0,0
BRDA:60,5,1,0
BRDA:65,6,0,0
BRDA:65,6,1,0
BRDA:70,7,0,0
BRDA:70,7,1,0
BRDA:76,8,0,0
BRDA:76,8,1,0
BRDA:77,9,0,0
BRDA:77,9,1,0
BRDA:80,10,0,0
BRDA:80,10,1,0
BRDA:92,11,0,0
BRDA:92,11,1,0
BRDA:98,12,0,0
BRDA:98,12,1,0
BRDA:99,13,0,0
BRDA:99,13,1,0
BRDA:103,14,0,0
BRDA:103,14,1,0
BRDA:116,15,0,0
BRDA:116,15,1,0
BRDA:121,16,0,0
BRDA:121,16,1,0
BRDA:144,17,0,0
BRDA:144,17,1,0
BRDA:145,18,0,0
BRDA:145,18,1,0
BRDA:151,19,0,0
BRDA:151,19,1,0
BRDA:156,20,0,0
BRDA:156,20,1,0
BRDA:166,21,0,0
BRDA:166,21,1,0
BRDA:188,22,0,0
BRDA:188,22,1,0
BRDA:239,23,0,0
BRDA:239,23,1,0
BRDA:241,24,0,0
BRDA:241,24,1,0
BRDA:257,25,0,0
BRDA:257,25,1,0
BRDA:262,26,0,0
BRDA:262,26,1,0
BRDA:272,27,0,0
BRDA:272,27,1,0
BRDA:278,28,0,0
BRDA:278,28,1,0
BRDA:281,29,0,0
BRDA:281,29,1,0
BRDA:325,30,0,0
BRDA:325,30,1,0
BRDA:337,31,0,0
BRDA:337,31,1,0
BRDA:383,32,0,0
BRDA:383,32,1,0
BRDA:395,33,0,0
BRDA:395,33,1,0
BRDA:417,34,0,0
BRDA:417,34,1,0
BRDA:417,35,0,0
BRDA:417,35,1,0
BRF:72
BRH:0
end_of_record
TN:
SF:features/christian-prayer/components/scenes/prayer-corner-scene.tsx
FN:29,PrayerCornerScene
FN:51,(anonymous_1)
FN:59,(anonymous_2)
FNF:3
FNH:3
FNDA:3,PrayerCornerScene
FNDA:7,(anonymous_1)
FNDA:9,(anonymous_2)
DA:18,1
DA:35,3
DA:37,3
DA:52,7
DA:60,9
DA:101,1
LF:6
LH:6
BRDA:31,0,0,0
BRDA:64,1,0,6
BRDA:64,1,1,3
BRDA:73,2,0,0
BRDA:73,2,1,3
BRF:5
BRH:3
end_of_record
TN:
SF:features/christian-prayer/components/sections/christian-flow-screen.tsx
FN:18,ChristianFlowScreen
FNF:1
FNH:1
FNDA:3,ChristianFlowScreen
DA:11,1
DA:19,3
DA:50,1
LF:3
LH:3
BRDA:18,0,0,3
BRDA:35,1,0,3
BRDA:35,1,1,0
BRF:3
BRH:2
end_of_record
TN:
SF:features/christian-prayer/components/sections/christian-flow-screens.tsx
FN:74,useChristianModeGuard
FN:76,(anonymous_1)
FN:78,(anonymous_2)
FN:87,ExperienceSceneFrame
FN:117,ChristianPrayerStartScreen
FN:134,(anonymous_5)
FN:137,(anonymous_6)
FN:137,(anonymous_7)
FN:148,(anonymous_8)
FN:186,(anonymous_9)
FN:190,(anonymous_10)
FN:210,(anonymous_11)
FN:218,(anonymous_12)
FN:224,ChristianPrayerSetupScreen
FN:231,(anonymous_14)
FN:245,(anonymous_15)
FN:268,(anonymous_16)
FN:274,(anonymous_17)
FN:284,(anonymous_18)
FN:294,(anonymous_19)
FN:304,(anonymous_20)
FN:314,(anonymous_21)
FN:323,(anonymous_22)
FN:329,ChristianArIntroScreen
FN:334,(anonymous_24)
FN:335,(anonymous_25)
FN:338,(anonymous_26)
FN:344,(anonymous_27)
FN:349,(anonymous_28)
FN:375,(anonymous_29)
FN:396,(anonymous_30)
FN:403,(anonymous_31)
FN:408,(anonymous_32)
FN:418,ChristianArScanScreen
FN:423,(anonymous_34)
FN:429,(anonymous_35)
FN:432,(anonymous_36)
FN:458,(anonymous_37)
FN:483,(anonymous_38)
FN:506,(anonymous_39)
FN:511,(anonymous_40)
FN:518,(anonymous_41)
FN:530,ChristianArPlaceScreen
FN:545,(anonymous_43)
FN:569,(anonymous_44)
FN:589,(anonymous_45)
FN:595,(anonymous_46)
FN:607,(anonymous_47)
FN:621,(anonymous_48)
FN:635,(anonymous_49)
FN:648,(anonymous_50)
FN:654,(anonymous_51)
FN:665,ChristianArReadyScreen
FN:681,(anonymous_53)
FN:696,(anonymous_54)
FN:705,ChristianFallbackStartScreen
FN:709,(anonymous_56)
FN:712,(anonymous_57)
FN:738,ChristianStillnessScreen
FN:752,(anonymous_59)
FN:758,(anonymous_60)
FN:761,(anonymous_61)
FN:762,(anonymous_62)
FN:773,(anonymous_63)
FN:778,(anonymous_64)
FN:795,(anonymous_65)
FN:818,ChristianScriptureScreen
FN:831,(anonymous_67)
FN:835,(anonymous_68)
FN:863,(anonymous_69)
FN:870,ChristianReflectionScreen
FN:883,(anonymous_71)
FN:887,(anonymous_72)
FN:910,(anonymous_73)
FN:915,(anonymous_74)
FN:929,(anonymous_75)
FN:930,(anonymous_76)
FN:937,(anonymous_77)
FN:952,ChristianPrayerPhasesScreen
FN:968,(anonymous_79)
FN:1002,(anonymous_80)
FN:1015,ChristianBlessingScreen
FN:1029,(anonymous_82)
FN:1032,(anonymous_83)
FN:1045,(anonymous_84)
FN:1071,(anonymous_85)
FN:1077,(anonymous_86)
FN:1104,(anonymous_87)
FN:1109,ChristianCompleteScreen
FN:1133,(anonymous_89)
FN:1142,(anonymous_90)
FN:1154,(anonymous_91)
FN:1164,(anonymous_92)
FN:1171,(anonymous_93)
FN:1178,ChristianJournalScreen
FN:1195,(anonymous_95)
FN:1198,(anonymous_96)
FN:1199,(anonymous_97)
FN:1206,(anonymous_98)
FN:1227,ChristianExitConfirmScreen
FN:1242,(anonymous_100)
FN:1252,(anonymous_101)
FN:1271,useLegacyChristianMode
FN:1272,(anonymous_103)
FNF:104
FNH:9
FNDA:5,useChristianModeGuard
FNDA:17,(anonymous_1)
FNDA:5,(anonymous_2)
FNDA:3,ExperienceSceneFrame
FNDA:0,ChristianPrayerStartScreen
FNDA:0,(anonymous_5)
FNDA:0,(anonymous_6)
FNDA:0,(anonymous_7)
FNDA:0,(anonymous_8)
FNDA:0,(anonymous_9)
FNDA:0,(anonymous_10)
FNDA:0,(anonymous_11)
FNDA:0,(anonymous_12)
FNDA:0,ChristianPrayerSetupScreen
FNDA:0,(anonymous_14)
FNDA:0,(anonymous_15)
FNDA:0,(anonymous_16)
FNDA:0,(anonymous_17)
FNDA:0,(anonymous_18)
FNDA:0,(anonymous_19)
FNDA:0,(anonymous_20)
FNDA:0,(anonymous_21)
FNDA:0,(anonymous_22)
FNDA:0,ChristianArIntroScreen
FNDA:0,(anonymous_24)
FNDA:0,(anonymous_25)
FNDA:0,(anonymous_26)
FNDA:0,(anonymous_27)
FNDA:0,(anonymous_28)
FNDA:0,(anonymous_29)
FNDA:0,(anonymous_30)
FNDA:0,(anonymous_31)
FNDA:0,(anonymous_32)
FNDA:0,ChristianArScanScreen
FNDA:0,(anonymous_34)
FNDA:0,(anonymous_35)
FNDA:0,(anonymous_36)
FNDA:0,(anonymous_37)
FNDA:0,(anonymous_38)
FNDA:0,(anonymous_39)
FNDA:0,(anonymous_40)
FNDA:0,(anonymous_41)
FNDA:2,ChristianArPlaceScreen
FNDA:0,(anonymous_43)
FNDA:0,(anonymous_44)
FNDA:0,(anonymous_45)
FNDA:0,(anonymous_46)
FNDA:0,(anonymous_47)
FNDA:0,(anonymous_48)
FNDA:0,(anonymous_49)
FNDA:1,(anonymous_50)
FNDA:0,(anonymous_51)
FNDA:0,ChristianArReadyScreen
FNDA:0,(anonymous_53)
FNDA:0,(anonymous_54)
FNDA:3,ChristianFallbackStartScreen
FNDA:11,(anonymous_56)
FNDA:1,(anonymous_57)
FNDA:0,ChristianStillnessScreen
FNDA:0,(anonymous_59)
FNDA:0,(anonymous_60)
FNDA:0,(anonymous_61)
FNDA:0,(anonymous_62)
FNDA:0,(anonymous_63)
FNDA:0,(anonymous_64)
FNDA:0,(anonymous_65)
FNDA:0,ChristianScriptureScreen
FNDA:0,(anonymous_67)
FNDA:0,(anonymous_68)
FNDA:0,(anonymous_69)
FNDA:0,ChristianReflectionScreen
FNDA:0,(anonymous_71)
FNDA:0,(anonymous_72)
FNDA:0,(anonymous_73)
FNDA:0,(anonymous_74)
FNDA:0,(anonymous_75)
FNDA:0,(anonymous_76)
FNDA:0,(anonymous_77)
FNDA:0,ChristianPrayerPhasesScreen
FNDA:0,(anonymous_79)
FNDA:0,(anonymous_80)
FNDA:0,ChristianBlessingScreen
FNDA:0,(anonymous_82)
FNDA:0,(anonymous_83)
FNDA:0,(anonymous_84)
FNDA:0,(anonymous_85)
FNDA:0,(anonymous_86)
FNDA:0,(anonymous_87)
FNDA:0,ChristianCompleteScreen
FNDA:0,(anonymous_89)
FNDA:0,(anonymous_90)
FNDA:0,(anonymous_91)
FNDA:0,(anonymous_92)
FNDA:0,(anonymous_93)
FNDA:0,ChristianJournalScreen
FNDA:0,(anonymous_95)
FNDA:0,(anonymous_96)
FNDA:0,(anonymous_97)
FNDA:0,(anonymous_98)
FNDA:0,ChristianExitConfirmScreen
FNDA:0,(anonymous_100)
FNDA:0,(anonymous_101)
FNDA:0,useLegacyChristianMode
FNDA:0,(anonymous_103)
DA:71,2
DA:72,2
DA:75,5
DA:76,17
DA:78,5
DA:79,5
DA:80,0
DA:84,5
DA:96,3
DA:97,3
DA:99,3
DA:100,0
DA:110,3
DA:118,0
DA:119,0
DA:133,0
DA:134,0
DA:135,0
DA:136,0
DA:137,0
DA:140,0
DA:148,0
DA:149,0
DA:150,0
DA:154,0
DA:155,0
DA:158,0
DA:163,0
DA:186,0
DA:191,0
DA:192,0
DA:193,0
DA:211,0
DA:212,0
DA:218,0
DA:225,0
DA:226,0
DA:227,0
DA:228,0
DA:229,0
DA:231,0
DA:232,0
DA:233,0
DA:236,0
DA:237,0
DA:245,0
DA:246,0
DA:247,0
DA:262,0
DA:263,0
DA:266,0
DA:268,0
DA:274,0
DA:285,0
DA:295,0
DA:305,0
DA:315,0
DA:323,0
DA:330,0
DA:331,0
DA:332,0
DA:333,0
DA:334,0
DA:335,0
DA:336,0
DA:338,0
DA:339,0
DA:340,0
DA:344,0
DA:345,0
DA:346,0
DA:349,0
DA:350,0
DA:351,0
DA:366,0
DA:367,0
DA:370,0
DA:371,0
DA:373,0
DA:375,0
DA:397,0
DA:403,0
DA:409,0
DA:410,0
DA:419,0
DA:420,0
DA:421,0
DA:422,0
DA:423,0
DA:424,0
DA:427,0
DA:429,0
DA:430,0
DA:432,0
DA:433,0
DA:434,0
DA:435,0
DA:436,0
DA:439,0
DA:441,0
DA:442,0
DA:443,0
DA:444,0
DA:446,0
DA:449,0
DA:450,0
DA:453,0
DA:454,0
DA:458,0
DA:459,0
DA:460,0
DA:461,0
DA:467,0
DA:477,0
DA:478,0
DA:481,0
DA:483,0
DA:506,0
DA:512,0
DA:519,0
DA:520,0
DA:531,2
DA:532,2
DA:533,2
DA:534,2
DA:536,2
DA:539,2
DA:541,2
DA:542,0
DA:545,2
DA:546,0
DA:547,0
DA:548,0
DA:549,0
DA:550,0
DA:551,0
DA:559,0
DA:560,0
DA:567,2
DA:569,0
DA:589,0
DA:596,0
DA:608,0
DA:622,0
DA:636,0
DA:648,1
DA:655,0
DA:656,0
DA:666,0
DA:667,0
DA:668,0
DA:669,0
DA:670,0
DA:671,0
DA:673,0
DA:674,0
DA:677,0
DA:681,0
DA:696,0
DA:706,3
DA:707,3
DA:708,3
DA:709,11
DA:710,3
DA:712,3
DA:713,1
DA:716,3
DA:717,0
DA:720,3
DA:743,0
DA:746,0
DA:749,0
DA:750,0
DA:751,0
DA:752,0
DA:753,0
DA:754,0
DA:755,0
DA:756,0
DA:758,0
DA:759,0
DA:760,0
DA:761,0
DA:762,0
DA:763,0
DA:764,0
DA:765,0
DA:767,0
DA:771,0
DA:773,0
DA:774,0
DA:778,0
DA:779,0
DA:780,0
DA:783,0
DA:784,0
DA:787,0
DA:788,0
DA:791,0
DA:795,0
DA:823,0
DA:826,0
DA:829,0
DA:830,0
DA:831,0
DA:832,0
DA:833,0
DA:835,0
DA:836,0
DA:837,0
DA:840,0
DA:841,0
DA:844,0
DA:845,0
DA:847,0
DA:863,0
DA:875,0
DA:878,0
DA:881,0
DA:882,0
DA:883,0
DA:884,0
DA:885,0
DA:887,0
DA:888,0
DA:889,0
DA:892,0
DA:893,0
DA:896,0
DA:911,0
DA:912,0
DA:915,0
DA:929,0
DA:930,0
DA:938,0
DA:939,0
DA:945,0
DA:957,0
DA:960,0
DA:963,0
DA:964,0
DA:965,0
DA:966,0
DA:968,0
DA:969,0
DA:970,0
DA:971,0
DA:974,0
DA:977,0
DA:978,0
DA:981,0
DA:982,0
DA:984,0
DA:1003,0
DA:1004,0
DA:1005,0
DA:1020,0
DA:1023,0
DA:1026,0
DA:1027,0
DA:1028,0
DA:1029,0
DA:1030,0
DA:1032,0
DA:1033,0
DA:1034,0
DA:1037,0
DA:1038,0
DA:1041,0
DA:1042,0
DA:1043,0
DA:1045,0
DA:1046,0
DA:1047,0
DA:1048,0
DA:1059,0
DA:1060,0
DA:1070,0
DA:1071,0
DA:1074,0
DA:1075,0
DA:1077,0
DA:1081,0
DA:1082,0
DA:1084,0
DA:1087,0
DA:1092,0
DA:1104,0
DA:1114,0
DA:1117,0
DA:1118,0
DA:1120,0
DA:1121,0
DA:1124,0
DA:1126,0
DA:1134,0
DA:1143,0
DA:1144,0
DA:1155,0
DA:1165,0
DA:1166,0
DA:1171,0
DA:1183,0
DA:1186,0
DA:1187,0
DA:1189,0
DA:1190,0
DA:1193,0
DA:1195,0
DA:1198,0
DA:1199,0
DA:1207,0
DA:1208,0
DA:1214,0
DA:1220,0
DA:1228,0
DA:1229,0
DA:1230,0
DA:1232,0
DA:1243,0
DA:1244,0
DA:1245,0
DA:1247,0
DA:1253,0
DA:1254,0
DA:1263,0
DA:1272,0
DA:1275,2
LF:328
LH:31
BRDA:79,0,0,0
BRDA:79,0,1,5
BRDA:99,1,0,0
BRDA:99,1,1,3
BRDA:135,2,0,0
BRDA:135,2,1,0
BRDA:137,3,0,0
BRDA:137,3,1,0
BRDA:137,3,2,0
BRDA:149,4,0,0
BRDA:149,4,1,0
BRDA:154,5,0,0
BRDA:154,5,1,0
BRDA:159,6,0,0
BRDA:159,6,1,0
BRDA:159,6,2,0
BRDA:159,6,3,0
BRDA:159,6,4,0
BRDA:159,6,5,0
BRDA:168,7,0,0
BRDA:168,7,1,0
BRDA:171,8,0,0
BRDA:171,8,1,0
BRDA:173,9,0,0
BRDA:173,9,1,0
BRDA:179,10,0,0
BRDA:179,10,1,0
BRDA:185,11,0,0
BRDA:185,11,1,0
BRDA:232,12,0,0
BRDA:232,12,1,0
BRDA:232,13,0,0
BRDA:232,13,1,0
BRDA:246,14,0,0
BRDA:246,14,1,0
BRDA:246,15,0,0
BRDA:246,15,1,0
BRDA:254,16,0,0
BRDA:254,16,1,0
BRDA:262,17,0,0
BRDA:262,17,1,0
BRDA:262,18,0,0
BRDA:262,18,1,0
BRDA:262,18,2,0
BRDA:339,19,0,0
BRDA:339,19,1,0
BRDA:345,20,0,0
BRDA:345,20,1,0
BRDA:350,21,0,0
BRDA:350,21,1,0
BRDA:350,22,0,0
BRDA:350,22,1,0
BRDA:358,23,0,0
BRDA:358,23,1,0
BRDA:366,24,0,0
BRDA:366,24,1,0
BRDA:371,25,0,0
BRDA:371,25,1,0
BRDA:386,26,0,0
BRDA:386,26,1,0
BRDA:393,27,0,0
BRDA:393,27,1,0
BRDA:433,28,0,0
BRDA:433,28,1,0
BRDA:443,29,0,0
BRDA:443,29,1,0
BRDA:453,30,0,0
BRDA:453,30,1,0
BRDA:459,31,0,0
BRDA:459,31,1,0
BRDA:459,32,0,0
BRDA:459,32,1,0
BRDA:477,33,0,0
BRDA:477,33,1,0
BRDA:496,34,0,0
BRDA:496,34,1,0
BRDA:503,35,0,0
BRDA:503,35,1,0
BRDA:541,36,0,0
BRDA:541,36,1,2
BRDA:549,37,0,0
BRDA:549,37,1,0
BRDA:582,38,0,0
BRDA:582,38,1,2
BRDA:588,39,0,0
BRDA:588,39,1,2
BRDA:673,40,0,0
BRDA:673,40,1,0
BRDA:673,41,0,0
BRDA:673,41,1,0
BRDA:716,42,0,0
BRDA:716,42,1,3
BRDA:716,43,0,3
BRDA:716,43,1,3
BRDA:744,44,0,0
BRDA:744,44,1,0
BRDA:747,45,0,0
BRDA:747,45,1,0
BRDA:764,46,0,0
BRDA:764,46,1,0
BRDA:779,47,0,0
BRDA:779,47,1,0
BRDA:779,48,0,0
BRDA:779,48,1,0
BRDA:787,49,0,0
BRDA:787,49,1,0
BRDA:787,50,0,0
BRDA:787,50,1,0
BRDA:824,51,0,0
BRDA:824,51,1,0
BRDA:827,52,0,0
BRDA:827,52,1,0
BRDA:840,53,0,0
BRDA:840,53,1,0
BRDA:840,54,0,0
BRDA:840,54,1,0
BRDA:840,54,2,0
BRDA:876,55,0,0
BRDA:876,55,1,0
BRDA:879,56,0,0
BRDA:879,56,1,0
BRDA:892,57,0,0
BRDA:892,57,1,0
BRDA:892,58,0,0
BRDA:892,58,1,0
BRDA:904,59,0,0
BRDA:904,59,1,0
BRDA:916,60,0,0
BRDA:916,60,1,0
BRDA:919,61,0,0
BRDA:919,61,1,0
BRDA:921,62,0,0
BRDA:921,62,1,0
BRDA:938,63,0,0
BRDA:938,63,1,0
BRDA:938,64,0,0
BRDA:938,64,1,0
BRDA:958,65,0,0
BRDA:958,65,1,0
BRDA:961,66,0,0
BRDA:961,66,1,0
BRDA:969,67,0,0
BRDA:969,67,1,0
BRDA:977,68,0,0
BRDA:977,68,1,0
BRDA:977,69,0,0
BRDA:977,69,1,0
BRDA:977,69,2,0
BRDA:996,70,0,0
BRDA:996,70,1,0
BRDA:999,71,0,0
BRDA:999,71,1,0
BRDA:1004,72,0,0
BRDA:1004,72,1,0
BRDA:1021,73,0,0
BRDA:1021,73,1,0
BRDA:1024,74,0,0
BRDA:1024,74,1,0
BRDA:1037,75,0,0
BRDA:1037,75,1,0
BRDA:1037,76,0,0
BRDA:1037,76,1,0
BRDA:1037,76,2,0
BRDA:1037,76,3,0
BRDA:1046,77,0,0
BRDA:1046,77,1,0
BRDA:1056,78,0,0
BRDA:1056,78,1,0
BRDA:1074,79,0,0
BRDA:1074,79,1,0
BRDA:1088,80,0,0
BRDA:1088,80,1,0
BRDA:1115,81,0,0
BRDA:1115,81,1,0
BRDA:1120,82,0,0
BRDA:1120,82,1,0
BRDA:1143,83,0,0
BRDA:1143,83,1,0
BRDA:1143,84,0,0
BRDA:1143,84,1,0
BRDA:1156,85,0,0
BRDA:1156,85,1,0
BRDA:1165,86,0,0
BRDA:1165,86,1,0
BRDA:1184,87,0,0
BRDA:1184,87,1,0
BRDA:1189,88,0,0
BRDA:1189,88,1,0
BRDA:1207,89,0,0
BRDA:1207,89,1,0
BRDA:1207,90,0,0
BRDA:1207,90,1,0
BRDA:1243,91,0,0
BRDA:1243,91,1,0
BRDA:1260,92,0,0
BRDA:1260,92,1,0
BRF:196
BRH:8
end_of_record
TN:
SF:features/christian-prayer/constants/content.ts
FNF:0
FNH:0
DA:3,7
DA:62,7
DA:64,7
LF:3
LH:3
BRF:0
BRH:0
end_of_record
TN:
SF:features/christian-prayer/constants/index.ts
FNF:0
FNH:0
LF:0
LH:0
BRF:0
BRH:0
end_of_record
TN:
SF:features/christian-prayer/constants/model-layout.ts
FNF:0
FNH:0
DA:12,7
LF:1
LH:1
BRF:0
BRH:0
end_of_record
TN:
SF:features/christian-prayer/constants/model-manifest.ts
FN:31,assertRecord
FN:37,assertString
FN:43,assertNumber
FN:49,isAssetId
FN:53,getRequiredChristianModelIds
FN:57,parseChristianPrayerCornerManifest
FN:79,(anonymous_6)
FN:118,(anonymous_7)
FN:119,(anonymous_8)
FNF:9
FNH:9
FNDA:14,assertRecord
FNDA:54,assertString
FNDA:36,assertNumber
FNDA:12,isAssetId
FNDA:1,getRequiredChristianModelIds
FNDA:2,parseChristianPrayerCornerManifest
FNDA:12,(anonymous_6)
FNDA:12,(anonymous_7)
FNDA:12,(anonymous_8)
DA:1,9
DA:32,14
DA:33,0
DA:38,54
DA:39,0
DA:44,36
DA:45,0
DA:50,12
DA:54,1
DA:58,2
DA:59,2
DA:60,2
DA:61,2
DA:63,2
DA:64,0
DA:67,2
DA:68,0
DA:71,2
DA:72,0
DA:75,2
DA:76,0
DA:79,2
DA:80,12
DA:81,12
DA:82,12
DA:83,12
DA:84,12
DA:85,12
DA:86,12
DA:87,12
DA:89,12
DA:90,0
DA:93,12
DA:94,0
DA:97,12
DA:98,0
DA:101,12
DA:102,0
DA:107,12
DA:118,12
DA:119,12
DA:121,2
DA:122,0
DA:125,2
LF:44
LH:32
BRDA:32,0,0,0
BRDA:32,0,1,14
BRDA:32,1,0,14
BRDA:32,1,1,14
BRDA:32,1,2,14
BRDA:38,2,0,0
BRDA:38,2,1,54
BRDA:38,3,0,54
BRDA:38,3,1,54
BRDA:44,4,0,0
BRDA:44,4,1,36
BRDA:44,5,0,36
BRDA:44,5,1,36
BRDA:63,6,0,0
BRDA:63,6,1,2
BRDA:67,7,0,0
BRDA:67,7,1,2
BRDA:71,8,0,0
BRDA:71,8,1,2
BRDA:75,9,0,0
BRDA:75,9,1,2
BRDA:89,10,0,0
BRDA:89,10,1,12
BRDA:93,11,0,0
BRDA:93,11,1,12
BRDA:93,12,0,12
BRDA:93,12,1,0
BRDA:97,13,0,0
BRDA:97,13,1,12
BRDA:97,14,0,12
BRDA:97,14,1,6
BRDA:97,14,2,2
BRDA:101,15,0,0
BRDA:101,15,1,12
BRDA:121,16,0,0
BRDA:121,16,1,2
BRDA:130,17,0,2
BRDA:130,17,1,0
BRF:38
BRH:24
end_of_record
TN:
SF:features/christian-prayer/constants/model-modules.ts
FNF:0
FNH:0
DA:8,7
LF:1
LH:1
BRF:0
BRH:0
end_of_record
TN:
SF:features/christian-prayer/constants/scene-styles.ts
FNF:0
FNH:0
DA:3,7
LF:1
LH:1
BRF:0
BRH:0
end_of_record
TN:
SF:features/christian-prayer/constants/theme.ts
FNF:0
FNH:0
DA:1,7
DA:23,7
DA:31,7
LF:3
LH:3
BRF:0
BRH:0
end_of_record
TN:
SF:features/christian-prayer/constants/types.ts
FNF:0
FNH:0
DA:1,7
LF:1
LH:1
BRF:0
BRH:0
end_of_record
TN:
SF:features/christian-prayer/hooks/useChristianArController.ts
FN:16,useChristianArController
FN:17,(anonymous_1)
FN:18,(anonymous_2)
FN:19,(anonymous_3)
FN:20,(anonymous_4)
FN:25,(anonymous_5)
FN:31,(anonymous_6)
FN:36,(anonymous_7)
FN:40,(anonymous_8)
FN:43,(anonymous_9)
FN:57,(anonymous_10)
FN:62,(anonymous_11)
FN:68,(anonymous_12)
FN:77,(anonymous_13)
FN:85,(anonymous_14)
FN:90,(anonymous_15)
FNF:16
FNH:0
FNDA:0,useChristianArController
FNDA:0,(anonymous_1)
FNDA:0,(anonymous_2)
FNDA:0,(anonymous_3)
FNDA:0,(anonymous_4)
FNDA:0,(anonymous_5)
FNDA:0,(anonymous_6)
FNDA:0,(anonymous_7)
FNDA:0,(anonymous_8)
FNDA:0,(anonymous_9)
FNDA:0,(anonymous_10)
FNDA:0,(anonymous_11)
FNDA:0,(anonymous_12)
FNDA:0,(anonymous_13)
FNDA:0,(anonymous_14)
FNDA:0,(anonymous_15)
DA:17,0
DA:18,0
DA:19,0
DA:20,0
DA:21,0
DA:22,0
DA:23,0
DA:25,0
DA:26,0
DA:27,0
DA:28,0
DA:31,0
DA:32,0
DA:33,0
DA:36,0
DA:37,0
DA:40,0
DA:43,0
DA:44,0
DA:45,0
DA:46,0
DA:47,0
DA:48,0
DA:49,0
DA:52,0
DA:53,0
DA:54,0
DA:57,0
DA:58,0
DA:59,0
DA:62,0
DA:63,0
DA:64,0
DA:67,0
DA:69,0
DA:70,0
DA:71,0
DA:76,0
DA:78,0
DA:79,0
DA:80,0
DA:85,0
DA:86,0
DA:89,0
DA:90,0
LF:45
LH:0
BRDA:22,0,0,0
BRDA:22,0,1,0
BRDA:23,1,0,0
BRDA:23,1,1,0
BRDA:32,2,0,0
BRDA:32,2,1,0
BRDA:46,3,0,0
BRDA:46,3,1,0
BRF:8
BRH:0
end_of_record
TN:
SF:features/christian-prayer/hooks/useChristianExitGuard.ts
FN:5,useChristianExitGuard
FN:9,(anonymous_1)
FN:10,(anonymous_2)
FN:20,(anonymous_3)
FNF:4
FNH:0
FNDA:0,useChristianExitGuard
FNDA:0,(anonymous_1)
FNDA:0,(anonymous_2)
FNDA:0,(anonymous_3)
DA:6,0
DA:8,0
DA:10,0
DA:11,0
DA:17,0
DA:20,0
DA:21,0
LF:7
LH:0
BRF:0
BRH:0
end_of_record
TN:
SF:features/christian-prayer/hooks/useChristianPhaseNavigation.ts
FN:13,useChristianPhaseNavigation
FN:27,(anonymous_1)
FN:34,(anonymous_2)
FN:51,(anonymous_3)
FN:70,(anonymous_4)
FNF:5
FNH:2
FNDA:3,useChristianPhaseNavigation
FNDA:0,(anonymous_1)
FNDA:1,(anonymous_2)
FNDA:0,(anonymous_3)
FNDA:0,(anonymous_4)
DA:14,3
DA:24,3
DA:26,3
DA:28,0
DA:29,0
DA:34,3
DA:35,1
DA:36,1
DA:44,1
DA:46,1
DA:52,0
DA:58,1
DA:59,1
DA:60,1
DA:61,1
DA:63,0
DA:70,3
DA:71,0
DA:72,0
DA:73,0
DA:75,0
DA:76,0
DA:82,0
DA:94,3
LF:24
LH:14
BRDA:75,0,0,0
BRDA:75,0,1,0
BRDA:75,1,0,0
BRDA:75,1,1,0
BRF:4
BRH:0
end_of_record
TN:
SF:features/christian-prayer/hooks/useChristianPrayerCornerModels.ts
FN:11,useChristianPrayerCornerModels
FN:12,(anonymous_1)
FN:16,(anonymous_2)
FN:19,(anonymous_3)
FN:28,(anonymous_4)
FNF:5
FNH:0
FNDA:0,useChristianPrayerCornerModels
FNDA:0,(anonymous_1)
FNDA:0,(anonymous_2)
FNDA:0,(anonymous_3)
FNDA:0,(anonymous_4)
DA:12,0
DA:13,0
DA:16,0
DA:17,0
DA:19,0
DA:20,0
DA:21,0
DA:22,0
DA:26,0
DA:28,0
DA:29,0
DA:33,0
LF:12
LH:0
BRDA:21,0,0,0
BRDA:21,0,1,0
BRF:2
BRH:0
end_of_record
TN:
SF:features/christian-prayer/hooks/useChristianPrayerSession.ts
FN:19,useChristianPrayerSession
FN:23,(anonymous_1)
FN:28,(anonymous_2)
FN:29,(anonymous_3)
FN:32,(anonymous_4)
FN:35,(anonymous_5)
FN:42,(anonymous_6)
FN:54,(anonymous_7)
FN:61,(anonymous_8)
FN:70,(anonymous_9)
FN:94,useChristianSessionModeContent
FN:95,(anonymous_11)
FNF:12
FNH:8
FNDA:8,useChristianPrayerSession
FNDA:5,(anonymous_1)
FNDA:0,(anonymous_2)
FNDA:0,(anonymous_3)
FNDA:2,(anonymous_4)
FNDA:3,(anonymous_5)
FNDA:3,(anonymous_6)
FNDA:5,(anonymous_7)
FNDA:5,(anonymous_8)
FNDA:7,(anonymous_9)
FNDA:0,useChristianSessionModeContent
FNDA:0,(anonymous_11)
DA:20,8
DA:21,8
DA:23,8
DA:24,5
DA:25,3
DA:28,2
DA:29,0
DA:32,2
DA:35,8
DA:36,3
DA:37,0
DA:39,3
DA:42,8
DA:43,3
DA:44,3
DA:47,0
DA:48,0
DA:51,0
DA:54,8
DA:55,5
DA:56,3
DA:58,2
DA:61,8
DA:62,5
DA:63,5
DA:66,0
DA:69,8
DA:70,7
DA:74,8
DA:81,8
DA:95,0
DA:96,0
DA:97,0
DA:99,0
LF:34
LH:24
BRDA:24,0,0,3
BRDA:24,0,1,2
BRDA:24,1,0,5
BRDA:24,1,1,2
BRDA:36,2,0,0
BRDA:36,2,1,3
BRDA:43,3,0,3
BRDA:43,3,1,0
BRDA:47,4,0,0
BRDA:47,4,1,0
BRDA:55,5,0,3
BRDA:55,5,1,2
BRDA:62,6,0,5
BRDA:62,6,1,0
BRDA:74,7,0,6
BRDA:74,7,1,2
BRDA:78,8,0,2
BRDA:78,8,1,2
BRDA:96,9,0,0
BRDA:96,9,1,0
BRF:20
BRH:13
end_of_record
TN:
SF:features/christian-prayer/hooks/useChristianRouteSync.ts
FN:5,useChristianRouteSync
FN:6,(anonymous_1)
FN:8,(anonymous_2)
FNF:3
FNH:3
FNDA:5,useChristianRouteSync
FNDA:19,(anonymous_1)
FNDA:2,(anonymous_2)
DA:6,19
DA:8,5
DA:9,2
LF:3
LH:3
BRF:0
BRH:0
end_of_record
TN:
SF:features/christian-prayer/services/christianAnalytics.service.ts
FN:17,trackChristianAnalyticsEvent
FNF:1
FNH:1
FNDA:1,trackChristianAnalyticsEvent
DA:24,1
DA:34,1
LF:2
LH:2
BRDA:21,0,0,0
BRDA:25,1,0,1
BRDA:25,1,1,0
BRF:3
BRH:1
end_of_record
TN:
SF:features/christian-prayer/services/christianAudio.service.ts
FN:9,useChristianAudioService
FN:15,(anonymous_1)
FN:24,(anonymous_2)
FN:34,(anonymous_3)
FN:59,(anonymous_4)
FN:70,(anonymous_5)
FN:81,(anonymous_6)
FN:82,(anonymous_7)
FN:83,(anonymous_8)
FN:92,(anonymous_9)
FN:98,(anonymous_10)
FN:99,(anonymous_11)
FNF:12
FNH:0
FNDA:0,useChristianAudioService
FNDA:0,(anonymous_1)
FNDA:0,(anonymous_2)
FNDA:0,(anonymous_3)
FNDA:0,(anonymous_4)
FNDA:0,(anonymous_5)
FNDA:0,(anonymous_6)
FNDA:0,(anonymous_7)
FNDA:0,(anonymous_8)
FNDA:0,(anonymous_9)
FNDA:0,(anonymous_10)
FNDA:0,(anonymous_11)
DA:7,2
DA:10,0
DA:11,0
DA:12,0
DA:13,0
DA:15,0
DA:16,0
DA:17,0
DA:24,0
DA:25,0
DA:26,0
DA:28,0
DA:29,0
DA:34,0
DA:35,0
DA:36,0
DA:39,0
DA:40,0
DA:41,0
DA:42,0
DA:44,0
DA:45,0
DA:47,0
DA:48,0
DA:59,0
DA:60,0
DA:61,0
DA:63,0
DA:65,0
DA:69,0
DA:71,0
DA:72,0
DA:75,0
DA:76,0
DA:77,0
DA:81,0
DA:82,0
DA:84,0
DA:85,0
DA:92,0
DA:93,0
DA:94,0
DA:98,0
DA:99,0
DA:100,0
DA:101,0
DA:105,0
LF:47
LH:1
BRDA:16,0,0,0
BRDA:16,0,1,0
BRDA:18,1,0,0
BRDA:18,1,1,0
BRDA:18,1,2,0
BRDA:28,2,0,0
BRDA:28,2,1,0
BRDA:35,3,0,0
BRDA:35,3,1,0
BRDA:41,4,0,0
BRDA:41,4,1,0
BRDA:41,5,0,0
BRDA:41,5,1,0
BRDA:47,6,0,0
BRDA:47,6,1,0
BRDA:48,7,0,0
BRDA:48,7,1,0
BRDA:71,8,0,0
BRDA:71,8,1,0
BRDA:71,9,0,0
BRDA:71,9,1,0
BRDA:93,10,0,0
BRDA:93,10,1,0
BRDA:93,11,0,0
BRDA:93,11,1,0
BRF:25
BRH:0
end_of_record
TN:
SF:features/christian-prayer/services/christianContent.service.ts
FN:9,getLocalDaySeed
FN:16,getDailyChristianVerse
FN:21,getChristianModeContent
FN:25,getChristianModeOptions
FN:29,getSuggestedChristianVerse
FN:39,getChristianVersePreview
FN:46,getChristianReflectionPrompt
FN:50,getChristianPrayerPrompt
FN:57,getChristianBlessing
FNF:9
FNH:2
FNDA:0,getLocalDaySeed
FNDA:0,getDailyChristianVerse
FNDA:12,getChristianModeContent
FNDA:0,getChristianModeOptions
FNDA:5,getSuggestedChristianVerse
FNDA:0,getChristianVersePreview
FNDA:0,getChristianReflectionPrompt
FNDA:0,getChristianPrayerPrompt
FNDA:0,getChristianBlessing
DA:10,0
DA:11,0
DA:12,0
DA:13,0
DA:17,0
DA:18,0
DA:22,12
DA:26,0
DA:33,5
DA:34,0
DA:36,5
DA:43,0
DA:47,0
DA:54,0
DA:58,0
LF:15
LH:3
BRDA:16,0,0,0
BRDA:31,1,0,5
BRDA:33,2,0,0
BRDA:33,2,1,5
BRDA:41,3,0,0
BRF:5
BRH:2
end_of_record
TN:
SF:features/christian-prayer/services/christianHaptics.service.ts
FN:3,triggerChristianSurfaceDetectedHaptic
FN:10,triggerChristianPhaseChangeHaptic
FN:17,triggerChristianCompletionHaptic
FNF:3
FNH:0
FNDA:0,triggerChristianSurfaceDetectedHaptic
FNDA:0,triggerChristianPhaseChangeHaptic
FNDA:0,triggerChristianCompletionHaptic
DA:4,0
DA:5,0
DA:7,0
DA:11,0
DA:12,0
DA:14,0
DA:18,0
DA:19,0
DA:21,0
LF:9
LH:0
BRDA:4,0,0,0
BRDA:4,0,1,0
BRDA:11,1,0,0
BRDA:11,1,1,0
BRDA:18,2,0,0
BRDA:18,2,1,0
BRF:6
BRH:0
end_of_record
TN:
SF:features/christian-prayer/services/christianModels.service.ts
FN:37,getManifestJson
FN:41,buildInitialModelSnapshot
FN:54,resolveAssetWithRetry
FN:105,selectChristianCoreModelReadiness
FN:112,(anonymous_4)
FN:113,(anonymous_5)
FN:117,loadChristianPrayerCornerModels
FN:130,(anonymous_7)
FN:134,(anonymous_8)
FN:134,(anonymous_9)
FN:135,(anonymous_10)
FN:135,(anonymous_11)
FN:140,(anonymous_12)
FN:166,preloadChristianPrayerCornerModels
FN:170,getCachedChristianPrayerCornerModelSnapshot
FN:174,__resetChristianPrayerCornerModelCacheForTests
FNF:16
FNH:12
FNDA:1,getManifestJson
FNDA:0,buildInitialModelSnapshot
FNDA:6,resolveAssetWithRetry
FNDA:4,selectChristianCoreModelReadiness
FNDA:12,(anonymous_4)
FNDA:30,(anonymous_5)
FNDA:1,loadChristianPrayerCornerModels
FNDA:1,(anonymous_7)
FNDA:6,(anonymous_8)
FNDA:6,(anonymous_9)
FNDA:6,(anonymous_10)
FNDA:0,(anonymous_11)
FNDA:6,(anonymous_12)
FNDA:0,preloadChristianPrayerCornerModels
FNDA:0,getCachedChristianPrayerCornerModelSnapshot
FNDA:2,__resetChristianPrayerCornerModelCacheForTests
DA:11,3
DA:12,3
DA:34,3
DA:35,3
DA:38,1
DA:42,0
DA:57,6
DA:59,6
DA:60,6
DA:69,0
DA:70,0
DA:71,0
DA:72,0
DA:73,0
DA:74,0
DA:76,0
DA:84,0
DA:85,0
DA:96,0
DA:108,4
DA:109,0
DA:112,4
DA:113,30
DA:120,1
DA:122,1
DA:123,0
DA:126,1
DA:127,0
DA:130,1
DA:131,1
DA:132,1
DA:133,1
DA:134,6
DA:135,6
DA:137,1
DA:140,6
DA:148,1
DA:149,1
DA:151,0
DA:156,0
DA:157,0
DA:159,1
DA:163,1
DA:167,0
DA:171,0
DA:175,2
DA:176,2
LF:47
LH:28
BRDA:59,0,0,6
BRDA:59,0,1,0
BRDA:80,1,0,0
BRDA:80,1,1,0
BRDA:84,2,0,0
BRDA:84,2,1,0
BRDA:108,3,0,0
BRDA:108,3,1,4
BRDA:113,4,0,30
BRDA:113,4,1,10
BRDA:122,5,0,0
BRDA:122,5,1,1
BRDA:122,6,0,1
BRDA:122,6,1,0
BRDA:126,7,0,0
BRDA:126,7,1,1
BRDA:126,8,0,1
BRDA:126,8,1,0
BRDA:154,9,0,0
BRDA:154,9,1,0
BRDA:171,10,0,0
BRDA:171,10,1,0
BRF:22
BRH:8
end_of_record
TN:
SF:features/christian-prayer/services/christianPersistence.service.ts
FN:25,enqueuePersistence
FN:28,(anonymous_1)
FN:29,(anonymous_2)
FN:34,parseJson
FN:47,loadCompletedChristianSessions
FN:52,loadFavoriteChristianVerses
FN:57,loadChristianReflectionDrafts
FN:62,loadChristianAnalyticsEvents
FN:67,saveCompletedChristianSession
FN:70,(anonymous_9)
FN:72,(anonymous_10)
FN:90,saveFavoriteChristianVerse
FN:93,(anonymous_12)
FN:95,(anonymous_13)
FN:105,saveChristianReflectionDraft
FN:110,(anonymous_15)
FN:125,clearChristianReflectionDraft
FN:128,(anonymous_17)
FN:137,appendChristianAnalyticsEvent
FN:140,(anonymous_19)
FNF:20
FNH:15
FNDA:5,enqueuePersistence
FNDA:5,(anonymous_1)
FNDA:0,(anonymous_2)
FNDA:7,parseJson
FNDA:1,loadCompletedChristianSessions
FNDA:1,loadFavoriteChristianVerses
FNDA:2,loadChristianReflectionDrafts
FNDA:3,loadChristianAnalyticsEvents
FNDA:1,saveCompletedChristianSession
FNDA:1,(anonymous_9)
FNDA:0,(anonymous_10)
FNDA:1,saveFavoriteChristianVerse
FNDA:1,(anonymous_12)
FNDA:0,(anonymous_13)
FNDA:1,saveChristianReflectionDraft
FNDA:1,(anonymous_15)
FNDA:0,clearChristianReflectionDraft
FNDA:0,(anonymous_17)
FNDA:2,appendChristianAnalyticsEvent
FNDA:2,(anonymous_19)
DA:11,3
DA:12,3
DA:13,3
DA:14,3
DA:23,3
DA:26,5
DA:27,5
DA:28,5
DA:29,0
DA:31,5
DA:35,7
DA:36,5
DA:39,2
DA:40,2
DA:41,2
DA:43,0
DA:48,1
DA:49,1
DA:53,1
DA:54,1
DA:58,2
DA:59,2
DA:63,3
DA:64,3
DA:70,1
DA:71,1
DA:72,1
DA:74,1
DA:75,1
DA:76,1
DA:83,0
DA:86,1
DA:93,1
DA:94,1
DA:95,1
DA:100,1
DA:101,1
DA:110,1
DA:111,1
DA:112,1
DA:120,1
DA:121,1
DA:128,0
DA:129,0
DA:130,0
DA:131,0
DA:132,0
DA:133,0
DA:140,2
DA:141,2
DA:142,2
DA:143,2
DA:144,2
LF:53
LH:44
BRDA:35,0,0,5
BRDA:35,0,1,2
BRDA:41,1,0,2
BRDA:41,1,1,0
BRF:4
BRH:3
end_of_record
TN:
SF:features/christian-prayer/services/christianSession.service.ts
FN:39,createChristianSessionId
FN:43,buildChristianDraftState
FN:58,getChristianPhaseRoute
FN:87,getChristianResumeRoute
FN:108,getChristianNextPhase
FN:112,buildChristianSessionSummary
FN:137,normalizePrayerCornerTransform
FN:144,(anonymous_7)
FN:156,resolveChristianModeFromLegacyTemplate
FNF:9
FNH:7
FNDA:5,createChristianSessionId
FNDA:5,buildChristianDraftState
FNDA:9,getChristianPhaseRoute
FNDA:0,getChristianResumeRoute
FNDA:2,getChristianNextPhase
FNDA:2,buildChristianSessionSummary
FNDA:3,normalizePrayerCornerTransform
FNDA:12,(anonymous_7)
FNDA:0,resolveChristianModeFromLegacyTemplate
DA:12,6
DA:20,6
DA:32,6
DA:40,5
DA:49,5
DA:62,9
DA:64,9
DA:66,3
DA:68,0
DA:70,1
DA:76,0
DA:78,0
DA:80,0
DA:83,5
DA:93,0
DA:94,0
DA:97,0
DA:98,0
DA:101,0
DA:102,0
DA:105,0
DA:109,2
DA:123,2
DA:141,3
DA:142,3
DA:144,3
DA:145,12
DA:147,3
DA:159,0
DA:160,0
DA:163,0
LF:31
LH:17
BRDA:52,0,0,5
BRDA:52,0,1,0
BRDA:62,1,0,5
BRDA:62,1,1,4
BRDA:64,2,0,3
BRDA:64,2,1,0
BRDA:64,2,2,1
BRDA:64,2,3,0
BRDA:64,2,4,0
BRDA:64,2,5,0
BRDA:64,2,6,0
BRDA:64,2,7,0
BRDA:64,2,8,0
BRDA:64,2,9,0
BRDA:64,2,10,5
BRDA:64,2,11,5
BRDA:83,3,0,2
BRDA:83,3,1,3
BRDA:93,4,0,0
BRDA:93,4,1,0
BRDA:94,5,0,0
BRDA:94,5,1,0
BRDA:97,6,0,0
BRDA:97,6,1,0
BRDA:101,7,0,0
BRDA:101,7,1,0
BRDA:105,8,0,0
BRDA:105,8,1,0
BRDA:133,9,0,2
BRDA:133,9,1,2
BRDA:141,10,0,3
BRDA:141,10,1,0
BRDA:142,11,0,3
BRDA:142,11,1,0
BRDA:150,12,0,3
BRDA:150,12,1,3
BRDA:151,13,0,3
BRDA:151,13,1,3
BRDA:152,14,0,3
BRDA:152,14,1,3
BRDA:159,15,0,0
BRDA:159,15,1,0
BRDA:159,16,0,0
BRDA:159,16,1,0
BRF:44
BRH:19
end_of_record
TN:
SF:features/christian-prayer/store/useChristianSessionStore.ts
FN:60,mergeTransform
FN:69,(anonymous_1)
FN:72,(anonymous_2)
FN:73,(anonymous_3)
FN:102,(anonymous_4)
FN:103,(anonymous_5)
FN:125,(anonymous_6)
FN:125,(anonymous_7)
FN:127,(anonymous_8)
FN:127,(anonymous_9)
FN:129,(anonymous_10)
FN:129,(anonymous_11)
FN:131,(anonymous_12)
FN:132,(anonymous_13)
FN:137,(anonymous_14)
FN:138,(anonymous_15)
FN:145,(anonymous_16)
FN:146,(anonymous_17)
FN:151,(anonymous_18)
FN:152,(anonymous_19)
FN:166,(anonymous_20)
FN:167,(anonymous_21)
FN:175,(anonymous_22)
FN:176,(anonymous_23)
FN:184,(anonymous_24)
FN:185,(anonymous_25)
FN:197,(anonymous_26)
FN:198,(anonymous_27)
FN:206,(anonymous_28)
FN:207,(anonymous_29)
FN:219,(anonymous_30)
FN:220,(anonymous_31)
FN:230,(anonymous_32)
FN:231,(anonymous_33)
FN:236,(anonymous_34)
FN:237,(anonymous_35)
FN:242,(anonymous_36)
FN:243,(anonymous_37)
FN:250,(anonymous_38)
FNF:39
FNH:33
FNDA:1,mergeTransform
FNDA:3,(anonymous_1)
FNDA:5,(anonymous_2)
FNDA:5,(anonymous_3)
FNDA:2,(anonymous_4)
FNDA:2,(anonymous_5)
FNDA:2,(anonymous_6)
FNDA:2,(anonymous_7)
FNDA:1,(anonymous_8)
FNDA:1,(anonymous_9)
FNDA:1,(anonymous_10)
FNDA:1,(anonymous_11)
FNDA:0,(anonymous_12)
FNDA:0,(anonymous_13)
FNDA:1,(anonymous_14)
FNDA:1,(anonymous_15)
FNDA:1,(anonymous_16)
FNDA:1,(anonymous_17)
FNDA:1,(anonymous_18)
FNDA:1,(anonymous_19)
FNDA:0,(anonymous_20)
FNDA:0,(anonymous_21)
FNDA:0,(anonymous_22)
FNDA:0,(anonymous_23)
FNDA:2,(anonymous_24)
FNDA:2,(anonymous_25)
FNDA:1,(anonymous_26)
FNDA:1,(anonymous_27)
FNDA:3,(anonymous_28)
FNDA:3,(anonymous_29)
FNDA:1,(anonymous_30)
FNDA:1,(anonymous_31)
FNDA:1,(anonymous_32)
FNDA:1,(anonymous_33)
FNDA:1,(anonymous_34)
FNDA:1,(anonymous_35)
FNDA:6,(anonymous_36)
FNDA:6,(anonymous_37)
FNDA:3,(anonymous_38)
DA:20,3
DA:27,3
DA:64,1
DA:67,3
DA:69,3
DA:73,5
DA:74,5
DA:76,5
DA:103,2
DA:104,2
DA:106,2
DA:113,2
DA:125,2
DA:127,1
DA:129,1
DA:132,0
DA:138,1
DA:146,1
DA:152,1
DA:167,0
DA:176,0
DA:185,2
DA:186,2
DA:188,2
DA:198,1
DA:207,3
DA:220,1
DA:231,1
DA:237,1
DA:243,6
DA:250,3
LF:31
LH:28
BRDA:74,0,0,5
BRDA:74,0,1,0
BRDA:104,1,0,2
BRDA:104,1,1,2
BRDA:106,2,0,2
BRDA:106,2,1,2
BRDA:107,3,0,2
BRDA:107,3,1,0
BRDA:108,4,0,2
BRDA:108,4,1,0
BRDA:108,5,0,2
BRDA:108,5,1,0
BRDA:116,6,0,2
BRDA:116,6,1,1
BRDA:134,7,0,0
BRDA:134,7,1,0
BRDA:142,8,0,0
BRDA:142,8,1,1
BRDA:159,9,0,1
BRDA:159,9,1,0
BRDA:179,10,0,0
BRDA:179,10,1,0
BRDA:191,11,0,0
BRDA:191,11,1,2
BRDA:208,12,0,3
BRDA:208,12,1,3
BRDA:212,13,0,3
BRDA:212,13,1,0
BRDA:212,14,0,0
BRDA:212,14,1,0
BRDA:214,15,0,3
BRDA:214,15,1,0
BRDA:214,16,0,3
BRDA:214,16,1,3
BRDA:233,17,0,1
BRDA:233,17,1,0
BRF:36
BRH:20
end_of_record
TN:
SF:features/christian-prayer/utils/candle-emissive.ts
FN:15,clamp
FN:19,resolveChristianCandleEmissiveIntensity
FNF:2
FNH:2
FNDA:3,clamp
FNDA:3,resolveChristianCandleEmissiveIntensity
DA:3,2
DA:16,3
DA:23,3
DA:24,3
DA:28,3
DA:32,3
LF:6
LH:6
BRF:0
BRH:0
end_of_record
TN:
SF:features/christian-prayer/utils/phase.ts
FN:27,getNextChristianPhase
FN:40,getPreviousChristianPhase
FN:50,isChristianFlowPhase
FN:54,isGuidedPrayerPhase
FNF:4
FNH:2
FNDA:2,getNextChristianPhase
FNDA:0,getPreviousChristianPhase
FNDA:0,isChristianFlowPhase
FNDA:13,isGuidedPrayerPhase
DA:6,6
DA:19,6
DA:28,2
DA:29,0
DA:32,2
DA:33,2
DA:34,0
DA:37,2
DA:43,0
DA:44,0
DA:45,0
DA:47,0
DA:51,0
DA:57,13
LF:14
LH:7
BRDA:28,0,0,0
BRDA:28,0,1,2
BRDA:33,1,0,0
BRDA:33,1,1,2
BRDA:33,2,0,2
BRDA:33,2,1,2
BRDA:44,3,0,0
BRDA:44,3,1,0
BRDA:51,4,0,0
BRDA:51,4,1,0
BRF:10
BRH:4
end_of_record
TN:
SF:hooks/use-altar-experience.ts
FN:14,useAltarExperience
FN:44,(anonymous_1)
FN:48,(anonymous_2)
FN:60,(anonymous_3)
FN:69,(anonymous_4)
FN:76,(anonymous_5)
FN:82,(anonymous_6)
FN:89,(anonymous_7)
FN:95,(anonymous_8)
FN:100,(anonymous_9)
FN:107,(anonymous_10)
FN:108,(anonymous_11)
FNF:12
FNH:8
FNDA:23,useAltarExperience
FNDA:1,(anonymous_1)
FNDA:1,(anonymous_2)
FNDA:6,(anonymous_3)
FNDA:1,(anonymous_4)
FNDA:0,(anonymous_5)
FNDA:0,(anonymous_6)
FNDA:0,(anonymous_7)
FNDA:0,(anonymous_8)
FNDA:9,(anonymous_9)
FNDA:7,(anonymous_10)
FNDA:7,(anonymous_11)
DA:6,1
DA:29,23
DA:32,23
DA:33,23
DA:43,23
DA:45,1
DA:46,1
DA:49,1
DA:52,1
DA:53,1
DA:58,23
DA:60,23
DA:61,6
DA:63,6
DA:66,5
DA:69,1
DA:70,1
DA:71,1
DA:76,23
DA:77,0
DA:78,0
DA:81,23
DA:83,0
DA:88,23
DA:90,0
DA:95,23
DA:96,0
DA:100,23
DA:101,9
DA:102,4
DA:107,23
DA:108,7
DA:109,7
DA:110,1
DA:115,23
LF:35
LH:30
BRDA:63,0,0,5
BRDA:63,0,1,1
BRDA:101,1,0,4
BRDA:101,1,1,5
BRDA:109,2,0,1
BRDA:109,2,1,6
BRDA:122,3,0,23
BRDA:122,3,1,21
BRF:8
BRH:8
end_of_record
TN:
SF:hooks/use-ar-session.ts
FN:38,useARSession
FN:47,(anonymous_1)
FN:51,(anonymous_2)
FN:60,(anonymous_3)
FN:61,(anonymous_4)
FN:68,(anonymous_5)
FN:69,(anonymous_6)
FN:73,(anonymous_7)
FN:79,(anonymous_8)
FN:89,(anonymous_9)
FN:90,(anonymous_10)
FNF:11
FNH:11
FNDA:47,useARSession
FNDA:11,(anonymous_1)
FNDA:5,(anonymous_2)
FNDA:6,(anonymous_3)
FNDA:6,(anonymous_4)
FNDA:5,(anonymous_5)
FNDA:5,(anonymous_6)
FNDA:2,(anonymous_7)
FNDA:41,(anonymous_8)
FNDA:15,(anonymous_9)
FNDA:15,(anonymous_10)
DA:39,47
DA:41,47
DA:42,47
DA:45,47
DA:47,47
DA:48,11
DA:51,47
DA:52,5
DA:60,47
DA:61,6
DA:68,47
DA:69,5
DA:73,47
DA:74,2
DA:75,2
DA:79,47
DA:80,41
DA:81,41
DA:82,41
DA:83,4
DA:89,47
DA:90,15
DA:91,15
DA:95,47
LF:24
LH:24
BRDA:61,0,0,6
BRDA:61,0,1,0
BRDA:69,1,0,4
BRDA:69,1,1,1
BRDA:82,2,0,4
BRDA:82,2,1,37
BRDA:82,3,0,41
BRDA:82,3,1,4
BRF:8
BRH:7
end_of_record
TN:
SF:hooks/use-audio-prayer.ts
FN:9,useAudioPrayer
FN:17,(anonymous_1)
FN:26,(anonymous_2)
FN:46,(anonymous_3)
FN:56,(anonymous_4)
FN:66,(anonymous_5)
FN:82,(anonymous_6)
FN:99,(anonymous_7)
FN:100,(anonymous_8)
FNF:9
FNH:7
FNDA:1,useAudioPrayer
FNDA:0,(anonymous_1)
FNDA:0,(anonymous_2)
FNDA:1,(anonymous_3)
FNDA:1,(anonymous_4)
FNDA:1,(anonymous_5)
FNDA:1,(anonymous_6)
FNDA:1,(anonymous_7)
FNDA:1,(anonymous_8)
DA:6,1
DA:7,1
DA:10,1
DA:12,1
DA:13,1
DA:14,1
DA:15,1
DA:17,1
DA:18,0
DA:19,0
DA:26,1
DA:27,0
DA:28,0
DA:29,0
DA:30,0
DA:32,0
DA:34,0
DA:35,0
DA:46,1
DA:47,1
DA:48,1
DA:50,0
DA:51,0
DA:56,1
DA:57,1
DA:58,1
DA:60,0
DA:61,0
DA:66,1
DA:67,1
DA:69,1
DA:70,1
DA:71,0
DA:73,1
DA:75,0
DA:76,0
DA:82,1
DA:83,1
DA:84,0
DA:86,1
DA:87,0
DA:99,1
DA:100,1
DA:101,1
DA:102,1
DA:106,1
LF:46
LH:28
BRDA:18,0,0,0
BRDA:18,0,1,0
BRDA:20,1,0,0
BRDA:20,1,1,0
BRDA:20,1,2,0
BRDA:27,2,0,0
BRDA:27,2,1,0
BRDA:29,3,0,0
BRDA:29,3,1,0
BRDA:29,4,0,0
BRDA:29,4,1,0
BRDA:34,5,0,0
BRDA:34,5,1,0
BRDA:50,6,0,0
BRDA:50,6,1,0
BRDA:60,7,0,0
BRDA:60,7,1,0
BRDA:67,8,0,0
BRDA:67,8,1,1
BRDA:70,9,0,0
BRDA:70,9,1,1
BRDA:75,10,0,0
BRDA:75,10,1,0
BRDA:83,11,0,0
BRDA:83,11,1,1
BRDA:83,12,0,1
BRDA:83,12,1,1
BRDA:86,13,0,0
BRDA:86,13,1,1
BRDA:86,14,0,1
BRDA:86,14,1,0
BRF:31
BRH:7
end_of_record
TN:
SF:hooks/use-buddhist-prayer-store.ts
FN:76,(anonymous_0)
FN:104,(anonymous_1)
FN:107,(anonymous_2)
FN:109,(anonymous_3)
FN:111,(anonymous_4)
FN:113,(anonymous_5)
FN:115,(anonymous_6)
FN:118,(anonymous_7)
FN:121,(anonymous_8)
FN:136,(anonymous_9)
FN:138,(anonymous_10)
FN:140,(anonymous_11)
FN:142,(anonymous_12)
FN:145,(anonymous_13)
FN:147,(anonymous_14)
FN:148,(anonymous_15)
FN:152,(anonymous_16)
FN:153,(anonymous_17)
FN:159,(anonymous_18)
FN:159,(anonymous_19)
FN:161,(anonymous_20)
FN:163,(anonymous_21)
FN:163,(anonymous_22)
FN:165,(anonymous_23)
FN:165,(anonymous_24)
FN:167,(anonymous_25)
FN:167,(anonymous_26)
FN:169,(anonymous_27)
FN:169,(anonymous_28)
FN:171,(anonymous_29)
FN:173,(anonymous_30)
FN:175,(anonymous_31)
FN:177,(anonymous_32)
FN:181,(anonymous_33)
FNF:34
FNH:20
FNDA:2,(anonymous_0)
FNDA:4,(anonymous_1)
FNDA:8,(anonymous_2)
FNDA:4,(anonymous_3)
FNDA:2,(anonymous_4)
FNDA:2,(anonymous_5)
FNDA:2,(anonymous_6)
FNDA:1,(anonymous_7)
FNDA:2,(anonymous_8)
FNDA:2,(anonymous_9)
FNDA:0,(anonymous_10)
FNDA:0,(anonymous_11)
FNDA:2,(anonymous_12)
FNDA:17,(anonymous_13)
FNDA:2,(anonymous_14)
FNDA:2,(anonymous_15)
FNDA:0,(anonymous_16)
FNDA:0,(anonymous_17)
FNDA:0,(anonymous_18)
FNDA:0,(anonymous_19)
FNDA:0,(anonymous_20)
FNDA:0,(anonymous_21)
FNDA:0,(anonymous_22)
FNDA:0,(anonymous_23)
FNDA:0,(anonymous_24)
FNDA:0,(anonymous_25)
FNDA:0,(anonymous_26)
FNDA:1,(anonymous_27)
FNDA:1,(anonymous_28)
FNDA:0,(anonymous_29)
FNDA:2,(anonymous_30)
FNDA:8,(anonymous_31)
FNDA:1,(anonymous_32)
FNDA:4,(anonymous_33)
DA:76,4
DA:78,4
DA:102,4
DA:104,4
DA:107,8
DA:109,4
DA:111,2
DA:113,2
DA:116,2
DA:119,1
DA:122,2
DA:136,2
DA:138,0
DA:140,0
DA:143,2
DA:145,17
DA:148,2
DA:153,0
DA:159,0
DA:161,0
DA:163,0
DA:165,0
DA:167,0
DA:169,1
DA:171,0
DA:173,2
DA:175,8
DA:177,1
DA:181,4
LF:29
LH:20
BRDA:121,0,0,1
BRDA:124,1,0,2
BRDA:124,1,1,0
BRF:3
BRH:2
end_of_record
TN:
SF:hooks/use-christian-prayer-auto-advance.ts
FN:11,useChristianPrayerAutoAdvance
FN:20,(anonymous_1)
FN:29,(anonymous_2)
FN:33,(anonymous_3)
FNF:4
FNH:4
FNDA:2,useChristianPrayerAutoAdvance
FNDA:2,(anonymous_1)
FNDA:1,(anonymous_2)
FNDA:1,(anonymous_3)
DA:18,2
DA:20,2
DA:21,2
DA:22,0
DA:25,2
DA:26,1
DA:29,1
DA:30,1
DA:33,1
DA:34,1
DA:35,1
LF:11
LH:10
BRDA:21,0,0,0
BRDA:21,0,1,2
BRDA:25,1,0,1
BRDA:25,1,1,1
BRDA:25,2,0,2
BRDA:25,2,1,1
BRDA:34,3,0,1
BRDA:34,3,1,0
BRF:8
BRH:6
end_of_record
TN:
SF:hooks/use-christian-prayer-store.ts
FNF:0
FNH:0
LF:0
LH:0
BRF:0
BRH:0
end_of_record
TN:
SF:hooks/use-color-scheme.ts
FNF:0
FNH:0
LF:0
LH:0
BRF:0
BRH:0
end_of_record
TN:
SF:hooks/use-deferred-native-mount.ts
FN:11,useDeferredNativeMount
FN:17,(anonymous_1)
FN:26,(anonymous_2)
FN:30,(anonymous_3)
FNF:4
FNH:0
FNDA:0,useDeferredNativeMount
FNDA:0,(anonymous_1)
FNDA:0,(anonymous_2)
FNDA:0,(anonymous_3)
DA:9,2
DA:14,0
DA:15,0
DA:17,0
DA:18,0
DA:20,0
DA:22,0
DA:23,0
DA:26,0
DA:27,0
DA:30,0
DA:31,0
DA:35,0
LF:13
LH:1
BRDA:12,0,0,0
BRDA:14,1,0,0
BRDA:14,2,0,0
BRDA:15,3,0,0
BRDA:15,3,1,0
BRDA:18,4,0,0
BRDA:18,4,1,0
BRDA:22,5,0,0
BRDA:22,5,1,0
BRF:9
BRH:0
end_of_record
TN:
SF:hooks/use-islamic-session-analytics.ts
FN:33,useIslamicSessionAnalytics
FN:40,(anonymous_1)
FNF:2
FNH:2
FNDA:47,useIslamicSessionAnalytics
FNDA:77,(anonymous_1)
DA:39,47
DA:53,77
LF:2
LH:2
BRDA:36,0,0,0
BRDA:42,1,0,12
BRDA:43,2,0,68
BRDA:44,3,0,37
BRDA:45,4,0,37
BRDA:46,5,0,37
BRDA:47,6,0,56
BRDA:48,7,0,73
BRDA:49,8,0,73
BRF:9
BRH:8
end_of_record
TN:
SF:hooks/use-qibla-alignment.ts
FN:33,normalizeDegrees
FN:37,shortestSignedAngle
FN:41,getAlignmentState
FN:59,useQiblaAlignment
FN:85,(anonymous_4)
FN:92,(anonymous_5)
FN:124,(anonymous_6)
FN:158,(anonymous_7)
FN:173,(anonymous_8)
FN:180,(anonymous_9)
FN:187,(anonymous_10)
FN:202,(anonymous_11)
FN:208,(anonymous_12)
FN:212,(anonymous_13)
FN:217,(anonymous_14)
FN:222,(anonymous_15)
FN:234,(anonymous_16)
FN:246,(anonymous_17)
FN:250,(anonymous_18)
FN:278,(anonymous_19)
FN:283,(anonymous_20)
FN:284,(anonymous_21)
FN:326,(anonymous_22)
FN:333,(anonymous_23)
FN:383,(anonymous_24)
FN:425,(anonymous_25)
FN:433,(anonymous_26)
FN:434,(anonymous_27)
FNF:28
FNH:22
FNDA:5,normalizeDegrees
FNDA:2,shortestSignedAngle
FNDA:2,getAlignmentState
FNDA:13,useQiblaAlignment
FNDA:3,(anonymous_4)
FNDA:5,(anonymous_5)
FNDA:0,(anonymous_6)
FNDA:2,(anonymous_7)
FNDA:0,(anonymous_8)
FNDA:0,(anonymous_9)
FNDA:5,(anonymous_10)
FNDA:5,(anonymous_11)
FNDA:5,(anonymous_12)
FNDA:5,(anonymous_13)
FNDA:5,(anonymous_14)
FNDA:5,(anonymous_15)
FNDA:3,(anonymous_16)
FNDA:3,(anonymous_17)
FNDA:3,(anonymous_18)
FNDA:3,(anonymous_19)
FNDA:3,(anonymous_20)
FNDA:3,(anonymous_21)
FNDA:3,(anonymous_22)
FNDA:1,(anonymous_23)
FNDA:1,(anonymous_24)
FNDA:0,(anonymous_25)
FNDA:0,(anonymous_26)
FNDA:0,(anonymous_27)
DA:27,1
DA:28,1
DA:29,1
DA:30,1
DA:31,1
DA:34,5
DA:38,2
DA:42,2
DA:43,0
DA:44,0
DA:45,0
DA:48,2
DA:49,0
DA:50,0
DA:51,0
DA:54,2
DA:55,2
DA:56,2
DA:60,13
DA:62,13
DA:63,13
DA:64,13
DA:66,13
DA:68,13
DA:69,13
DA:71,13
DA:72,13
DA:73,13
DA:74,13
DA:75,13
DA:76,13
DA:78,13
DA:79,13
DA:80,13
DA:81,13
DA:82,13
DA:83,13
DA:85,13
DA:86,3
DA:87,3
DA:88,3
DA:91,13
DA:96,5
DA:97,5
DA:98,5
DA:99,5
DA:100,5
DA:101,5
DA:109,5
DA:110,3
DA:111,3
DA:117,2
DA:123,13
DA:125,0
DA:126,0
DA:130,0
DA:134,0
DA:138,0
DA:139,0
DA:141,0
DA:142,0
DA:143,0
DA:144,0
DA:145,0
DA:146,0
DA:153,0
DA:158,13
DA:159,2
DA:162,2
DA:163,2
DA:165,2
DA:166,2
DA:168,2
DA:169,2
DA:170,2
DA:172,2
DA:173,2
DA:174,0
DA:177,0
DA:179,0
DA:180,0
DA:181,0
DA:182,0
DA:187,13
DA:188,5
DA:189,2
DA:192,3
DA:193,0
DA:199,3
DA:202,13
DA:203,5
DA:204,2
DA:207,13
DA:208,5
DA:212,13
DA:213,5
DA:214,2
DA:217,13
DA:218,5
DA:219,2
DA:222,13
DA:223,5
DA:224,3
DA:225,3
DA:226,3
DA:229,2
DA:230,2
DA:231,2
DA:234,13
DA:235,3
DA:236,0
DA:237,0
DA:238,0
DA:241,3
DA:242,3
DA:246,13
DA:247,3
DA:248,3
DA:250,3
DA:251,3
DA:252,3
DA:253,3
DA:255,0
DA:256,0
DA:262,0
DA:265,0
DA:276,3
DA:278,3
DA:279,3
DA:283,13
DA:284,3
DA:285,3
DA:286,3
DA:287,3
DA:288,3
DA:289,3
DA:290,3
DA:292,3
DA:293,3
DA:294,3
DA:297,0
DA:298,0
DA:299,0
DA:301,0
DA:311,0
DA:318,3
DA:319,3
DA:324,3
DA:326,3
DA:327,3
DA:328,3
DA:329,3
DA:333,13
DA:334,1
DA:335,1
DA:336,1
DA:337,1
DA:338,1
DA:339,1
DA:340,0
DA:343,1
DA:345,1
DA:346,0
DA:349,1
DA:350,1
DA:351,1
DA:353,0
DA:362,1
DA:364,0
DA:369,0
DA:376,1
DA:377,1
DA:382,13
DA:384,1
DA:385,1
DA:386,1
DA:387,0
DA:390,1
DA:391,1
DA:392,1
DA:393,1
DA:394,1
DA:396,0
DA:406,1
DA:408,0
DA:414,0
DA:425,13
DA:426,0
DA:427,0
DA:428,0
DA:429,0
DA:430,0
DA:433,13
DA:434,0
DA:437,13
LF:195
LH:142
BRDA:42,0,0,0
BRDA:42,0,1,2
BRDA:43,1,0,0
BRDA:43,1,1,0
BRDA:44,2,0,0
BRDA:44,2,1,0
BRDA:48,3,0,0
BRDA:48,3,1,2
BRDA:49,4,0,0
BRDA:49,4,1,0
BRDA:50,5,0,0
BRDA:50,5,1,0
BRDA:54,6,0,0
BRDA:54,6,1,2
BRDA:55,7,0,0
BRDA:55,7,1,2
BRDA:109,8,0,3
BRDA:109,8,1,2
BRDA:112,9,0,2
BRDA:112,9,1,1
BRDA:125,10,0,0
BRDA:125,10,1,0
BRDA:130,11,0,0
BRDA:130,11,1,0
BRDA:130,11,2,0
BRDA:134,12,0,0
BRDA:134,12,1,0
BRDA:136,13,0,0
BRDA:136,13,1,0
BRDA:162,14,0,0
BRDA:162,14,1,2
BRDA:166,15,0,0
BRDA:166,15,1,2
BRDA:168,16,0,2
BRDA:168,16,1,0
BRDA:174,17,0,0
BRDA:174,17,1,0
BRDA:177,18,0,0
BRDA:177,18,1,0
BRDA:188,19,0,2
BRDA:188,19,1,3
BRDA:192,20,0,0
BRDA:192,20,1,3
BRDA:203,21,0,3
BRDA:203,21,1,2
BRDA:213,22,0,3
BRDA:213,22,1,2
BRDA:218,23,0,3
BRDA:218,23,1,2
BRDA:223,24,0,3
BRDA:223,24,1,2
BRDA:235,25,0,0
BRDA:235,25,1,3
BRDA:235,26,0,3
BRDA:235,26,1,0
BRDA:241,27,0,3
BRDA:241,27,1,0
BRDA:253,28,0,3
BRDA:253,28,1,0
BRDA:253,29,0,3
BRDA:253,29,1,0
BRDA:256,30,0,0
BRDA:256,30,1,0
BRDA:257,31,0,0
BRDA:257,31,1,0
BRDA:257,31,2,0
BRDA:257,31,3,0
BRDA:290,32,0,0
BRDA:290,32,1,3
BRDA:293,33,0,3
BRDA:293,33,1,0
BRDA:304,34,0,0
BRDA:304,34,1,0
BRDA:314,35,0,0
BRDA:314,35,1,0
BRDA:318,36,0,3
BRDA:318,36,1,0
BRDA:339,37,0,0
BRDA:339,37,1,1
BRDA:345,38,0,0
BRDA:345,38,1,1
BRDA:356,39,0,0
BRDA:356,39,1,0
BRDA:366,40,0,0
BRDA:366,40,1,0
BRDA:376,41,0,1
BRDA:376,41,1,0
BRDA:383,42,0,0
BRDA:386,43,0,0
BRDA:386,43,1,1
BRDA:391,44,0,1
BRDA:391,44,1,0
BRDA:399,45,0,0
BRDA:399,45,1,0
BRDA:411,46,0,0
BRDA:411,46,1,0
BRDA:428,47,0,0
BRDA:428,47,1,0
BRF:98
BRH:35
end_of_record
TN:
SF:hooks/use-reduced-motion.ts
FN:8,useReducedMotion
FN:11,(anonymous_1)
FN:14,(anonymous_2)
FN:22,(anonymous_3)
FN:29,(anonymous_4)
FNF:5
FNH:4
FNDA:12,useReducedMotion
FNDA:3,(anonymous_1)
FNDA:3,(anonymous_2)
FNDA:0,(anonymous_3)
FNDA:3,(anonymous_4)
DA:9,12
DA:11,12
DA:12,3
DA:14,3
DA:15,3
DA:16,3
DA:20,3
DA:22,0
DA:24,3
DA:29,3
DA:30,3
DA:31,3
DA:35,12
LF:13
LH:12
BRDA:15,0,0,3
BRDA:15,0,1,0
BRF:2
BRH:1
end_of_record
TN:
SF:hooks/use-safe-camera-permissions.ts
FN:45,useSafeCameraPermissions
FN:60,(anonymous_1)
FN:74,(anonymous_2)
FN:83,(anonymous_3)
FN:86,(anonymous_4)
FN:97,(anonymous_5)
FN:110,(anonymous_6)
FN:113,(anonymous_7)
FN:139,(anonymous_8)
FN:144,(anonymous_9)
FN:145,(anonymous_10)
FN:151,(anonymous_11)
FN:176,(anonymous_12)
FNF:13
FNH:0
FNDA:0,useSafeCameraPermissions
FNDA:0,(anonymous_1)
FNDA:0,(anonymous_2)
FNDA:0,(anonymous_3)
FNDA:0,(anonymous_4)
FNDA:0,(anonymous_5)
FNDA:0,(anonymous_6)
FNDA:0,(anonymous_7)
FNDA:0,(anonymous_8)
FNDA:0,(anonymous_9)
FNDA:0,(anonymous_10)
FNDA:0,(anonymous_11)
FNDA:0,(anonymous_12)
DA:38,2
DA:46,0
DA:47,0
DA:48,0
DA:52,0
DA:53,0
DA:56,0
DA:57,0
DA:59,0
DA:61,0
DA:62,0
DA:63,0
DA:74,0
DA:75,0
DA:76,0
DA:79,0
DA:80,0
DA:83,0
DA:84,0
DA:85,0
DA:87,0
DA:88,0
DA:93,0
DA:95,0
DA:98,0
DA:104,0
DA:107,0
DA:110,0
DA:111,0
DA:113,0
DA:114,0
DA:115,0
DA:116,0
DA:119,0
DA:120,0
DA:121,0
DA:122,0
DA:123,0
DA:126,0
DA:127,0
DA:137,0
DA:139,0
DA:140,0
DA:144,0
DA:145,0
DA:146,0
DA:150,0
DA:152,0
DA:153,0
DA:154,0
DA:157,0
DA:158,0
DA:159,0
DA:160,0
DA:161,0
DA:163,0
DA:165,0
DA:170,0
DA:176,0
DA:177,0
DA:178,0
DA:179,0
DA:180,0
DA:181,0
DA:182,0
DA:183,0
DA:185,0
DA:188,0
DA:189,0
DA:190,0
DA:191,0
DA:192,0
DA:194,0
DA:196,0
DA:201,0
DA:203,0
DA:204,0
DA:209,0
LF:78
LH:1
BRDA:65,0,0,0
BRDA:65,0,1,0
BRDA:66,1,0,0
BRDA:66,1,1,0
BRDA:75,2,0,0
BRDA:75,2,1,0
BRDA:84,3,0,0
BRDA:84,3,1,0
BRDA:88,4,0,0
BRDA:88,4,1,0
BRDA:89,5,0,0
BRDA:89,5,1,0
BRDA:89,5,2,0
BRDA:101,6,0,0
BRDA:101,6,1,0
BRDA:115,7,0,0
BRDA:115,7,1,0
BRDA:121,8,0,0
BRDA:121,8,1,0
BRDA:126,9,0,0
BRDA:126,9,1,0
BRDA:130,10,0,0
BRDA:130,10,1,0
BRDA:151,11,0,0
BRDA:153,12,0,0
BRDA:153,12,1,0
BRDA:159,13,0,0
BRDA:159,13,1,0
BRDA:167,14,0,0
BRDA:167,14,1,0
BRDA:181,15,0,0
BRDA:181,15,1,0
BRDA:182,16,0,0
BRDA:182,16,1,0
BRDA:190,17,0,0
BRDA:190,17,1,0
BRDA:198,18,0,0
BRDA:198,18,1,0
BRDA:203,19,0,0
BRDA:203,19,1,0
BRF:40
BRH:0
end_of_record
TN:
SF:hooks/use-theme-color.ts
FN:9,useThemeColor
FNF:1
FNH:1
FNDA:115,useThemeColor
DA:13,115
DA:14,115
LF:2
LH:2
BRDA:13,0,0,115
BRDA:13,0,1,0
BRDA:14,1,0,115
BRDA:14,1,1,115
BRF:4
BRH:3
end_of_record
TN:
SF:lib/buddhist-prayer-home.ts
FN:21,resolveARChantSlug
FN:29,getARIntroRoute
FN:40,getStandardPreparationRoute
FN:51,getQuickActionRoute
FN:73,getCategoryRoute
FN:88,getHomeSessionCardState
FNF:6
FNH:5
FNDA:5,resolveARChantSlug
FNDA:2,getARIntroRoute
FNDA:0,getStandardPreparationRoute
FNDA:3,getQuickActionRoute
FNDA:1,getCategoryRoute
FNDA:3,getHomeSessionCardState
DA:22,5
DA:23,2
DA:26,3
DA:30,2
DA:32,2
DA:41,0
DA:43,0
DA:55,3
DA:57,1
DA:59,0
DA:61,1
DA:66,1
DA:74,1
DA:95,3
DA:96,0
DA:99,3
DA:100,1
DA:114,2
DA:115,2
DA:117,2
DA:132,0
LF:21
LH:16
BRDA:22,0,0,2
BRDA:22,0,1,3
BRDA:22,1,0,5
BRDA:22,1,1,3
BRDA:26,2,0,3
BRDA:26,2,1,0
BRDA:32,3,0,2
BRDA:32,3,1,0
BRDA:41,4,0,0
BRDA:41,4,1,0
BRDA:41,5,0,0
BRDA:41,5,1,0
BRDA:43,6,0,0
BRDA:43,6,1,0
BRDA:55,7,0,1
BRDA:55,7,1,0
BRDA:55,7,2,1
BRDA:55,7,3,1
BRDA:95,8,0,0
BRDA:95,8,1,3
BRDA:99,9,0,1
BRDA:99,9,1,2
BRDA:114,10,0,2
BRDA:114,10,1,0
BRDA:125,11,0,1
BRDA:125,11,1,1
BRF:26
BRH:15
end_of_record
TN:
SF:lib/chant-helpers.ts
FN:4,getChantBySlug
FN:5,(anonymous_1)
FN:8,getChantById
FN:9,(anonymous_3)
FN:12,getNextVerse
FN:17,getPreviousVerse
FN:22,calculateSessionProgress
FN:27,formatDuration
FN:35,getChantsByCategory
FN:36,(anonymous_9)
FN:41,getFeaturedChants
FN:42,(anonymous_11)
FNF:12
FNH:3
FNDA:5,getChantBySlug
FNDA:17,(anonymous_1)
FNDA:0,getChantById
FNDA:0,(anonymous_3)
FNDA:0,getNextVerse
FNDA:0,getPreviousVerse
FNDA:0,calculateSessionProgress
FNDA:2,formatDuration
FNDA:0,getChantsByCategory
FNDA:0,(anonymous_9)
FNDA:0,getFeaturedChants
FNDA:0,(anonymous_11)
DA:5,17
DA:9,0
DA:13,0
DA:14,0
DA:18,0
DA:19,0
DA:23,0
DA:24,0
DA:28,2
DA:29,2
DA:30,2
DA:31,2
DA:32,0
DA:36,0
DA:39,6
DA:42,0
LF:16
LH:6
BRDA:13,0,0,0
BRDA:13,0,1,0
BRDA:14,1,0,0
BRDA:14,1,1,0
BRDA:18,2,0,0
BRDA:18,2,1,0
BRDA:19,3,0,0
BRDA:19,3,1,0
BRDA:23,4,0,0
BRDA:23,4,1,0
BRDA:30,5,0,0
BRDA:30,5,1,2
BRDA:31,6,0,2
BRDA:31,6,1,0
BRF:14
BRH:2
end_of_record
TN:
SF:lib/christian-prayer-home.ts
FN:28,getChristianHomeSessionCardState
FNF:1
FNH:1
FNDA:3,getChristianHomeSessionCardState
DA:35,3
DA:36,1
DA:39,2
DA:41,2
DA:42,1
DA:53,1
DA:54,1
DA:65,0
LF:8
LH:7
BRDA:35,0,0,1
BRDA:35,0,1,2
BRDA:41,1,0,1
BRDA:41,1,1,1
BRDA:53,2,0,1
BRDA:53,2,1,0
BRDA:57,3,0,0
BRDA:57,3,1,1
BRDA:60,4,0,0
BRDA:60,4,1,1
BRF:10
BRH:7
end_of_record
TN:
SF:lib/islam-prayer-completion.ts
FN:14,getDefaultCompletionState
FN:24,getLocalDateKey
FN:31,pruneOldCompletions
FN:35,(anonymous_3)
FN:38,loadPrayerCompletions
FN:53,savePrayerCompletions
FN:57,markPrayerComplete
FN:61,(anonymous_7)
FN:78,(anonymous_8)
FNF:9
FNH:8
FNDA:8,getDefaultCompletionState
FNDA:6,getLocalDateKey
FNDA:2,pruneOldCompletions
FNDA:2,(anonymous_3)
FNDA:4,loadPrayerCompletions
FNDA:6,savePrayerCompletions
FNDA:4,markPrayerComplete
FNDA:4,(anonymous_7)
FNDA:0,(anonymous_8)
DA:5,1
DA:7,1
DA:12,1
DA:15,8
DA:25,6
DA:26,6
DA:27,6
DA:28,6
DA:32,2
DA:33,2
DA:34,2
DA:35,2
DA:39,4
DA:40,4
DA:41,4
DA:42,2
DA:43,2
DA:44,2
DA:45,2
DA:47,2
DA:49,0
DA:54,6
DA:61,4
DA:62,4
DA:63,4
DA:64,4
DA:65,4
DA:73,4
DA:74,4
DA:77,4
DA:78,4
DA:79,4
LF:32
LH:31
BRDA:41,0,0,2
BRDA:41,0,1,2
BRDA:44,1,0,2
BRDA:44,1,1,0
BRDA:59,2,0,0
BRDA:64,3,0,4
BRDA:64,3,1,4
BRF:7
BRH:5
end_of_record
TN:
SF:lib/islam-prayer-location.ts
FNF:0
FNH:0
DA:8,1
DA:10,1
LF:2
LH:2
BRF:0
BRH:0
end_of_record
TN:
SF:lib/islamic-prayer-chant-track.ts
FN:52,resolveIslamicPrayerChantTrack
FNF:1
FNH:1
FNDA:3,resolveIslamicPrayerChantTrack
DA:10,1
DA:12,1
DA:45,1
DA:55,3
DA:56,1
DA:59,2
LF:6
LH:6
BRDA:55,0,0,1
BRDA:55,0,1,2
BRDA:59,1,0,2
BRDA:59,1,1,0
BRF:4
BRH:3
end_of_record
TN:
SF:lib/islamic-session-analytics.ts
FN:103,inferFunnelStep
FN:134,normalizeMetricValue
FN:142,parseJson
FN:157,createIslamicPrayerSessionId
FN:161,buildIslamicSessionAnalyticsPayload
FN:191,loadIslamicSessionAnalyticsEvents
FN:196,appendIslamicSessionAnalyticsEvent
FN:199,(anonymous_7)
FN:207,(anonymous_8)
FN:208,(anonymous_9)
FN:214,trackIslamicSessionAnalyticsEvent
FNF:11
FNH:10
FNDA:81,inferFunnelStep
FNDA:162,normalizeMetricValue
FNDA:135,parseJson
FNDA:16,createIslamicPrayerSessionId
FNDA:81,buildIslamicSessionAnalyticsPayload
FNDA:135,loadIslamicSessionAnalyticsEvents
FNDA:79,appendIslamicSessionAnalyticsEvent
FNDA:79,(anonymous_7)
FNDA:79,(anonymous_8)
FNDA:0,(anonymous_9)
FNDA:79,trackIslamicSessionAnalyticsEvent
DA:5,6
DA:6,6
DA:104,81
DA:106,13
DA:113,18
DA:119,25
DA:123,13
DA:127,8
DA:130,4
DA:135,162
DA:136,136
DA:139,26
DA:143,135
DA:144,27
DA:147,108
DA:148,108
DA:149,108
DA:151,0
DA:155,6
DA:158,16
DA:174,81
DA:192,135
DA:193,135
DA:199,79
DA:200,79
DA:201,79
DA:202,79
DA:203,79
DA:206,79
DA:207,79
DA:208,0
DA:211,79
DA:229,79
DA:230,79
DA:251,79
LF:35
LH:33
BRDA:104,0,0,13
BRDA:104,0,1,4
BRDA:104,0,2,5
BRDA:104,0,3,13
BRDA:104,0,4,13
BRDA:104,0,5,17
BRDA:104,0,6,18
BRDA:104,0,7,12
BRDA:104,0,8,21
BRDA:104,0,9,21
BRDA:104,0,10,24
BRDA:104,0,11,25
BRDA:104,0,12,8
BRDA:104,0,13,11
BRDA:104,0,14,13
BRDA:104,0,15,3
BRDA:104,0,16,6
BRDA:104,0,17,8
BRDA:104,0,18,2
BRDA:104,0,19,4
BRDA:135,1,0,136
BRDA:135,1,1,26
BRDA:135,2,0,162
BRDA:135,2,1,26
BRDA:143,3,0,27
BRDA:143,3,1,108
BRDA:149,4,0,108
BRDA:149,4,1,0
BRDA:158,5,0,16
BRDA:158,5,1,0
BRDA:163,6,0,0
BRDA:164,7,0,0
BRDA:165,8,0,0
BRDA:166,9,0,2
BRDA:167,10,0,2
BRDA:168,11,0,2
BRDA:169,12,0,0
BRDA:170,13,0,1
BRDA:171,14,0,2
BRDA:218,15,0,0
BRDA:219,16,0,0
BRDA:220,17,0,2
BRDA:221,18,0,2
BRDA:222,19,0,2
BRDA:223,20,0,2
BRDA:224,21,0,1
BRDA:225,22,0,2
BRDA:226,23,0,2
BRDA:231,24,0,79
BRDA:231,24,1,2
BRF:50
BRH:42
end_of_record
TN:
SF:lib/prayer-times.ts
FN:19,getPrayerTimesForDate
FN:31,(anonymous_1)
FN:38,getNextPrayer
FN:39,(anonymous_3)
FN:42,getCurrentPrayerName
FN:66,formatTime
FNF:6
FNH:4
FNDA:2,getPrayerTimesForDate
FNDA:10,(anonymous_1)
FNDA:1,getNextPrayer
FNDA:1,(anonymous_3)
FNDA:0,getCurrentPrayerName
FNDA:0,formatTime
DA:11,1
DA:24,2
DA:25,2
DA:26,2
DA:28,2
DA:29,2
DA:31,10
DA:39,1
DA:43,0
DA:44,0
DA:47,0
DA:48,0
DA:49,0
DA:51,0
DA:52,0
DA:53,0
DA:55,0
DA:58,0
DA:59,0
DA:63,0
DA:67,0
LF:21
LH:8
BRDA:22,0,0,0
BRDA:38,1,0,0
BRDA:39,2,0,1
BRDA:39,2,1,0
BRDA:43,3,0,0
BRDA:43,3,1,0
BRDA:51,4,0,0
BRDA:51,4,1,0
BRDA:52,5,0,0
BRDA:52,5,1,0
BRDA:58,6,0,0
BRDA:58,6,1,0
BRDA:58,7,0,0
BRDA:58,7,1,0
BRF:14
BRH:1
end_of_record
TN:
SF:lib/qibla-permission-state.ts
FN:16,getQiblaPermissionFlowState
FNF:1
FNH:1
FNDA:5,getQiblaPermissionFlowState
DA:21,5
DA:22,0
DA:25,5
DA:26,0
DA:29,5
DA:30,2
DA:33,3
LF:7
LH:5
BRDA:21,0,0,0
BRDA:21,0,1,5
BRDA:25,1,0,0
BRDA:25,1,1,5
BRDA:25,2,0,5
BRDA:25,2,1,5
BRDA:29,3,0,2
BRDA:29,3,1,3
BRDA:33,4,0,2
BRDA:33,4,1,1
BRF:10
BRH:8
end_of_record
TN:
SF:lib/qibla.ts
FN:8,(anonymous_0)
FN:9,(anonymous_1)
FN:11,getQiblaBearing
FN:24,getDistanceToKaabaKm
FNF:4
FNH:4
FNDA:16,(anonymous_0)
FNDA:3,(anonymous_1)
FNDA:3,getQiblaBearing
FNDA:1,getDistanceToKaabaKm
DA:1,2
DA:6,2
DA:8,16
DA:9,3
DA:12,3
DA:13,3
DA:14,3
DA:15,3
DA:17,3
DA:18,3
DA:19,3
DA:21,3
DA:25,1
DA:26,1
DA:27,1
DA:28,1
DA:30,1
DA:31,1
DA:34,1
DA:37,1
DA:38,1
LF:21
LH:21
BRF:0
BRH:0
end_of_record
TN:
SF:lib/session-log.ts
FN:20,normalizeEntry
FN:32,parseEntries
FN:51,getSessionLogEntries
FN:56,addSessionLogEntry
FN:59,(anonymous_4)
FNF:5
FNH:0
FNDA:0,normalizeEntry
FNDA:0,parseEntries
FNDA:0,getSessionLogEntries
FNDA:0,addSessionLogEntry
FNDA:0,(anonymous_4)
DA:5,2
DA:21,0
DA:25,0
DA:33,0
DA:34,0
DA:37,0
DA:38,0
DA:39,0
DA:40,0
DA:43,0
DA:45,0
DA:49,2
DA:52,0
DA:53,0
DA:57,0
DA:59,0
DA:60,0
DA:61,0
DA:62,0
DA:63,0
DA:66,0
LF:21
LH:2
BRDA:21,0,0,0
BRDA:21,0,1,0
BRDA:28,1,0,0
BRDA:28,1,1,0
BRDA:33,2,0,0
BRDA:33,2,1,0
BRDA:39,3,0,0
BRDA:39,3,1,0
BRF:8
BRH:0
end_of_record
TN:
SF:lib/three-native.ts
FN:34,ensureNativeThreeEnvironment
FN:60,patchShaderPrecision
FN:71,(anonymous_2)
FN:87,patchPixelStorei
FN:98,(anonymous_4)
FN:114,createNativeCanvasRenderer
FNF:6
FNH:3
FNDA:1,ensureNativeThreeEnvironment
FNDA:0,patchShaderPrecision
FNDA:0,(anonymous_2)
FNDA:2,patchPixelStorei
FNDA:4,(anonymous_4)
FNDA:0,createNativeCanvasRenderer
DA:26,2
DA:32,2
DA:35,1
DA:36,0
DA:39,1
DA:42,1
DA:44,1
DA:45,0
DA:46,1
DA:50,0
DA:57,1
DA:61,0
DA:62,0
DA:65,0
DA:66,0
DA:69,0
DA:71,0
DA:72,0
DA:74,0
DA:79,0
DA:82,2
DA:88,2
DA:89,0
DA:92,2
DA:93,0
DA:96,2
DA:98,2
DA:99,4
DA:100,2
DA:103,2
DA:106,2
DA:111,2
DA:115,0
DA:117,0
DA:123,0
DA:132,0
DA:133,0
DA:136,0
LF:38
LH:18
BRDA:35,0,0,0
BRDA:35,0,1,1
BRDA:35,1,0,1
BRDA:35,1,1,1
BRDA:44,2,0,0
BRDA:44,2,1,1
BRDA:46,3,0,0
BRDA:46,3,1,1
BRDA:47,4,0,1
BRDA:47,4,1,1
BRDA:61,5,0,0
BRDA:61,5,1,0
BRDA:61,6,0,0
BRDA:61,6,1,0
BRDA:65,7,0,0
BRDA:65,7,1,0
BRDA:72,8,0,0
BRDA:72,8,1,0
BRDA:88,9,0,0
BRDA:88,9,1,2
BRDA:88,10,0,2
BRDA:88,10,1,2
BRDA:92,11,0,0
BRDA:92,11,1,2
BRDA:99,12,0,2
BRDA:99,12,1,2
BRDA:119,13,0,0
BRDA:119,13,1,0
BRDA:125,14,0,0
BRDA:125,14,1,0
BRDA:132,15,0,0
BRDA:132,15,1,0
BRF:32
BRH:13
end_of_record
